<?xml version="1.0" encoding="UTF-8"?>
<coverage generated="1595234541746" clover="3.2.0">
  <project timestamp="1595234541747" name="All files">
    <metrics statements="2973" coveredstatements="1" conditionals="3822" coveredconditionals="0" methods="859" coveredmethods="0" elements="7654" coveredelements="1" complexity="0" loc="2973" ncloc="2973" packages="20" files="40" classes="40"/>
    <package name="vue-template">
      <metrics statements="23" coveredstatements="0" conditionals="4" coveredconditionals="0" methods="0" coveredmethods="0"/>
      <file name="babel.config.js" path="/Users/debaozhang/gitlab/vue-template/babel.config.js">
        <metrics statements="1" coveredstatements="0" conditionals="0" coveredconditionals="0" methods="0" coveredmethods="0"/>
        <line num="1" count="0" type="stmt"/>
      </file>
      <file name="commitlint.config.js" path="/Users/debaozhang/gitlab/vue-template/commitlint.config.js">
        <metrics statements="1" coveredstatements="0" conditionals="0" coveredconditionals="0" methods="0" coveredmethods="0"/>
        <line num="1" count="0" type="stmt"/>
      </file>
      <file name="postcss.config.js" path="/Users/debaozhang/gitlab/vue-template/postcss.config.js">
        <metrics statements="1" coveredstatements="0" conditionals="0" coveredconditionals="0" methods="0" coveredmethods="0"/>
        <line num="1" count="0" type="stmt"/>
      </file>
      <file name="webpack.common.js" path="/Users/debaozhang/gitlab/vue-template/webpack.common.js">
        <metrics statements="6" coveredstatements="0" conditionals="4" coveredconditionals="0" methods="0" coveredmethods="0"/>
        <line num="2" count="0" type="stmt"/>
        <line num="3" count="0" type="stmt"/>
        <line num="4" count="0" type="stmt"/>
        <line num="5" count="0" type="stmt"/>
        <line num="6" count="0" type="stmt"/>
        <line num="7" count="0" type="stmt"/>
      </file>
      <file name="webpack.dev.js" path="/Users/debaozhang/gitlab/vue-template/webpack.dev.js">
        <metrics statements="5" coveredstatements="0" conditionals="0" coveredconditionals="0" methods="0" coveredmethods="0"/>
        <line num="2" count="0" type="stmt"/>
        <line num="3" count="0" type="stmt"/>
        <line num="4" count="0" type="stmt"/>
        <line num="5" count="0" type="stmt"/>
        <line num="6" count="0" type="stmt"/>
      </file>
      <file name="webpack.prod.js" path="/Users/debaozhang/gitlab/vue-template/webpack.prod.js">
        <metrics statements="9" coveredstatements="0" conditionals="0" coveredconditionals="0" methods="0" coveredmethods="0"/>
        <line num="2" count="0" type="stmt"/>
        <line num="3" count="0" type="stmt"/>
        <line num="4" count="0" type="stmt"/>
        <line num="5" count="0" type="stmt"/>
        <line num="6" count="0" type="stmt"/>
        <line num="7" count="0" type="stmt"/>
        <line num="8" count="0" type="stmt"/>
        <line num="9" count="0" type="stmt"/>
        <line num="10" count="0" type="stmt"/>
      </file>
    </package>
    <package name="vue-template.config">
      <metrics statements="10" coveredstatements="0" conditionals="6" coveredconditionals="0" methods="1" coveredmethods="0"/>
      <file name="common.js" path="/Users/debaozhang/gitlab/vue-template/config/common.js">
        <metrics statements="8" coveredstatements="0" conditionals="2" coveredconditionals="0" methods="1" coveredmethods="0"/>
        <line num="2" count="0" type="stmt"/>
        <line num="8" count="0" type="stmt"/>
        <line num="9" count="0" type="stmt"/>
        <line num="10" count="0" type="cond" truecount="0" falsecount="2"/>
        <line num="12" count="0" type="stmt"/>
        <line num="13" count="0" type="stmt"/>
        <line num="15" count="0" type="stmt"/>
        <line num="17" count="0" type="stmt"/>
      </file>
      <file name="dev.js" path="/Users/debaozhang/gitlab/vue-template/config/dev.js">
        <metrics statements="1" coveredstatements="0" conditionals="2" coveredconditionals="0" methods="0" coveredmethods="0"/>
        <line num="5" count="0" type="stmt"/>
      </file>
      <file name="prod.js" path="/Users/debaozhang/gitlab/vue-template/config/prod.js">
        <metrics statements="1" coveredstatements="0" conditionals="2" coveredconditionals="0" methods="0" coveredmethods="0"/>
        <line num="5" count="0" type="stmt"/>
      </file>
    </package>
    <package name="vue-template.coverage.lcov-report">
      <metrics statements="106" coveredstatements="0" conditionals="323" coveredconditionals="0" methods="52" coveredmethods="0"/>
      <file name="block-navigation.js" path="/Users/debaozhang/gitlab/vue-template/coverage/lcov-report/block-navigation.js">
        <metrics statements="28" coveredstatements="0" conditionals="15" coveredconditionals="0" methods="6" coveredmethods="0"/>
        <line num="2" count="0" type="stmt"/>
        <line num="4" count="0" type="stmt"/>
        <line num="7" count="0" type="stmt"/>
        <line num="10" count="0" type="stmt"/>
        <line num="14" count="0" type="stmt"/>
        <line num="20" count="0" type="stmt"/>
        <line num="25" count="0" type="stmt"/>
        <line num="28" count="0" type="stmt"/>
        <line num="32" count="0" type="stmt"/>
        <line num="33" count="0" type="stmt"/>
        <line num="34" count="0" type="stmt"/>
        <line num="42" count="0" type="stmt"/>
        <line num="43" count="0" type="cond" truecount="0" falsecount="4"/>
        <line num="44" count="0" type="stmt"/>
        <line num="45" count="0" type="cond" truecount="0" falsecount="2"/>
        <line num="46" count="0" type="stmt"/>
        <line num="49" count="0" type="stmt"/>
        <line num="53" count="0" type="stmt"/>
        <line num="55" count="0" type="cond" truecount="0" falsecount="2"/>
        <line num="59" count="0" type="stmt"/>
        <line num="62" count="0" type="stmt"/>
        <line num="65" count="0" type="stmt"/>
        <line num="66" count="0" type="cond" truecount="0" falsecount="5"/>
        <line num="69" count="0" type="stmt"/>
        <line num="70" count="0" type="stmt"/>
        <line num="74" count="0" type="stmt"/>
        <line num="75" count="0" type="stmt"/>
        <line num="79" count="0" type="stmt"/>
      </file>
      <file name="prettify.js" path="/Users/debaozhang/gitlab/vue-template/coverage/lcov-report/prettify.js">
        <metrics statements="1" coveredstatements="0" conditionals="286" coveredconditionals="0" methods="29" coveredmethods="0"/>
        <line num="2" count="0" type="cond" truecount="0" falsecount="286"/>
      </file>
      <file name="sorter.js" path="/Users/debaozhang/gitlab/vue-template/coverage/lcov-report/sorter.js">
        <metrics statements="77" coveredstatements="0" conditionals="22" coveredconditionals="0" methods="17" coveredmethods="0"/>
        <line num="2" count="0" type="stmt"/>
        <line num="5" count="0" type="stmt"/>
        <line num="12" count="0" type="stmt"/>
        <line num="16" count="0" type="stmt"/>
        <line num="20" count="0" type="stmt"/>
        <line num="24" count="0" type="stmt"/>
        <line num="29" count="0" type="stmt"/>
        <line num="31" count="0" type="stmt"/>
        <line num="35" count="0" type="stmt"/>
        <line num="36" count="0" type="stmt"/>
        <line num="37" count="0" type="stmt"/>
        <line num="42" count="0" type="stmt"/>
        <line num="43" count="0" type="cond" truecount="0" falsecount="2"/>
        <line num="44" count="0" type="stmt"/>
        <line num="45" count="0" type="stmt"/>
        <line num="49" count="0" type="stmt"/>
        <line num="54" count="0" type="stmt"/>
        <line num="57" count="0" type="stmt"/>
        <line num="60" count="0" type="stmt"/>
        <line num="61" count="0" type="stmt"/>
        <line num="62" count="0" type="stmt"/>
        <line num="63" count="0" type="stmt"/>
        <line num="64" count="0" type="cond" truecount="0" falsecount="2"/>
        <line num="65" count="0" type="stmt"/>
        <line num="67" count="0" type="stmt"/>
        <line num="69" count="0" type="stmt"/>
        <line num="73" count="0" type="stmt"/>
        <line num="76" count="0" type="stmt"/>
        <line num="77" count="0" type="stmt"/>
        <line num="82" count="0" type="stmt"/>
        <line num="83" count="0" type="stmt"/>
        <line num="84" count="0" type="stmt"/>
        <line num="85" count="0" type="stmt"/>
        <line num="86" count="0" type="cond" truecount="0" falsecount="4"/>
        <line num="88" count="0" type="stmt"/>
        <line num="89" count="0" type="stmt"/>
        <line num="90" count="0" type="stmt"/>
        <line num="91" count="0" type="stmt"/>
        <line num="94" count="0" type="cond" truecount="0" falsecount="2"/>
        <line num="95" count="0" type="stmt"/>
        <line num="96" count="0" type="stmt"/>
        <line num="100" count="0" type="stmt"/>
        <line num="101" count="0" type="stmt"/>
        <line num="102" count="0" type="stmt"/>
        <line num="105" count="0" type="stmt"/>
        <line num="107" count="0" type="stmt"/>
        <line num="108" count="0" type="stmt"/>
        <line num="113" count="0" type="stmt"/>
        <line num="114" count="0" type="stmt"/>
        <line num="116" count="0" type="stmt"/>
        <line num="117" count="0" type="stmt"/>
        <line num="121" count="0" type="cond" truecount="0" falsecount="2"/>
        <line num="129" count="0" type="stmt"/>
        <line num="130" count="0" type="stmt"/>
        <line num="132" count="0" type="stmt"/>
        <line num="133" count="0" type="stmt"/>
        <line num="135" count="0" type="cond" truecount="0" falsecount="2"/>
        <line num="136" count="0" type="stmt"/>
        <line num="138" count="0" type="stmt"/>
        <line num="139" count="0" type="stmt"/>
        <line num="140" count="0" type="stmt"/>
        <line num="141" count="0" type="stmt"/>
        <line num="142" count="0" type="stmt"/>
        <line num="145" count="0" type="stmt"/>
        <line num="146" count="0" type="cond" truecount="0" falsecount="2"/>
        <line num="149" count="0" type="stmt"/>
        <line num="150" count="0" type="cond" truecount="0" falsecount="2"/>
        <line num="151" count="0" type="stmt"/>
        <line num="153" count="0" type="stmt"/>
        <line num="159" count="0" type="stmt"/>
        <line num="160" count="0" type="cond" truecount="0" falsecount="2"/>
        <line num="161" count="0" type="stmt"/>
        <line num="163" count="0" type="stmt"/>
        <line num="164" count="0" type="stmt"/>
        <line num="165" count="0" type="stmt"/>
        <line num="166" count="0" type="stmt"/>
        <line num="170" count="0" type="stmt"/>
      </file>
    </package>
    <package name="vue-template.dist.webpack:.(webpack).buildin">
      <metrics statements="6" coveredstatements="0" conditionals="4" coveredconditionals="0" methods="2" coveredmethods="0"/>
      <file name="global.js" path="/Users/debaozhang/gitlab/vue-template/dist/webpack:/(webpack)/buildin/global.js">
        <metrics statements="6" coveredstatements="0" conditionals="4" coveredconditionals="0" methods="2" coveredmethods="0"/>
        <line num="4" count="0" type="stmt"/>
        <line num="5" count="0" type="stmt"/>
        <line num="8" count="0" type="stmt"/>
        <line num="10" count="0" type="cond" truecount="0" falsecount="2"/>
        <line num="13" count="0" type="cond" truecount="0" falsecount="2"/>
        <line num="20" count="0" type="stmt"/>
      </file>
    </package>
    <package name="vue-template.dist.webpack:.node_modules.process">
      <metrics statements="53" coveredstatements="0" conditionals="34" coveredconditionals="0" methods="17" coveredmethods="0"/>
      <file name="browser.js" path="/Users/debaozhang/gitlab/vue-template/dist/webpack:/node_modules/process/browser.js">
        <metrics statements="53" coveredstatements="0" conditionals="34" coveredconditionals="0" methods="17" coveredmethods="0"/>
        <line num="2" count="0" type="stmt"/>
        <line num="13" count="0" type="stmt"/>
        <line num="16" count="0" type="stmt"/>
        <line num="19" count="0" type="stmt"/>
        <line num="21" count="0" type="cond" truecount="0" falsecount="2"/>
        <line num="26" count="0" type="stmt"/>
        <line num="28" count="0" type="stmt"/>
        <line num="30" count="0" type="cond" truecount="0" falsecount="2"/>
        <line num="35" count="0" type="stmt"/>
        <line num="39" count="0" type="cond" truecount="0" falsecount="2"/>
        <line num="41" count="0" type="stmt"/>
        <line num="44" count="0" type="cond" truecount="0" falsecount="5"/>
        <line num="46" count="0" type="stmt"/>
        <line num="48" count="0" type="stmt"/>
        <line num="50" count="0" type="stmt"/>
        <line num="52" count="0" type="stmt"/>
        <line num="54" count="0" type="stmt"/>
        <line num="57" count="0" type="stmt"/>
        <line num="64" count="0" type="cond" truecount="0" falsecount="2"/>
        <line num="66" count="0" type="stmt"/>
        <line num="69" count="0" type="cond" truecount="0" falsecount="5"/>
        <line num="71" count="0" type="stmt"/>
        <line num="73" count="0" type="stmt"/>
        <line num="75" count="0" type="stmt"/>
        <line num="77" count="0" type="stmt"/>
        <line num="79" count="0" type="stmt"/>
        <line num="83" count="0" type="stmt"/>
        <line num="90" count="0" type="stmt"/>
        <line num="91" count="0" type="stmt"/>
        <line num="93" count="0" type="stmt"/>
        <line num="96" count="0" type="cond" truecount="0" falsecount="3"/>
        <line num="111" count="0" type="cond" truecount="0" falsecount="2"/>
        <line num="114" count="0" type="stmt"/>
        <line num="115" count="0" type="stmt"/>
        <line num="117" count="0" type="stmt"/>
        <line num="118" count="0" type="stmt"/>
        <line num="121" count="0" type="stmt"/>
        <line num="122" count="0" type="cond" truecount="0" falsecount="2"/>
        <line num="126" count="0" type="stmt"/>
        <line num="129" count="0" type="stmt"/>
        <line num="134" count="0" type="stmt"/>
        <line num="135" count="0" type="stmt"/>
        <line num="136" count="0" type="cond" truecount="0" falsecount="2"/>
        <line num="137" count="0" type="stmt"/>
        <line num="138" count="0" type="stmt"/>
        <line num="141" count="0" type="stmt"/>
        <line num="149" count="0" type="stmt"/>
        <line num="153" count="0" type="stmt"/>
        <line num="174" count="0" type="stmt"/>
        <line num="177" count="0" type="stmt"/>
        <line num="180" count="0" type="stmt"/>
        <line num="182" count="0" type="stmt"/>
        <line num="184" count="0" type="stmt"/>
      </file>
    </package>
    <package name="vue-template.dist.webpack:.node_modules.setimmediate">
      <metrics statements="48" coveredstatements="0" conditionals="43" coveredconditionals="0" methods="16" coveredmethods="0"/>
      <file name="setImmediate.js" path="/Users/debaozhang/gitlab/vue-template/dist/webpack:/node_modules/setimmediate/setImmediate.js">
        <metrics statements="48" coveredstatements="0" conditionals="43" coveredconditionals="0" methods="16" coveredmethods="0"/>
        <line num="1" count="0" type="stmt"/>
        <line num="4" count="0" type="cond" truecount="0" falsecount="2"/>
        <line num="8" count="0" type="stmt"/>
        <line num="9" count="0" type="stmt"/>
        <line num="10" count="0" type="stmt"/>
        <line num="11" count="0" type="stmt"/>
        <line num="16" count="0" type="cond" truecount="0" falsecount="2"/>
        <line num="20" count="0" type="stmt"/>
        <line num="21" count="0" type="stmt"/>
        <line num="22" count="0" type="stmt"/>
        <line num="25" count="0" type="stmt"/>
        <line num="28" count="0" type="stmt"/>
        <line num="31" count="0" type="stmt"/>
        <line num="36" count="0" type="stmt"/>
        <line num="37" count="0" type="stmt"/>
        <line num="38" count="0" type="stmt"/>
        <line num="40" count="0" type="stmt"/>
        <line num="41" count="0" type="stmt"/>
        <line num="43" count="0" type="stmt"/>
        <line num="44" count="0" type="stmt"/>
        <line num="46" count="0" type="stmt"/>
        <line num="47" count="0" type="stmt"/>
        <line num="49" count="0" type="stmt"/>
        <line num="50" count="0" type="stmt"/>
        <line num="52" count="0" type="stmt"/>
        <line num="60" count="0" type="cond" truecount="0" falsecount="2"/>
        <line num="63" count="0" type="stmt"/>
        <line num="65" count="0" type="stmt"/>
        <line num="66" count="0" type="cond" truecount="0" falsecount="2"/>
        <line num="67" count="0" type="stmt"/>
        <line num="68" count="0" type="stmt"/>
        <line num="71" count="0" type="stmt"/>
        <line num="80" count="0" type="stmt"/>
        <line num="87" count="0" type="cond" truecount="0" falsecount="4"/>
        <line num="88" count="0" type="stmt"/>
        <line num="89" count="0" type="stmt"/>
        <line num="91" count="0" type="stmt"/>
        <line num="95" count="0" type="stmt"/>
        <line num="106" count="0" type="cond" truecount="0" falsecount="4"/>
        <line num="120" count="0" type="stmt"/>
        <line num="128" count="0" type="stmt"/>
        <line num="132" count="0" type="stmt"/>
        <line num="141" count="0" type="stmt"/>
        <line num="142" count="0" type="stmt"/>
        <line num="143" count="0" type="stmt"/>
        <line num="154" count="0" type="stmt"/>
        <line num="159" count="0" type="cond" truecount="0" falsecount="2"/>
        <line num="160" count="0" type="cond" truecount="0" falsecount="4"/>
      </file>
    </package>
    <package name="vue-template.dist.webpack:.node_modules.timers-browserify">
      <metrics statements="14" coveredstatements="0" conditionals="23" coveredconditionals="0" methods="11" coveredmethods="0"/>
      <file name="main.js" path="/Users/debaozhang/gitlab/vue-template/dist/webpack:/node_modules/timers-browserify/main.js">
        <metrics statements="14" coveredstatements="0" conditionals="23" coveredconditionals="0" methods="11" coveredmethods="0"/>
        <line num="1" count="0" type="cond" truecount="0" falsecount="5"/>
        <line num="4" count="0" type="stmt"/>
        <line num="8" count="0" type="stmt"/>
        <line num="9" count="0" type="stmt"/>
        <line num="12" count="0" type="stmt"/>
        <line num="16" count="0" type="cond" truecount="0" falsecount="2"/>
        <line num="22" count="0" type="stmt"/>
        <line num="27" count="0" type="stmt"/>
        <line num="32" count="0" type="stmt"/>
        <line num="37" count="0" type="stmt"/>
        <line num="42" count="0" type="stmt"/>
        <line num="44" count="0" type="stmt"/>
        <line num="45" count="0" type="cond" truecount="0" falsecount="2"/>
        <line num="47" count="0" type="cond" truecount="0" falsecount="2"/>
      </file>
    </package>
    <package name="vue-template.dist.webpack:.node_modules.tslib">
      <metrics statements="10" coveredstatements="0" conditionals="27" coveredconditionals="0" methods="6" coveredmethods="0"/>
      <file name="tslib.es6.js" path="/Users/debaozhang/gitlab/vue-template/dist/webpack:/node_modules/tslib/tslib.es6.js">
        <metrics statements="10" coveredstatements="0" conditionals="27" coveredconditionals="0" methods="6" coveredmethods="0"/>
        <line num="17" count="0" type="stmt"/>
        <line num="19" count="0" type="stmt"/>
        <line num="20" count="0" type="cond" truecount="0" falsecount="2"/>
        <line num="21" count="0" type="stmt"/>
        <line num="25" count="0" type="stmt"/>
        <line num="26" count="0" type="stmt"/>
        <line num="54" count="0" type="cond" truecount="0" falsecount="4"/>
        <line num="55" count="0" type="cond" truecount="0" falsecount="4"/>
        <line num="56" count="0" type="cond" truecount="0" falsecount="8"/>
        <line num="57" count="0" type="cond" truecount="0" falsecount="3"/>
      </file>
    </package>
    <package name="vue-template.dist.webpack:.node_modules.vue-class-component.dist">
      <metrics statements="70" coveredstatements="0" conditionals="89" coveredconditionals="0" methods="30" coveredmethods="0"/>
      <file name="vue-class-component.esm.js" path="/Users/debaozhang/gitlab/vue-template/dist/webpack:/node_modules/vue-class-component/dist/vue-class-component.esm.js">
        <metrics statements="70" coveredstatements="0" conditionals="89" coveredconditionals="0" methods="30" coveredmethods="0"/>
        <line num="11" count="0" type="stmt"/>
        <line num="15" count="0" type="cond" truecount="0" falsecount="6"/>
        <line num="19" count="0" type="stmt"/>
        <line num="34" count="0" type="stmt"/>
        <line num="38" count="0" type="stmt"/>
        <line num="42" count="0" type="cond" truecount="0" falsecount="2"/>
        <line num="43" count="0" type="stmt"/>
        <line num="45" count="0" type="stmt"/>
        <line num="50" count="0" type="cond" truecount="0" falsecount="4"/>
        <line num="54" count="0" type="stmt"/>
        <line num="61" count="0" type="cond" truecount="0" falsecount="3"/>
        <line num="64" count="0" type="stmt"/>
        <line num="66" count="0" type="stmt"/>
        <line num="69" count="0" type="stmt"/>
        <line num="73" count="0" type="stmt"/>
        <line num="76" count="0" type="cond" truecount="0" falsecount="2"/>
        <line num="78" count="0" type="stmt"/>
        <line num="86" count="0" type="stmt"/>
        <line num="129" count="0" type="stmt"/>
        <line num="131" count="0" type="stmt"/>
        <line num="132" count="0" type="stmt"/>
        <line num="135" count="0" type="stmt"/>
        <line num="137" count="0" type="cond" truecount="0" falsecount="2"/>
        <line num="138" count="0" type="stmt"/>
        <line num="139" count="0" type="cond" truecount="0" falsecount="2"/>
        <line num="145" count="0" type="stmt"/>
        <line num="146" count="0" type="cond" truecount="0" falsecount="2"/>
        <line num="149" count="0" type="stmt"/>
        <line num="152" count="0" type="stmt"/>
        <line num="161" count="0" type="stmt"/>
        <line num="163" count="0" type="stmt"/>
        <line num="165" count="0" type="stmt"/>
        <line num="166" count="0" type="cond" truecount="0" falsecount="2"/>
        <line num="178" count="0" type="stmt"/>
        <line num="181" count="0" type="stmt"/>
        <line num="184" count="0" type="cond" truecount="0" falsecount="4"/>
        <line num="185" count="0" type="cond" truecount="0" falsecount="3"/>
        <line num="187" count="0" type="stmt"/>
        <line num="188" count="0" type="stmt"/>
        <line num="189" count="0" type="cond" truecount="0" falsecount="2"/>
        <line num="194" count="0" type="cond" truecount="0" falsecount="2"/>
        <line num="195" count="0" type="stmt"/>
        <line num="199" count="0" type="stmt"/>
        <line num="209" count="0" type="stmt"/>
        <line num="223" count="0" type="stmt"/>
        <line num="227" count="0" type="stmt"/>
        <line num="229" count="0" type="cond" truecount="0" falsecount="2"/>
        <line num="231" count="0" type="stmt"/>
        <line num="237" count="0" type="stmt"/>
        <line num="238" count="0" type="cond" truecount="0" falsecount="2"/>
        <line num="239" count="0" type="stmt"/>
        <line num="246" count="0" type="stmt"/>
        <line num="253" count="0" type="stmt"/>
        <line num="262" count="0" type="stmt"/>
        <line num="264" count="0" type="cond" truecount="0" falsecount="2"/>
        <line num="269" count="0" type="stmt"/>
        <line num="271" count="0" type="cond" truecount="0" falsecount="4"/>
        <line num="275" count="0" type="stmt"/>
        <line num="283" count="0" type="cond" truecount="0" falsecount="2"/>
        <line num="287" count="0" type="cond" truecount="0" falsecount="2"/>
        <line num="288" count="0" type="stmt"/>
        <line num="291" count="0" type="stmt"/>
        <line num="293" count="0" type="cond" truecount="0" falsecount="2"/>
        <line num="294" count="0" type="stmt"/>
        <line num="299" count="0" type="stmt"/>
        <line num="308" count="0" type="stmt"/>
        <line num="313" count="0" type="stmt"/>
        <line num="317" count="0" type="stmt"/>
        <line num="318" count="0" type="stmt"/>
        <line num="321" count="0" type="stmt"/>
      </file>
    </package>
    <package name="vue-template.dist.webpack:.node_modules.vue-loader.lib.runtime">
      <metrics statements="12" coveredstatements="0" conditionals="36" coveredconditionals="0" methods="4" coveredmethods="0"/>
      <file name="componentNormalizer.js" path="/Users/debaozhang/gitlab/vue-template/dist/webpack:/node_modules/vue-loader/lib/runtime/componentNormalizer.js">
        <metrics statements="12" coveredstatements="0" conditionals="36" coveredconditionals="0" methods="4" coveredmethods="0"/>
        <line num="18" count="0" type="stmt"/>
        <line num="41" count="0" type="cond" truecount="0" falsecount="2"/>
        <line num="66" count="0" type="stmt"/>
        <line num="74" count="0" type="cond" truecount="0" falsecount="2"/>
        <line num="75" count="0" type="cond" truecount="0" falsecount="2"/>
        <line num="78" count="0" type="stmt"/>
        <line num="80" count="0" type="stmt"/>
        <line num="81" count="0" type="stmt"/>
        <line num="83" count="0" type="stmt"/>
        <line num="87" count="0" type="stmt"/>
        <line num="88" count="0" type="stmt"/>
        <line num="94" count="0" type="stmt"/>
      </file>
    </package>
    <package name="vue-template.dist.webpack:.node_modules.vue-property-decorator.lib">
      <metrics statements="1" coveredstatements="0" conditionals="2" coveredconditionals="0" methods="0" coveredmethods="0"/>
      <file name="vue-property-decorator.js" path="/Users/debaozhang/gitlab/vue-template/dist/webpack:/node_modules/vue-property-decorator/lib/vue-property-decorator.js">
        <metrics statements="1" coveredstatements="0" conditionals="2" coveredconditionals="0" methods="0" coveredmethods="0"/>
        <line num="115" count="0" type="cond" truecount="0" falsecount="2"/>
      </file>
    </package>
    <package name="vue-template.dist.webpack:.node_modules.vue-router.dist">
      <metrics statements="760" coveredstatements="0" conditionals="844" coveredconditionals="0" methods="233" coveredmethods="0"/>
      <file name="vue-router.esm.js" path="/Users/debaozhang/gitlab/vue-template/dist/webpack:/node_modules/vue-router/dist/vue-router.esm.js">
        <metrics statements="760" coveredstatements="0" conditionals="844" coveredconditionals="0" methods="233" coveredmethods="0"/>
        <line num="20" count="0" type="stmt"/>
        <line num="21" count="0" type="stmt"/>
        <line num="25" count="0" type="cond" truecount="0" falsecount="4"/>
        <line num="29" count="0" type="stmt"/>
        <line num="30" count="0" type="stmt"/>
        <line num="32" count="0" type="stmt"/>
        <line num="35" count="0" type="stmt"/>
        <line num="45" count="0" type="stmt"/>
        <line num="46" count="0" type="stmt"/>
        <line num="47" count="0" type="stmt"/>
        <line num="48" count="0" type="stmt"/>
        <line num="51" count="0" type="stmt"/>
        <line num="55" count="0" type="stmt"/>
        <line num="56" count="0" type="stmt"/>
        <line num="57" count="0" type="stmt"/>
        <line num="58" count="0" type="cond" truecount="0" falsecount="2"/>
        <line num="62" count="0" type="stmt"/>
        <line num="63" count="0" type="stmt"/>
        <line num="64" count="0" type="cond" truecount="0" falsecount="2"/>
        <line num="65" count="0" type="cond" truecount="0" falsecount="2"/>
        <line num="66" count="0" type="cond" truecount="0" falsecount="2"/>
        <line num="77" count="0" type="cond" truecount="0" falsecount="2"/>
        <line num="78" count="0" type="stmt"/>
        <line num="79" count="0" type="cond" truecount="0" falsecount="2"/>
        <line num="80" count="0" type="stmt"/>
        <line num="93" count="0" type="stmt"/>
        <line num="94" count="0" type="cond" truecount="0" falsecount="2"/>
        <line num="97" count="0" type="cond" truecount="0" falsecount="4"/>
        <line num="99" count="0" type="stmt"/>
        <line num="103" count="0" type="stmt"/>
        <line num="109" count="0" type="stmt"/>
        <line num="121" count="0" type="stmt"/>
        <line num="127" count="0" type="cond" truecount="0" falsecount="4"/>
        <line num="135" count="0" type="cond" truecount="0" falsecount="2"/>
        <line num="145" count="0" type="stmt"/>
        <line num="151" count="0" type="stmt"/>
        <line num="152" count="0" type="cond" truecount="0" falsecount="2"/>
        <line num="154" count="0" type="stmt"/>
        <line num="156" count="0" type="cond" truecount="0" falsecount="2"/>
        <line num="157" count="0" type="stmt"/>
        <line num="158" count="0" type="cond" truecount="0" falsecount="3"/>
        <line num="167" count="0" type="stmt"/>
        <line num="169" count="0" type="stmt"/>
        <line num="171" count="0" type="stmt"/>
        <line num="173" count="0" type="stmt"/>
        <line num="175" count="0" type="cond" truecount="0" falsecount="2"/>
        <line num="177" count="0" type="stmt"/>
        <line num="189" count="0" type="stmt"/>
        <line num="190" count="0" type="stmt"/>
        <line num="191" count="0" type="stmt"/>
        <line num="196" count="0" type="stmt"/>
        <line num="200" count="0" type="stmt"/>
        <line num="202" count="0" type="stmt"/>
        <line num="205" count="0" type="cond" truecount="0" falsecount="2"/>
        <line num="209" count="0" type="cond" truecount="0" falsecount="2"/>
        <line num="211" count="0" type="stmt"/>
        <line num="212" count="0" type="cond" truecount="0" falsecount="2"/>
        <line num="215" count="0" type="stmt"/>
        <line num="217" count="0" type="stmt"/>
        <line num="218" count="0" type="stmt"/>
        <line num="220" count="0" type="stmt"/>
        <line num="224" count="0" type="stmt"/>
        <line num="228" count="0" type="stmt"/>
        <line num="233" count="0" type="stmt"/>
        <line num="234" count="0" type="stmt"/>
        <line num="235" count="0" type="stmt"/>
        <line num="237" count="0" type="stmt"/>
        <line num="252" count="0" type="cond" truecount="0" falsecount="2"/>
        <line num="253" count="0" type="stmt"/>
        <line num="255" count="0" type="cond" truecount="0" falsecount="2"/>
        <line num="256" count="0" type="stmt"/>
        <line num="259" count="0" type="cond" truecount="0" falsecount="2"/>
        <line num="260" count="0" type="stmt"/>
        <line num="263" count="0" type="cond" truecount="0" falsecount="2"/>
        <line num="264" count="0" type="stmt"/>
        <line num="265" count="0" type="cond" truecount="0" falsecount="2"/>
        <line num="275" count="0" type="stmt"/>
        <line num="278" count="0" type="stmt"/>
        <line num="279" count="0" type="stmt"/>
        <line num="280" count="0" type="cond" truecount="0" falsecount="2"/>
        <line num="285" count="0" type="stmt"/>
        <line num="293" count="0" type="cond" truecount="0" falsecount="2"/>
        <line num="295" count="0" type="cond" truecount="0" falsecount="2"/>
        <line num="296" count="0" type="stmt"/>
        <line num="297" count="0" type="stmt"/>
        <line num="300" count="0" type="stmt"/>
        <line num="313" count="0" type="stmt"/>
        <line num="317" count="0" type="cond" truecount="0" falsecount="2"/>
        <line num="318" count="0" type="stmt"/>
        <line num="319" count="0" type="cond" truecount="0" falsecount="4"/>
        <line num="320" count="0" type="stmt"/>
        <line num="321" count="0" type="stmt"/>
        <line num="322" count="0" type="stmt"/>
        <line num="324" count="0" type="stmt"/>
        <line num="326" count="0" type="stmt"/>
        <line num="331" count="0" type="stmt"/>
        <line num="336" count="0" type="stmt"/>
        <line num="337" count="0" type="stmt"/>
        <line num="338" count="0" type="stmt"/>
        <line num="341" count="0" type="stmt"/>
        <line num="348" count="0" type="stmt"/>
        <line num="349" count="0" type="cond" truecount="0" falsecount="2"/>
        <line num="350" count="0" type="stmt"/>
        <line num="353" count="0" type="cond" truecount="0" falsecount="4"/>
        <line num="357" count="0" type="stmt"/>
        <line num="384" count="0" type="cond" truecount="0" falsecount="4"/>
        <line num="385" count="0" type="stmt"/>
        <line num="386" count="0" type="stmt"/>
        <line num="387" count="0" type="cond" truecount="0" falsecount="2"/>
        <line num="391" count="0" type="stmt"/>
        <line num="392" count="0" type="stmt"/>
        <line num="394" count="0" type="cond" truecount="0" falsecount="2"/>
        <line num="402" count="0" type="stmt"/>
        <line num="412" count="0" type="stmt"/>
        <line num="413" count="0" type="cond" truecount="0" falsecount="2"/>
        <line num="414" count="0" type="stmt"/>
        <line num="417" count="0" type="stmt"/>
        <line num="427" count="0" type="stmt"/>
        <line num="428" count="0" type="cond" truecount="0" falsecount="2"/>
        <line num="429" count="0" type="stmt"/>
        <line num="432" count="0" type="cond" truecount="0" falsecount="4"/>
        <line num="433" count="0" type="stmt"/>
        <line num="436" count="0" type="stmt"/>
        <line num="441" count="0" type="cond" truecount="0" falsecount="3"/>
        <line num="446" count="0" type="stmt"/>
        <line num="447" count="0" type="stmt"/>
        <line num="448" count="0" type="stmt"/>
        <line num="449" count="0" type="stmt"/>
        <line num="461" count="0" type="stmt"/>
        <line num="464" count="0" type="stmt"/>
        <line num="465" count="0" type="stmt"/>
        <line num="466" count="0" type="stmt"/>
        <line num="468" count="0" type="stmt"/>
        <line num="469" count="0" type="cond" truecount="0" falsecount="2"/>
        <line num="474" count="0" type="stmt"/>
        <line num="480" count="0" type="stmt"/>
        <line num="488" count="0" type="stmt"/>
        <line num="491" count="0" type="cond" truecount="0" falsecount="2"/>
        <line num="492" count="0" type="stmt"/>
        <line num="498" count="0" type="stmt"/>
        <line num="499" count="0" type="stmt"/>
        <line num="501" count="0" type="stmt"/>
        <line num="502" count="0" type="stmt"/>
        <line num="509" count="0" type="stmt"/>
        <line num="530" count="0" type="stmt"/>
        <line num="531" count="0" type="stmt"/>
        <line num="532" count="0" type="stmt"/>
        <line num="533" count="0" type="stmt"/>
        <line num="534" count="0" type="cond" truecount="0" falsecount="3"/>
        <line num="537" count="0" type="stmt"/>
        <line num="538" count="0" type="stmt"/>
        <line num="539" count="0" type="stmt"/>
        <line num="540" count="0" type="stmt"/>
        <line num="545" count="0" type="cond" truecount="0" falsecount="2"/>
        <line num="546" count="0" type="stmt"/>
        <line num="550" count="0" type="stmt"/>
        <line num="551" count="0" type="stmt"/>
        <line num="552" count="0" type="stmt"/>
        <line num="553" count="0" type="stmt"/>
        <line num="554" count="0" type="stmt"/>
        <line num="555" count="0" type="stmt"/>
        <line num="556" count="0" type="stmt"/>
        <line num="559" count="0" type="cond" truecount="0" falsecount="2"/>
        <line num="564" count="0" type="cond" truecount="0" falsecount="3"/>
        <line num="565" count="0" type="cond" truecount="0" falsecount="2"/>
        <line num="566" count="0" type="cond" truecount="0" falsecount="2"/>
        <line num="567" count="0" type="cond" truecount="0" falsecount="2"/>
        <line num="568" count="0" type="cond" truecount="0" falsecount="2"/>
        <line num="570" count="0" type="stmt"/>
        <line num="592" count="0" type="stmt"/>
        <line num="602" count="0" type="stmt"/>
        <line num="603" count="0" type="stmt"/>
        <line num="613" count="0" type="stmt"/>
        <line num="614" count="0" type="stmt"/>
        <line num="626" count="0" type="stmt"/>
        <line num="635" count="0" type="stmt"/>
        <line num="638" count="0" type="stmt"/>
        <line num="639" count="0" type="cond" truecount="0" falsecount="2"/>
        <line num="644" count="0" type="stmt"/>
        <line num="645" count="0" type="stmt"/>
        <line num="646" count="0" type="cond" truecount="0" falsecount="2"/>
        <line num="648" count="0" type="cond" truecount="0" falsecount="2"/>
        <line num="650" count="0" type="stmt"/>
        <line num="651" count="0" type="stmt"/>
        <line num="653" count="0" type="cond" truecount="0" falsecount="2"/>
        <line num="654" count="0" type="stmt"/>
        <line num="659" count="0" type="stmt"/>
        <line num="662" count="0" type="cond" truecount="0" falsecount="2"/>
        <line num="663" count="0" type="cond" truecount="0" falsecount="2"/>
        <line num="665" count="0" type="cond" truecount="0" falsecount="2"/>
        <line num="669" count="0" type="stmt"/>
        <line num="671" count="0" type="stmt"/>
        <line num="675" count="0" type="cond" truecount="0" falsecount="2"/>
        <line num="676" count="0" type="cond" truecount="0" falsecount="2"/>
        <line num="677" count="0" type="stmt"/>
        <line num="680" count="0" type="cond" truecount="0" falsecount="2"/>
        <line num="681" count="0" type="cond" truecount="0" falsecount="2"/>
        <line num="682" count="0" type="stmt"/>
        <line num="684" count="0" type="stmt"/>
        <line num="688" count="0" type="stmt"/>
        <line num="691" count="0" type="cond" truecount="0" falsecount="2"/>
        <line num="692" count="0" type="stmt"/>
        <line num="695" count="0" type="cond" truecount="0" falsecount="2"/>
        <line num="703" count="0" type="cond" truecount="0" falsecount="2"/>
        <line num="704" count="0" type="stmt"/>
        <line num="707" count="0" type="stmt"/>
        <line num="710" count="0" type="stmt"/>
        <line num="721" count="0" type="stmt"/>
        <line num="731" count="0" type="stmt"/>
        <line num="743" count="0" type="stmt"/>
        <line num="753" count="0" type="cond" truecount="0" falsecount="4"/>
        <line num="765" count="0" type="stmt"/>
        <line num="767" count="0" type="cond" truecount="0" falsecount="2"/>
        <line num="768" count="0" type="stmt"/>
        <line num="769" count="0" type="stmt"/>
        <line num="782" count="0" type="stmt"/>
        <line num="794" count="0" type="stmt"/>
        <line num="796" count="0" type="stmt"/>
        <line num="797" count="0" type="stmt"/>
        <line num="802" count="0" type="stmt"/>
        <line num="814" count="0" type="stmt"/>
        <line num="826" count="0" type="cond" truecount="0" falsecount="2"/>
        <line num="833" count="0" type="stmt"/>
        <line num="834" count="0" type="stmt"/>
        <line num="835" count="0" type="stmt"/>
        <line num="838" count="0" type="stmt"/>
        <line num="839" count="0" type="stmt"/>
        <line num="841" count="0" type="cond" truecount="0" falsecount="2"/>
        <line num="842" count="0" type="stmt"/>
        <line num="844" count="0" type="stmt"/>
        <line num="845" count="0" type="stmt"/>
        <line num="847" count="0" type="stmt"/>
        <line num="867" count="0" type="cond" truecount="0" falsecount="2"/>
        <line num="868" count="0" type="stmt"/>
        <line num="886" count="0" type="stmt"/>
        <line num="909" count="0" type="stmt"/>
        <line num="919" count="0" type="stmt"/>
        <line num="927" count="0" type="stmt"/>
        <line num="934" count="0" type="cond" truecount="0" falsecount="2"/>
        <line num="935" count="0" type="stmt"/>
        <line num="937" count="0" type="cond" truecount="0" falsecount="2"/>
        <line num="944" count="0" type="stmt"/>
        <line num="950" count="0" type="stmt"/>
        <line num="951" count="0" type="stmt"/>
        <line num="965" count="0" type="cond" truecount="0" falsecount="2"/>
        <line num="967" count="0" type="cond" truecount="0" falsecount="2"/>
        <line num="968" count="0" type="stmt"/>
        <line num="969" count="0" type="cond" truecount="0" falsecount="2"/>
        <line num="971" count="0" type="stmt"/>
        <line num="975" count="0" type="stmt"/>
        <line num="979" count="0" type="cond" truecount="0" falsecount="5"/>
        <line num="982" count="0" type="stmt"/>
        <line num="983" count="0" type="cond" truecount="0" falsecount="2"/>
        <line num="984" count="0" type="stmt"/>
        <line num="986" count="0" type="cond" truecount="0" falsecount="2"/>
        <line num="987" count="0" type="stmt"/>
        <line num="988" count="0" type="stmt"/>
        <line num="989" count="0" type="stmt"/>
        <line num="992" count="0" type="stmt"/>
        <line num="996" count="0" type="cond" truecount="0" falsecount="3"/>
        <line num="997" count="0" type="stmt"/>
        <line num="1007" count="0" type="cond" truecount="0" falsecount="2"/>
        <line num="1012" count="0" type="stmt"/>
        <line num="1026" count="0" type="stmt"/>
        <line num="1028" count="0" type="stmt"/>
        <line num="1054" count="0" type="stmt"/>
        <line num="1056" count="0" type="stmt"/>
        <line num="1057" count="0" type="stmt"/>
        <line num="1058" count="0" type="stmt"/>
        <line num="1063" count="0" type="stmt"/>
        <line num="1064" count="0" type="stmt"/>
        <line num="1065" count="0" type="stmt"/>
        <line num="1067" count="0" type="stmt"/>
        <line num="1068" count="0" type="stmt"/>
        <line num="1069" count="0" type="stmt"/>
        <line num="1072" count="0" type="cond" truecount="0" falsecount="2"/>
        <line num="1074" count="0" type="stmt"/>
        <line num="1078" count="0" type="cond" truecount="0" falsecount="2"/>
        <line num="1080" count="0" type="stmt"/>
        <line num="1084" count="0" type="stmt"/>
        <line num="1088" count="0" type="stmt"/>
        <line num="1093" count="0" type="cond" truecount="0" falsecount="2"/>
        <line num="1095" count="0" type="stmt"/>
        <line num="1096" count="0" type="cond" truecount="0" falsecount="2"/>
        <line num="1105" count="0" type="stmt"/>
        <line num="1106" count="0" type="stmt"/>
        <line num="1108" count="0" type="stmt"/>
        <line num="1114" count="0" type="stmt"/>
        <line num="1116" count="0" type="cond" truecount="0" falsecount="3"/>
        <line num="1127" count="0" type="cond" truecount="0" falsecount="2"/>
        <line num="1128" count="0" type="cond" truecount="0" falsecount="2"/>
        <line num="1129" count="0" type="stmt"/>
        <line num="1130" count="0" type="cond" truecount="0" falsecount="4"/>
        <line num="1137" count="0" type="cond" truecount="0" falsecount="2"/>
        <line num="1141" count="0" type="cond" truecount="0" falsecount="2"/>
        <line num="1142" count="0" type="stmt"/>
        <line num="1147" count="0" type="cond" truecount="0" falsecount="2"/>
        <line num="1149" count="0" type="stmt"/>
        <line num="1150" count="0" type="stmt"/>
        <line num="1153" count="0" type="stmt"/>
        <line num="1154" count="0" type="stmt"/>
        <line num="1155" count="0" type="cond" truecount="0" falsecount="2"/>
        <line num="1160" count="0" type="stmt"/>
        <line num="1161" count="0" type="stmt"/>
        <line num="1169" count="0" type="stmt"/>
        <line num="1170" count="0" type="stmt"/>
        <line num="1174" count="0" type="stmt"/>
        <line num="1178" count="0" type="stmt"/>
        <line num="1184" count="0" type="cond" truecount="0" falsecount="9"/>
        <line num="1190" count="0" type="cond" truecount="0" falsecount="4"/>
        <line num="1191" count="0" type="stmt"/>
        <line num="1192" count="0" type="cond" truecount="0" falsecount="2"/>
        <line num="1198" count="0" type="stmt"/>
        <line num="1201" count="0" type="stmt"/>
        <line num="1202" count="0" type="cond" truecount="0" falsecount="2"/>
        <line num="1204" count="0" type="stmt"/>
        <line num="1206" count="0" type="cond" truecount="0" falsecount="2"/>
        <line num="1207" count="0" type="stmt"/>
        <line num="1209" count="0" type="cond" truecount="0" falsecount="4"/>
        <line num="1210" count="0" type="stmt"/>
        <line num="1219" count="0" type="cond" truecount="0" falsecount="4"/>
        <line num="1220" count="0" type="stmt"/>
        <line num="1224" count="0" type="stmt"/>
        <line num="1226" count="0" type="stmt"/>
        <line num="1227" count="0" type="stmt"/>
        <line num="1228" count="0" type="cond" truecount="0" falsecount="4"/>
        <line num="1233" count="0" type="stmt"/>
        <line num="1235" count="0" type="stmt"/>
        <line num="1246" count="0" type="stmt"/>
        <line num="1251" count="0" type="stmt"/>
        <line num="1255" count="0" type="stmt"/>
        <line num="1261" count="0" type="stmt"/>
        <line num="1263" count="0" type="stmt"/>
        <line num="1268" count="0" type="stmt"/>
        <line num="1279" count="0" type="cond" truecount="0" falsecount="2"/>
        <line num="1281" count="0" type="cond" truecount="0" falsecount="2"/>
        <line num="1283" count="0" type="cond" truecount="0" falsecount="2"/>
        <line num="1285" count="0" type="stmt"/>
        <line num="1290" count="0" type="stmt"/>
        <line num="1291" count="0" type="cond" truecount="0" falsecount="2"/>
        <line num="1310" count="0" type="stmt"/>
        <line num="1325" count="0" type="stmt"/>
        <line num="1326" count="0" type="stmt"/>
        <line num="1327" count="0" type="stmt"/>
        <line num="1338" count="0" type="cond" truecount="0" falsecount="2"/>
        <line num="1341" count="0" type="cond" truecount="0" falsecount="2"/>
        <line num="1345" count="0" type="stmt"/>
        <line num="1364" count="0" type="cond" truecount="0" falsecount="2"/>
        <line num="1385" count="0" type="stmt"/>
        <line num="1388" count="0" type="stmt"/>
        <line num="1392" count="0" type="cond" truecount="0" falsecount="2"/>
        <line num="1397" count="0" type="cond" truecount="0" falsecount="2"/>
        <line num="1398" count="0" type="cond" truecount="0" falsecount="2"/>
        <line num="1399" count="0" type="stmt"/>
        <line num="1401" count="0" type="stmt"/>
        <line num="1410" count="0" type="stmt"/>
        <line num="1414" count="0" type="stmt"/>
        <line num="1425" count="0" type="cond" truecount="0" falsecount="3"/>
        <line num="1453" count="0" type="stmt"/>
        <line num="1456" count="0" type="stmt"/>
        <line num="1461" count="0" type="cond" truecount="0" falsecount="2"/>
        <line num="1462" count="0" type="cond" truecount="0" falsecount="2"/>
        <line num="1463" count="0" type="cond" truecount="0" falsecount="2"/>
        <line num="1464" count="0" type="stmt"/>
        <line num="1475" count="0" type="stmt"/>
        <line num="1476" count="0" type="stmt"/>
        <line num="1477" count="0" type="stmt"/>
        <line num="1478" count="0" type="stmt"/>
        <line num="1481" count="0" type="stmt"/>
        <line num="1489" count="0" type="stmt"/>
        <line num="1490" count="0" type="stmt"/>
        <line num="1492" count="0" type="cond" truecount="0" falsecount="2"/>
        <line num="1493" count="0" type="stmt"/>
        <line num="1497" count="0" type="cond" truecount="0" falsecount="2"/>
        <line num="1498" count="0" type="stmt"/>
        <line num="1499" count="0" type="stmt"/>
        <line num="1500" count="0" type="stmt"/>
        <line num="1506" count="0" type="cond" truecount="0" falsecount="4"/>
        <line num="1507" count="0" type="cond" truecount="0" falsecount="3"/>
        <line num="1515" count="0" type="stmt"/>
        <line num="1516" count="0" type="cond" truecount="0" falsecount="2"/>
        <line num="1517" count="0" type="stmt"/>
        <line num="1518" count="0" type="stmt"/>
        <line num="1519" count="0" type="stmt"/>
        <line num="1520" count="0" type="stmt"/>
        <line num="1521" count="0" type="cond" truecount="0" falsecount="2"/>
        <line num="1522" count="0" type="stmt"/>
        <line num="1527" count="0" type="stmt"/>
        <line num="1534" count="0" type="stmt"/>
        <line num="1535" count="0" type="stmt"/>
        <line num="1543" count="0" type="cond" truecount="0" falsecount="2"/>
        <line num="1549" count="0" type="stmt"/>
        <line num="1552" count="0" type="stmt"/>
        <line num="1553" count="0" type="stmt"/>
        <line num="1554" count="0" type="stmt"/>
        <line num="1555" count="0" type="stmt"/>
        <line num="1556" count="0" type="stmt"/>
        <line num="1557" count="0" type="stmt"/>
        <line num="1562" count="0" type="cond" truecount="0" falsecount="2"/>
        <line num="1564" count="0" type="stmt"/>
        <line num="1568" count="0" type="stmt"/>
        <line num="1575" count="0" type="cond" truecount="0" falsecount="2"/>
        <line num="1581" count="0" type="stmt"/>
        <line num="1591" count="0" type="stmt"/>
        <line num="1601" count="0" type="stmt"/>
        <line num="1605" count="0" type="cond" truecount="0" falsecount="2"/>
        <line num="1606" count="0" type="stmt"/>
        <line num="1607" count="0" type="stmt"/>
        <line num="1609" count="0" type="stmt"/>
        <line num="1611" count="0" type="stmt"/>
        <line num="1619" count="0" type="cond" truecount="0" falsecount="2"/>
        <line num="1628" count="0" type="stmt"/>
        <line num="1639" count="0" type="stmt"/>
        <line num="1641" count="0" type="cond" truecount="0" falsecount="2"/>
        <line num="1642" count="0" type="stmt"/>
        <line num="1643" count="0" type="cond" truecount="0" falsecount="2"/>
        <line num="1644" count="0" type="stmt"/>
        <line num="1647" count="0" type="stmt"/>
        <line num="1648" count="0" type="stmt"/>
        <line num="1649" count="0" type="cond" truecount="0" falsecount="2"/>
        <line num="1650" count="0" type="cond" truecount="0" falsecount="2"/>
        <line num="1656" count="0" type="stmt"/>
        <line num="1659" count="0" type="stmt"/>
        <line num="1660" count="0" type="cond" truecount="0" falsecount="2"/>
        <line num="1667" count="0" type="cond" truecount="0" falsecount="3"/>
        <line num="1672" count="0" type="stmt"/>
        <line num="1675" count="0" type="stmt"/>
        <line num="1678" count="0" type="stmt"/>
        <line num="1682" count="0" type="stmt"/>
        <line num="1687" count="0" type="stmt"/>
        <line num="1691" count="0" type="cond" truecount="0" falsecount="2"/>
        <line num="1699" count="0" type="stmt"/>
        <line num="1700" count="0" type="stmt"/>
        <line num="1702" count="0" type="stmt"/>
        <line num="1706" count="0" type="stmt"/>
        <line num="1707" count="0" type="stmt"/>
        <line num="1717" count="0" type="cond" truecount="0" falsecount="2"/>
        <line num="1721" count="0" type="stmt"/>
        <line num="1722" count="0" type="cond" truecount="0" falsecount="2"/>
        <line num="1733" count="0" type="stmt"/>
        <line num="1740" count="0" type="cond" truecount="0" falsecount="2"/>
        <line num="1747" count="0" type="stmt"/>
        <line num="1750" count="0" type="stmt"/>
        <line num="1761" count="0" type="stmt"/>
        <line num="1762" count="0" type="cond" truecount="0" falsecount="2"/>
        <line num="1771" count="0" type="stmt"/>
        <line num="1777" count="0" type="stmt"/>
        <line num="1778" count="0" type="stmt"/>
        <line num="1779" count="0" type="cond" truecount="0" falsecount="2"/>
        <line num="1780" count="0" type="stmt"/>
        <line num="1785" count="0" type="stmt"/>
        <line num="1787" count="0" type="stmt"/>
        <line num="1788" count="0" type="stmt"/>
        <line num="1795" count="0" type="cond" truecount="0" falsecount="2"/>
        <line num="1799" count="0" type="stmt"/>
        <line num="1813" count="0" type="stmt"/>
        <line num="1816" count="0" type="stmt"/>
        <line num="1819" count="0" type="stmt"/>
        <line num="1820" count="0" type="cond" truecount="0" falsecount="4"/>
        <line num="1823" count="0" type="stmt"/>
        <line num="1827" count="0" type="cond" truecount="0" falsecount="2"/>
        <line num="1829" count="0" type="cond" truecount="0" falsecount="2"/>
        <line num="1833" count="0" type="stmt"/>
        <line num="1834" count="0" type="cond" truecount="0" falsecount="2"/>
        <line num="1837" count="0" type="cond" truecount="0" falsecount="3"/>
        <line num="1841" count="0" type="cond" truecount="0" falsecount="2"/>
        <line num="1849" count="0" type="cond" truecount="0" falsecount="8"/>
        <line num="1866" count="0" type="stmt"/>
        <line num="1869" count="0" type="stmt"/>
        <line num="1870" count="0" type="stmt"/>
        <line num="1871" count="0" type="cond" truecount="0" falsecount="2"/>
        <line num="1873" count="0" type="stmt"/>
        <line num="1874" count="0" type="stmt"/>
        <line num="1877" count="0" type="stmt"/>
        <line num="1880" count="0" type="cond" truecount="0" falsecount="2"/>
        <line num="1885" count="0" type="stmt"/>
        <line num="1891" count="0" type="stmt"/>
        <line num="1892" count="0" type="stmt"/>
        <line num="1897" count="0" type="stmt"/>
        <line num="1904" count="0" type="stmt"/>
        <line num="1910" count="0" type="stmt"/>
        <line num="1911" count="0" type="stmt"/>
        <line num="1912" count="0" type="stmt"/>
        <line num="1913" count="0" type="stmt"/>
        <line num="1915" count="0" type="stmt"/>
        <line num="1921" count="0" type="cond" truecount="0" falsecount="4"/>
        <line num="1922" count="0" type="stmt"/>
        <line num="1925" count="0" type="stmt"/>
        <line num="1940" count="0" type="stmt"/>
        <line num="1941" count="0" type="stmt"/>
        <line num="1943" count="0" type="cond" truecount="0" falsecount="2"/>
        <line num="1952" count="0" type="stmt"/>
        <line num="1953" count="0" type="stmt"/>
        <line num="1955" count="0" type="stmt"/>
        <line num="1957" count="0" type="cond" truecount="0" falsecount="2"/>
        <line num="1958" count="0" type="cond" truecount="0" falsecount="2"/>
        <line num="1959" count="0" type="stmt"/>
        <line num="1962" count="0" type="stmt"/>
        <line num="1963" count="0" type="cond" truecount="0" falsecount="3"/>
        <line num="1979" count="0" type="stmt"/>
        <line num="1980" count="0" type="stmt"/>
        <line num="1989" count="0" type="stmt"/>
        <line num="1993" count="0" type="cond" truecount="0" falsecount="2"/>
        <line num="1996" count="0" type="cond" truecount="0" falsecount="4"/>
        <line num="2005" count="0" type="stmt"/>
        <line num="2006" count="0" type="stmt"/>
        <line num="2007" count="0" type="stmt"/>
        <line num="2008" count="0" type="stmt"/>
        <line num="2010" count="0" type="cond" truecount="0" falsecount="2"/>
        <line num="2012" count="0" type="stmt"/>
        <line num="2017" count="0" type="stmt"/>
        <line num="2018" count="0" type="stmt"/>
        <line num="2019" count="0" type="stmt"/>
        <line num="2020" count="0" type="stmt"/>
        <line num="2024" count="0" type="stmt"/>
        <line num="2044" count="0" type="stmt"/>
        <line num="2053" count="0" type="stmt"/>
        <line num="2062" count="0" type="stmt"/>
        <line num="2068" count="0" type="stmt"/>
        <line num="2071" count="0" type="stmt"/>
        <line num="2074" count="0" type="cond" truecount="0" falsecount="2"/>
        <line num="2075" count="0" type="cond" truecount="0" falsecount="2"/>
        <line num="2076" count="0" type="stmt"/>
        <line num="2078" count="0" type="cond" truecount="0" falsecount="2"/>
        <line num="2080" count="0" type="stmt"/>
        <line num="2085" count="0" type="stmt"/>
        <line num="2086" count="0" type="stmt"/>
        <line num="2098" count="0" type="stmt"/>
        <line num="2099" count="0" type="stmt"/>
        <line num="2103" count="0" type="stmt"/>
        <line num="2114" count="0" type="stmt"/>
        <line num="2122" count="0" type="stmt"/>
        <line num="2124" count="0" type="stmt"/>
        <line num="2125" count="0" type="stmt"/>
        <line num="2128" count="0" type="stmt"/>
        <line num="2129" count="0" type="stmt"/>
        <line num="2133" count="0" type="cond" truecount="0" falsecount="2"/>
        <line num="2140" count="0" type="stmt"/>
        <line num="2145" count="0" type="cond" truecount="0" falsecount="2"/>
        <line num="2154" count="0" type="stmt"/>
        <line num="2158" count="0" type="stmt"/>
        <line num="2167" count="0" type="stmt"/>
        <line num="2169" count="0" type="stmt"/>
        <line num="2170" count="0" type="cond" truecount="0" falsecount="3"/>
        <line num="2177" count="0" type="stmt"/>
        <line num="2186" count="0" type="stmt"/>
        <line num="2187" count="0" type="stmt"/>
        <line num="2188" count="0" type="cond" truecount="0" falsecount="2"/>
        <line num="2195" count="0" type="stmt"/>
        <line num="2202" count="0" type="stmt"/>
        <line num="2203" count="0" type="stmt"/>
        <line num="2204" count="0" type="stmt"/>
        <line num="2206" count="0" type="stmt"/>
        <line num="2214" count="0" type="stmt"/>
        <line num="2219" count="0" type="stmt"/>
        <line num="2220" count="0" type="stmt"/>
        <line num="2221" count="0" type="cond" truecount="0" falsecount="2"/>
        <line num="2222" count="0" type="stmt"/>
        <line num="2224" count="0" type="stmt"/>
        <line num="2225" count="0" type="stmt"/>
        <line num="2251" count="0" type="stmt"/>
        <line num="2255" count="0" type="stmt"/>
        <line num="2256" count="0" type="stmt"/>
        <line num="2257" count="0" type="stmt"/>
        <line num="2262" count="0" type="stmt"/>
        <line num="2263" count="0" type="cond" truecount="0" falsecount="2"/>
        <line num="2264" count="0" type="stmt"/>
        <line num="2266" count="0" type="stmt"/>
        <line num="2270" count="0" type="stmt"/>
        <line num="2271" count="0" type="stmt"/>
        <line num="2280" count="0" type="stmt"/>
        <line num="2289" count="0" type="stmt"/>
        <line num="2290" count="0" type="stmt"/>
        <line num="2296" count="0" type="cond" truecount="0" falsecount="2"/>
        <line num="2297" count="0" type="cond" truecount="0" falsecount="2"/>
        <line num="2299" count="0" type="stmt"/>
        <line num="2302" count="0" type="stmt"/>
        <line num="2304" count="0" type="stmt"/>
        <line num="2308" count="0" type="cond" truecount="0" falsecount="2"/>
        <line num="2312" count="0" type="stmt"/>
        <line num="2315" count="0" type="stmt"/>
        <line num="2320" count="0" type="stmt"/>
        <line num="2321" count="0" type="cond" truecount="0" falsecount="2"/>
        <line num="2326" count="0" type="stmt"/>
        <line num="2339" count="0" type="stmt"/>
        <line num="2341" count="0" type="cond" truecount="0" falsecount="2"/>
        <line num="2342" count="0" type="stmt"/>
        <line num="2343" count="0" type="cond" truecount="0" falsecount="2"/>
        <line num="2347" count="0" type="cond" truecount="0" falsecount="2"/>
        <line num="2350" count="0" type="stmt"/>
        <line num="2354" count="0" type="cond" truecount="0" falsecount="2"/>
        <line num="2358" count="0" type="stmt"/>
        <line num="2362" count="0" type="stmt"/>
        <line num="2366" count="0" type="stmt"/>
        <line num="2370" count="0" type="cond" truecount="0" falsecount="2"/>
        <line num="2371" count="0" type="stmt"/>
        <line num="2372" count="0" type="stmt"/>
        <line num="2382" count="0" type="stmt"/>
        <line num="2386" count="0" type="stmt"/>
        <line num="2398" count="0" type="stmt"/>
        <line num="2399" count="0" type="stmt"/>
        <line num="2400" count="0" type="cond" truecount="0" falsecount="2"/>
        <line num="2401" count="0" type="stmt"/>
        <line num="2422" count="0" type="cond" truecount="0" falsecount="2"/>
        <line num="2428" count="0" type="stmt"/>
        <line num="2435" count="0" type="stmt"/>
        <line num="2437" count="0" type="stmt"/>
        <line num="2447" count="0" type="stmt"/>
        <line num="2449" count="0" type="cond" truecount="0" falsecount="2"/>
        <line num="2453" count="0" type="stmt"/>
        <line num="2454" count="0" type="stmt"/>
        <line num="2455" count="0" type="cond" truecount="0" falsecount="2"/>
        <line num="2457" count="0" type="cond" truecount="0" falsecount="2"/>
        <line num="2461" count="0" type="stmt"/>
        <line num="2462" count="0" type="stmt"/>
        <line num="2466" count="0" type="stmt"/>
        <line num="2467" count="0" type="cond" truecount="0" falsecount="3"/>
        <line num="2472" count="0" type="cond" truecount="0" falsecount="2"/>
        <line num="2477" count="0" type="stmt"/>
        <line num="2479" count="0" type="stmt"/>
        <line num="2484" count="0" type="stmt"/>
        <line num="2488" count="0" type="stmt"/>
        <line num="2490" count="0" type="stmt"/>
        <line num="2492" count="0" type="stmt"/>
        <line num="2493" count="0" type="stmt"/>
        <line num="2500" count="0" type="stmt"/>
        <line num="2502" count="0" type="stmt"/>
        <line num="2504" count="0" type="stmt"/>
        <line num="2505" count="0" type="stmt"/>
        <line num="2512" count="0" type="cond" truecount="0" falsecount="2"/>
        <line num="2513" count="0" type="stmt"/>
        <line num="2514" count="0" type="cond" truecount="0" falsecount="2"/>
        <line num="2519" count="0" type="stmt"/>
        <line num="2522" count="0" type="stmt"/>
        <line num="2526" count="0" type="stmt"/>
        <line num="2530" count="0" type="cond" truecount="0" falsecount="2"/>
        <line num="2535" count="0" type="stmt"/>
        <line num="2537" count="0" type="stmt"/>
        <line num="2552" count="0" type="stmt"/>
        <line num="2554" count="0" type="cond" truecount="0" falsecount="2"/>
        <line num="2558" count="0" type="stmt"/>
        <line num="2560" count="0" type="cond" truecount="0" falsecount="2"/>
        <line num="2562" count="0" type="cond" truecount="0" falsecount="2"/>
        <line num="2566" count="0" type="stmt"/>
        <line num="2567" count="0" type="stmt"/>
        <line num="2568" count="0" type="cond" truecount="0" falsecount="2"/>
        <line num="2572" count="0" type="cond" truecount="0" falsecount="2"/>
        <line num="2580" count="0" type="cond" truecount="0" falsecount="2"/>
        <line num="2581" count="0" type="stmt"/>
        <line num="2586" count="0" type="stmt"/>
        <line num="2591" count="0" type="stmt"/>
        <line num="2593" count="0" type="stmt"/>
        <line num="2595" count="0" type="stmt"/>
        <line num="2598" count="0" type="stmt"/>
        <line num="2607" count="0" type="stmt"/>
        <line num="2609" count="0" type="stmt"/>
        <line num="2611" count="0" type="stmt"/>
        <line num="2614" count="0" type="stmt"/>
        <line num="2623" count="0" type="stmt"/>
        <line num="2627" count="0" type="stmt"/>
        <line num="2628" count="0" type="cond" truecount="0" falsecount="2"/>
        <line num="2634" count="0" type="stmt"/>
        <line num="2637" count="0" type="stmt"/>
        <line num="2641" count="0" type="stmt"/>
        <line num="2642" count="0" type="cond" truecount="0" falsecount="2"/>
        <line num="2644" count="0" type="stmt"/>
        <line num="2649" count="0" type="stmt"/>
        <line num="2650" count="0" type="cond" truecount="0" falsecount="2"/>
        <line num="2660" count="0" type="stmt"/>
        <line num="2661" count="0" type="stmt"/>
        <line num="2663" count="0" type="cond" truecount="0" falsecount="2"/>
        <line num="2669" count="0" type="stmt"/>
        <line num="2670" count="0" type="cond" truecount="0" falsecount="2"/>
        <line num="2671" count="0" type="stmt"/>
        <line num="2673" count="0" type="cond" truecount="0" falsecount="2"/>
        <line num="2676" count="0" type="stmt"/>
        <line num="2679" count="0" type="stmt"/>
        <line num="2683" count="0" type="stmt"/>
        <line num="2684" count="0" type="stmt"/>
        <line num="2686" count="0" type="stmt"/>
        <line num="2690" count="0" type="stmt"/>
        <line num="2698" count="0" type="stmt"/>
        <line num="2707" count="0" type="stmt"/>
        <line num="2709" count="0" type="stmt"/>
        <line num="2719" count="0" type="stmt"/>
        <line num="2721" count="0" type="stmt"/>
        <line num="2724" count="0" type="stmt"/>
        <line num="2733" count="0" type="stmt"/>
        <line num="2735" count="0" type="stmt"/>
        <line num="2738" count="0" type="stmt"/>
        <line num="2746" count="0" type="stmt"/>
        <line num="2748" count="0" type="stmt"/>
        <line num="2749" count="0" type="cond" truecount="0" falsecount="4"/>
        <line num="2752" count="0" type="stmt"/>
        <line num="2753" count="0" type="stmt"/>
        <line num="2756" count="0" type="stmt"/>
        <line num="2760" count="0" type="cond" truecount="0" falsecount="2"/>
        <line num="2768" count="0" type="stmt"/>
        <line num="2769" count="0" type="cond" truecount="0" falsecount="2"/>
        <line num="2776" count="0" type="stmt"/>
        <line num="2783" count="0" type="cond" truecount="0" falsecount="2"/>
        <line num="2794" count="0" type="cond" truecount="0" falsecount="2"/>
        <line num="2804" count="0" type="stmt"/>
        <line num="2806" count="0" type="stmt"/>
        <line num="2807" count="0" type="stmt"/>
        <line num="2809" count="0" type="stmt"/>
        <line num="2810" count="0" type="stmt"/>
        <line num="2812" count="0" type="stmt"/>
        <line num="2813" count="0" type="stmt"/>
        <line num="2815" count="0" type="stmt"/>
        <line num="2821" count="0" type="stmt"/>
        <line num="2823" count="0" type="stmt"/>
        <line num="2828" count="0" type="stmt"/>
        <line num="2832" count="0" type="cond" truecount="0" falsecount="2"/>
        <line num="2836" count="0" type="stmt"/>
        <line num="2850" count="0" type="stmt"/>
        <line num="2851" count="0" type="cond" truecount="0" falsecount="2"/>
        <line num="2865" count="0" type="cond" truecount="0" falsecount="2"/>
        <line num="2869" count="0" type="stmt"/>
        <line num="2871" count="0" type="stmt"/>
        <line num="2873" count="0" type="cond" truecount="0" falsecount="4"/>
        <line num="2874" count="0" type="stmt"/>
        <line num="2875" count="0" type="stmt"/>
        <line num="2877" count="0" type="stmt"/>
        <line num="2880" count="0" type="stmt"/>
        <line num="2881" count="0" type="stmt"/>
        <line num="2882" count="0" type="stmt"/>
        <line num="2888" count="0" type="stmt"/>
        <line num="2892" count="0" type="stmt"/>
        <line num="2896" count="0" type="stmt"/>
        <line num="2900" count="0" type="stmt"/>
        <line num="2904" count="0" type="stmt"/>
        <line num="2908" count="0" type="stmt"/>
        <line num="2911" count="0" type="cond" truecount="0" falsecount="5"/>
        <line num="2912" count="0" type="stmt"/>
        <line num="2913" count="0" type="stmt"/>
        <line num="2916" count="0" type="stmt"/>
        <line num="2921" count="0" type="stmt"/>
        <line num="2924" count="0" type="cond" truecount="0" falsecount="5"/>
        <line num="2925" count="0" type="stmt"/>
        <line num="2926" count="0" type="stmt"/>
        <line num="2929" count="0" type="stmt"/>
        <line num="2934" count="0" type="stmt"/>
        <line num="2938" count="0" type="stmt"/>
        <line num="2942" count="0" type="stmt"/>
        <line num="2946" count="0" type="stmt"/>
        <line num="2951" count="0" type="stmt"/>
        <line num="2955" count="0" type="stmt"/>
        <line num="2956" count="0" type="stmt"/>
        <line num="2967" count="0" type="stmt"/>
        <line num="2973" count="0" type="stmt"/>
        <line num="2974" count="0" type="cond" truecount="0" falsecount="2"/>
        <line num="2977" count="0" type="stmt"/>
        <line num="2988" count="0" type="stmt"/>
        <line num="2998" count="0" type="stmt"/>
        <line num="2999" count="0" type="stmt"/>
        <line num="3000" count="0" type="cond" truecount="0" falsecount="2"/>
        <line num="3005" count="0" type="cond" truecount="0" falsecount="2"/>
        <line num="3006" count="0" type="cond" truecount="0" falsecount="2"/>
        <line num="3016" count="0" type="stmt"/>
      </file>
    </package>
    <package name="vue-template.dist.webpack:.node_modules.vue.dist">
      <metrics statements="1788" coveredstatements="0" conditionals="2334" coveredconditionals="0" methods="461" coveredmethods="0"/>
      <file name="vue.runtime.esm.js" path="/Users/debaozhang/gitlab/vue-template/dist/webpack:/node_modules/vue/dist/vue.runtime.esm.js">
        <metrics statements="1788" coveredstatements="0" conditionals="2334" coveredconditionals="0" methods="461" coveredmethods="0"/>
        <line num="8" count="0" type="stmt"/>
        <line num="13" count="0" type="stmt"/>
        <line num="17" count="0" type="stmt"/>
        <line num="21" count="0" type="stmt"/>
        <line num="32" count="0" type="stmt"/>
        <line num="47" count="0" type="cond" truecount="0" falsecount="2"/>
        <line num="53" count="0" type="stmt"/>
        <line num="64" count="0" type="stmt"/>
        <line num="68" count="0" type="stmt"/>
        <line num="75" count="0" type="stmt"/>
        <line num="76" count="0" type="cond" truecount="0" falsecount="3"/>
        <line num="80" count="0" type="stmt"/>
        <line num="91" count="0" type="stmt"/>
        <line num="103" count="0" type="stmt"/>
        <line num="104" count="0" type="cond" truecount="0" falsecount="2"/>
        <line num="115" count="0" type="stmt"/>
        <line num="116" count="0" type="stmt"/>
        <line num="117" count="0" type="stmt"/>
        <line num="118" count="0" type="stmt"/>
        <line num="120" count="0" type="stmt"/>
        <line num="121" count="0" type="cond" truecount="0" falsecount="2"/>
        <line num="122" count="0" type="stmt"/>
        <line num="128" count="0" type="stmt"/>
        <line num="133" count="0" type="stmt"/>
        <line num="139" count="0" type="cond" truecount="0" falsecount="2"/>
        <line num="140" count="0" type="stmt"/>
        <line num="141" count="0" type="cond" truecount="0" falsecount="2"/>
        <line num="142" count="0" type="stmt"/>
        <line num="150" count="0" type="stmt"/>
        <line num="152" count="0" type="stmt"/>
        <line num="159" count="0" type="stmt"/>
        <line num="160" count="0" type="stmt"/>
        <line num="162" count="0" type="stmt"/>
        <line num="169" count="0" type="stmt"/>
        <line num="170" count="0" type="stmt"/>
        <line num="171" count="0" type="cond" truecount="0" falsecount="2"/>
        <line num="177" count="0" type="stmt"/>
        <line num="178" count="0" type="stmt"/>
        <line num="184" count="0" type="stmt"/>
        <line num="185" count="0" type="stmt"/>
        <line num="186" count="0" type="stmt"/>
        <line num="200" count="0" type="stmt"/>
        <line num="201" count="0" type="stmt"/>
        <line num="209" count="0" type="stmt"/>
        <line num="213" count="0" type="stmt"/>
        <line num="216" count="0" type="stmt"/>
        <line num="224" count="0" type="cond" truecount="0" falsecount="2"/>
        <line num="225" count="0" type="stmt"/>
        <line num="226" count="0" type="stmt"/>
        <line num="227" count="0" type="stmt"/>
        <line num="228" count="0" type="stmt"/>
        <line num="230" count="0" type="stmt"/>
        <line num="237" count="0" type="stmt"/>
        <line num="238" count="0" type="stmt"/>
        <line num="240" count="0" type="stmt"/>
        <line num="247" count="0" type="stmt"/>
        <line num="248" count="0" type="stmt"/>
        <line num="249" count="0" type="cond" truecount="0" falsecount="2"/>
        <line num="253" count="0" type="stmt"/>
        <line num="268" count="0" type="stmt"/>
        <line num="275" count="0" type="stmt"/>
        <line num="282" count="0" type="cond" truecount="0" falsecount="2"/>
        <line num="283" count="0" type="stmt"/>
        <line num="284" count="0" type="stmt"/>
        <line num="285" count="0" type="cond" truecount="0" falsecount="4"/>
        <line num="286" count="0" type="stmt"/>
        <line num="287" count="0" type="stmt"/>
        <line num="288" count="0" type="stmt"/>
        <line num="289" count="0" type="cond" truecount="0" falsecount="4"/>
        <line num="290" count="0" type="cond" truecount="0" falsecount="2"/>
        <line num="291" count="0" type="stmt"/>
        <line num="293" count="0" type="cond" truecount="0" falsecount="4"/>
        <line num="294" count="0" type="stmt"/>
        <line num="295" count="0" type="cond" truecount="0" falsecount="4"/>
        <line num="296" count="0" type="stmt"/>
        <line num="297" count="0" type="stmt"/>
        <line num="298" count="0" type="cond" truecount="0" falsecount="2"/>
        <line num="299" count="0" type="stmt"/>
        <line num="303" count="0" type="stmt"/>
        <line num="307" count="0" type="stmt"/>
        <line num="309" count="0" type="cond" truecount="0" falsecount="3"/>
        <line num="322" count="0" type="stmt"/>
        <line num="323" count="0" type="cond" truecount="0" falsecount="2"/>
        <line num="325" count="0" type="stmt"/>
        <line num="332" count="0" type="stmt"/>
        <line num="333" count="0" type="stmt"/>
        <line num="334" count="0" type="cond" truecount="0" falsecount="2"/>
        <line num="343" count="0" type="stmt"/>
        <line num="349" count="0" type="stmt"/>
        <line num="368" count="0" type="stmt"/>
        <line num="469" count="0" type="stmt"/>
        <line num="483" count="0" type="stmt"/>
        <line num="494" count="0" type="stmt"/>
        <line num="496" count="0" type="cond" truecount="0" falsecount="2"/>
        <line num="499" count="0" type="stmt"/>
        <line num="500" count="0" type="stmt"/>
        <line num="501" count="0" type="stmt"/>
        <line num="502" count="0" type="cond" truecount="0" falsecount="2"/>
        <line num="503" count="0" type="stmt"/>
        <line num="505" count="0" type="stmt"/>
        <line num="512" count="0" type="stmt"/>
        <line num="515" count="0" type="stmt"/>
        <line num="516" count="0" type="cond" truecount="0" falsecount="2"/>
        <line num="517" count="0" type="cond" truecount="0" falsecount="2"/>
        <line num="518" count="0" type="cond" truecount="0" falsecount="2"/>
        <line num="519" count="0" type="cond" truecount="0" falsecount="2"/>
        <line num="520" count="0" type="cond" truecount="0" falsecount="2"/>
        <line num="521" count="0" type="cond" truecount="0" falsecount="2"/>
        <line num="522" count="0" type="cond" truecount="0" falsecount="2"/>
        <line num="524" count="0" type="cond" truecount="0" falsecount="2"/>
        <line num="529" count="0" type="stmt"/>
        <line num="531" count="0" type="stmt"/>
        <line num="532" count="0" type="cond" truecount="0" falsecount="2"/>
        <line num="533" count="0" type="stmt"/>
        <line num="534" count="0" type="stmt"/>
        <line num="535" count="0" type="stmt"/>
        <line num="538" count="0" type="stmt"/>
        <line num="548" count="0" type="stmt"/>
        <line num="559" count="0" type="cond" truecount="0" falsecount="2"/>
        <line num="563" count="0" type="cond" truecount="0" falsecount="2"/>
        <line num="567" count="0" type="cond" truecount="0" falsecount="2"/>
        <line num="571" count="0" type="cond" truecount="0" falsecount="4"/>
        <line num="578" count="0" type="cond" truecount="0" falsecount="2"/>
        <line num="583" count="0" type="stmt"/>
        <line num="586" count="0" type="stmt"/>
        <line num="589" count="0" type="stmt"/>
        <line num="592" count="0" type="stmt"/>
        <line num="595" count="0" type="stmt"/>
        <line num="601" count="0" type="stmt"/>
        <line num="695" count="0" type="stmt"/>
        <line num="701" count="0" type="stmt"/>
        <line num="702" count="0" type="stmt"/>
        <line num="706" count="0" type="stmt"/>
        <line num="707" count="0" type="stmt"/>
        <line num="711" count="0" type="stmt"/>
        <line num="715" count="0" type="cond" truecount="0" falsecount="2"/>
        <line num="722" count="0" type="stmt"/>
        <line num="729" count="0" type="stmt"/>
        <line num="730" count="0" type="stmt"/>
        <line num="738" count="0" type="stmt"/>
        <line num="741" count="0" type="stmt"/>
        <line num="746" count="0" type="stmt"/>
        <line num="752" count="0" type="stmt"/>
        <line num="762" count="0" type="stmt"/>
        <line num="787" count="0" type="stmt"/>
        <line num="791" count="0" type="stmt"/>
        <line num="792" count="0" type="stmt"/>
        <line num="797" count="0" type="cond" truecount="0" falsecount="2"/>
        <line num="800" count="0" type="stmt"/>
        <line num="803" count="0" type="stmt"/>
        <line num="807" count="0" type="stmt"/>
        <line num="815" count="0" type="stmt"/>
        <line num="837" count="0" type="stmt"/>
        <line num="845" count="0" type="stmt"/>
        <line num="846" count="0" type="stmt"/>
        <line num="848" count="0" type="stmt"/>
        <line num="863" count="0" type="stmt"/>
        <line num="864" count="0" type="stmt"/>
        <line num="865" count="0" type="stmt"/>
        <line num="866" count="0" type="stmt"/>
        <line num="868" count="0" type="stmt"/>
        <line num="869" count="0" type="stmt"/>
        <line num="871" count="0" type="stmt"/>
        <line num="874" count="0" type="stmt"/>
        <line num="875" count="0" type="stmt"/>
        <line num="877" count="0" type="stmt"/>
        <line num="883" count="0" type="stmt"/>
        <line num="889" count="0" type="stmt"/>
        <line num="895" count="0" type="stmt"/>
        <line num="898" count="0" type="stmt"/>
        <line num="907" count="0" type="stmt"/>
        <line num="908" count="0" type="stmt"/>
        <line num="929" count="0" type="stmt"/>
        <line num="930" count="0" type="stmt"/>
        <line num="931" count="0" type="stmt"/>
        <line num="932" count="0" type="stmt"/>
[...]
        <line num="7646" count="0" type="stmt"/>
        <line num="7647" count="0" type="cond" truecount="0" falsecount="4"/>
        <line num="7648" count="0" type="stmt"/>
        <line num="7652" count="0" type="cond" truecount="0" falsecount="2"/>
        <line num="7656" count="0" type="stmt"/>
        <line num="7657" count="0" type="stmt"/>
        <line num="7658" count="0" type="stmt"/>
        <line num="7659" count="0" type="stmt"/>
        <line num="7660" count="0" type="stmt"/>
        <line num="7661" count="0" type="stmt"/>
        <line num="7662" count="0" type="stmt"/>
        <line num="7663" count="0" type="stmt"/>
        <line num="7664" count="0" type="stmt"/>
        <line num="7665" count="0" type="stmt"/>
        <line num="7666" count="0" type="stmt"/>
        <line num="7668" count="0" type="cond" truecount="0" falsecount="2"/>
        <line num="7669" count="0" type="stmt"/>
        <line num="7671" count="0" type="stmt"/>
        <line num="7677" count="0" type="stmt"/>
        <line num="7681" count="0" type="stmt"/>
        <line num="7682" count="0" type="cond" truecount="0" falsecount="3"/>
        <line num="7701" count="0" type="stmt"/>
        <line num="7709" count="0" type="cond" truecount="0" falsecount="5"/>
        <line num="7721" count="0" type="stmt"/>
        <line num="7759" count="0" type="cond" truecount="0" falsecount="2"/>
        <line num="7769" count="0" type="cond" truecount="0" falsecount="2"/>
        <line num="7770" count="0" type="stmt"/>
        <line num="7772" count="0" type="stmt"/>
        <line num="7773" count="0" type="stmt"/>
        <line num="7785" count="0" type="cond" truecount="0" falsecount="2"/>
        <line num="7794" count="0" type="stmt"/>
        <line num="7827" count="0" type="cond" truecount="0" falsecount="2"/>
        <line num="7830" count="0" type="stmt"/>
        <line num="7831" count="0" type="cond" truecount="0" falsecount="3"/>
        <line num="7837" count="0" type="stmt"/>
        <line num="7839" count="0" type="stmt"/>
        <line num="7843" count="0" type="stmt"/>
        <line num="7868" count="0" type="cond" truecount="0" falsecount="2"/>
        <line num="7869" count="0" type="stmt"/>
        <line num="7874" count="0" type="stmt"/>
        <line num="7875" count="0" type="stmt"/>
        <line num="7876" count="0" type="cond" truecount="0" falsecount="2"/>
        <line num="7880" count="0" type="cond" truecount="0" falsecount="2"/>
        <line num="7891" count="0" type="stmt"/>
        <line num="7895" count="0" type="stmt"/>
        <line num="7901" count="0" type="stmt"/>
        <line num="7902" count="0" type="stmt"/>
        <line num="7903" count="0" type="cond" truecount="0" falsecount="4"/>
        <line num="7912" count="0" type="stmt"/>
        <line num="7914" count="0" type="cond" truecount="0" falsecount="2"/>
        <line num="7915" count="0" type="stmt"/>
        <line num="7920" count="0" type="cond" truecount="0" falsecount="2"/>
        <line num="7924" count="0" type="stmt"/>
        <line num="7928" count="0" type="cond" truecount="0" falsecount="2"/>
        <line num="7934" count="0" type="stmt"/>
        <line num="7938" count="0" type="stmt"/>
        <line num="7944" count="0" type="stmt"/>
        <line num="7949" count="0" type="cond" truecount="0" falsecount="2"/>
        <line num="7955" count="0" type="stmt"/>
        <line num="7956" count="0" type="stmt"/>
        <line num="7964" count="0" type="cond" truecount="0" falsecount="3"/>
        <line num="7971" count="0" type="stmt"/>
        <line num="7974" count="0" type="cond" truecount="0" falsecount="2"/>
        <line num="7975" count="0" type="stmt"/>
        <line num="7977" count="0" type="cond" truecount="0" falsecount="2"/>
        <line num="7980" count="0" type="stmt"/>
        <line num="7988" count="0" type="cond" truecount="0" falsecount="2"/>
        <line num="7999" count="0" type="stmt"/>
        <line num="8003" count="0" type="stmt"/>
        <line num="8018" count="0" type="cond" truecount="0" falsecount="2"/>
        <line num="8024" count="0" type="stmt"/>
        <line num="8031" count="0" type="stmt"/>
        <line num="8052" count="0" type="cond" truecount="0" falsecount="2"/>
        <line num="8053" count="0" type="cond" truecount="0" falsecount="2"/>
        <line num="8061" count="0" type="stmt"/>
        <line num="8062" count="0" type="stmt"/>
        <line num="8064" count="0" type="stmt"/>
        <line num="8065" count="0" type="stmt"/>
        <line num="8069" count="0" type="stmt"/>
        <line num="8070" count="0" type="stmt"/>
        <line num="8071" count="0" type="stmt"/>
        <line num="8073" count="0" type="stmt"/>
        <line num="8077" count="0" type="cond" truecount="0" falsecount="2"/>
        <line num="8078" count="0" type="stmt"/>
        <line num="8085" count="0" type="stmt"/>
        <line num="8086" count="0" type="cond" truecount="0" falsecount="2"/>
        <line num="8087" count="0" type="stmt"/>
        <line num="8093" count="0" type="cond" truecount="0" falsecount="2"/>
        <line num="8096" count="0" type="cond" truecount="0" falsecount="2"/>
        <line num="8098" count="0" type="stmt"/>
        <line num="8100" count="0" type="stmt"/>
        <line num="8106" count="0" type="stmt"/>
        <line num="8108" count="0" type="stmt"/>
        <line num="8109" count="0" type="cond" truecount="0" falsecount="4"/>
        <line num="8121" count="0" type="stmt"/>
        <line num="8129" count="0" type="stmt"/>
        <line num="8132" count="0" type="stmt"/>
        <line num="8141" count="0" type="stmt"/>
        <line num="8145" count="0" type="cond" truecount="0" falsecount="2"/>
        <line num="8146" count="0" type="stmt"/>
        <line num="8151" count="0" type="stmt"/>
        <line num="8153" count="0" type="cond" truecount="0" falsecount="2"/>
        <line num="8154" count="0" type="stmt"/>
        <line num="8157" count="0" type="cond" truecount="0" falsecount="2"/>
        <line num="8158" count="0" type="stmt"/>
        <line num="8164" count="0" type="stmt"/>
        <line num="8165" count="0" type="stmt"/>
        <line num="8173" count="0" type="cond" truecount="0" falsecount="2"/>
        <line num="8174" count="0" type="stmt"/>
        <line num="8175" count="0" type="stmt"/>
        <line num="8183" count="0" type="cond" truecount="0" falsecount="2"/>
        <line num="8193" count="0" type="stmt"/>
        <line num="8195" count="0" type="cond" truecount="0" falsecount="2"/>
        <line num="8199" count="0" type="stmt"/>
        <line num="8202" count="0" type="stmt"/>
        <line num="8203" count="0" type="cond" truecount="0" falsecount="2"/>
        <line num="8204" count="0" type="cond" truecount="0" falsecount="2"/>
        <line num="8205" count="0" type="stmt"/>
        <line num="8208" count="0" type="stmt"/>
        <line num="8209" count="0" type="stmt"/>
        <line num="8211" count="0" type="stmt"/>
        <line num="8215" count="0" type="stmt"/>
        <line num="8221" count="0" type="stmt"/>
        <line num="8232" count="0" type="stmt"/>
        <line num="8234" count="0" type="stmt"/>
        <line num="8235" count="0" type="stmt"/>
        <line num="8236" count="0" type="stmt"/>
        <line num="8238" count="0" type="stmt"/>
        <line num="8251" count="0" type="cond" truecount="0" falsecount="3"/>
        <line num="8252" count="0" type="stmt"/>
        <line num="8253" count="0" type="stmt"/>
        <line num="8254" count="0" type="cond" truecount="0" falsecount="2"/>
        <line num="8255" count="0" type="stmt"/>
        <line num="8256" count="0" type="stmt"/>
        <line num="8258" count="0" type="stmt"/>
        <line num="8259" count="0" type="stmt"/>
        <line num="8260" count="0" type="cond" truecount="0" falsecount="2"/>
        <line num="8261" count="0" type="cond" truecount="0" falsecount="4"/>
        <line num="8262" count="0" type="stmt"/>
        <line num="8273" count="0" type="cond" truecount="0" falsecount="2"/>
        <line num="8274" count="0" type="stmt"/>
        <line num="8275" count="0" type="stmt"/>
        <line num="8276" count="0" type="stmt"/>
        <line num="8277" count="0" type="stmt"/>
        <line num="8278" count="0" type="stmt"/>
        <line num="8286" count="0" type="stmt"/>
        <line num="8290" count="0" type="stmt"/>
        <line num="8294" count="0" type="stmt"/>
        <line num="8295" count="0" type="cond" truecount="0" falsecount="4"/>
        <line num="8296" count="0" type="cond" truecount="0" falsecount="3"/>
        <line num="8312" count="0" type="cond" truecount="0" falsecount="2"/>
        <line num="8313" count="0" type="stmt"/>
        <line num="8314" count="0" type="stmt"/>
        <line num="8315" count="0" type="stmt"/>
        <line num="8318" count="0" type="cond" truecount="0" falsecount="5"/>
        <line num="8334" count="0" type="cond" truecount="0" falsecount="2"/>
        <line num="8335" count="0" type="stmt"/>
        <line num="8338" count="0" type="cond" truecount="0" falsecount="2"/>
        <line num="8339" count="0" type="stmt"/>
        <line num="8346" count="0" type="stmt"/>
        <line num="8347" count="0" type="cond" truecount="0" falsecount="2"/>
        <line num="8348" count="0" type="stmt"/>
        <line num="8353" count="0" type="stmt"/>
        <line num="8355" count="0" type="stmt"/>
        <line num="8362" count="0" type="cond" truecount="0" falsecount="2"/>
        <line num="8372" count="0" type="stmt"/>
        <line num="8376" count="0" type="stmt"/>
        <line num="8377" count="0" type="stmt"/>
        <line num="8378" count="0" type="stmt"/>
        <line num="8379" count="0" type="stmt"/>
        <line num="8380" count="0" type="cond" truecount="0" falsecount="4"/>
        <line num="8381" count="0" type="stmt"/>
        <line num="8382" count="0" type="stmt"/>
        <line num="8383" count="0" type="stmt"/>
        <line num="8384" count="0" type="stmt"/>
        <line num="8388" count="0" type="stmt"/>
        <line num="8396" count="0" type="stmt"/>
        <line num="8415" count="0" type="stmt"/>
        <line num="8422" count="0" type="cond" truecount="0" falsecount="3"/>
      </file>
    </package>
    <package name="vue-template.dist.webpack:.src">
      <metrics statements="2" coveredstatements="0" conditionals="0" coveredconditionals="0" methods="1" coveredmethods="0"/>
      <file name="main.ts" path="/Users/debaozhang/gitlab/vue-template/dist/webpack:/src/main.ts">
        <metrics statements="2" coveredstatements="0" conditionals="0" coveredconditionals="0" methods="1" coveredmethods="0"/>
        <line num="7" count="0" type="stmt"/>
        <line num="13" count="0" type="stmt"/>
      </file>
    </package>
    <package name="vue-template.dist.webpack:.src.views">
      <metrics statements="22" coveredstatements="0" conditionals="9" coveredconditionals="0" methods="4" coveredmethods="0"/>
      <file name="App.vue" path="/Users/debaozhang/gitlab/vue-template/dist/webpack:/src/views/App.vue">
        <metrics statements="2" coveredstatements="0" conditionals="0" coveredconditionals="0" methods="0" coveredmethods="0"/>
        <line num="8" count="0" type="stmt"/>
        <line num="38" count="0" type="stmt"/>
      </file>
      <file name="App.vue?3ab7" path="/Users/debaozhang/gitlab/vue-template/dist/webpack:/src/views/App.vue?3ab7">
        <metrics statements="4" coveredstatements="0" conditionals="2" coveredconditionals="0" methods="1" coveredmethods="0"/>
        <line num="1" count="0" type="stmt"/>
        <line num="2" count="0" type="cond" truecount="0" falsecount="2"/>
        <line num="5" count="0" type="stmt"/>
        <line num="8" count="0" type="stmt"/>
      </file>
      <file name="App.vue?d151" path="/Users/debaozhang/gitlab/vue-template/dist/webpack:/src/views/App.vue?d151">
        <metrics statements="1" coveredstatements="0" conditionals="3" coveredconditionals="0" methods="1" coveredmethods="0"/>
        <line num="12" count="0" type="cond" truecount="0" falsecount="3"/>
      </file>
      <file name="home.vue" path="/Users/debaozhang/gitlab/vue-template/dist/webpack:/src/views/home.vue">
        <metrics statements="2" coveredstatements="0" conditionals="0" coveredconditionals="0" methods="0" coveredmethods="0"/>
        <line num="10" count="0" type="stmt"/>
        <line num="39" count="0" type="stmt"/>
      </file>
      <file name="home.vue?ad12" path="/Users/debaozhang/gitlab/vue-template/dist/webpack:/src/views/home.vue?ad12">
        <metrics statements="4" coveredstatements="0" conditionals="2" coveredconditionals="0" methods="1" coveredmethods="0"/>
        <line num="1" count="0" type="stmt"/>
        <line num="2" count="0" type="cond" truecount="0" falsecount="2"/>
        <line num="5" count="0" type="stmt"/>
        <line num="8" count="0" type="stmt"/>
      </file>
      <file name="home.vue?f9a9" path="/Users/debaozhang/gitlab/vue-template/dist/webpack:/src/views/home.vue?f9a9">
        <metrics statements="1" coveredstatements="0" conditionals="0" coveredconditionals="0" methods="0" coveredmethods="0"/>
        <line num="1" count="0" type="stmt"/>
      </file>
      <file name="test.vue" path="/Users/debaozhang/gitlab/vue-template/dist/webpack:/src/views/test.vue">
        <metrics statements="3" coveredstatements="0" conditionals="0" coveredconditionals="0" methods="0" coveredmethods="0"/>
        <line num="8" count="0" type="stmt"/>
        <line num="9" count="0" type="stmt"/>
        <line num="39" count="0" type="stmt"/>
      </file>
      <file name="test.vue?3447" path="/Users/debaozhang/gitlab/vue-template/dist/webpack:/src/views/test.vue?3447">
        <metrics statements="1" coveredstatements="0" conditionals="0" coveredconditionals="0" methods="0" coveredmethods="0"/>
        <line num="1" count="0" type="stmt"/>
      </file>
      <file name="test.vue?8058" path="/Users/debaozhang/gitlab/vue-template/dist/webpack:/src/views/test.vue?8058">
        <metrics statements="4" coveredstatements="0" conditionals="2" coveredconditionals="0" methods="1" coveredmethods="0"/>
        <line num="1" count="0" type="stmt"/>
        <line num="2" count="0" type="cond" truecount="0" falsecount="2"/>
        <line num="5" count="0" type="stmt"/>
        <line num="8" count="0" type="stmt"/>
      </file>
    </package>
    <package name="vue-template.dist.webpack:.webpack">
      <metrics statements="18" coveredstatements="0" conditionals="25" coveredconditionals="0" methods="10" coveredmethods="0"/>
      <file name="bootstrap" path="/Users/debaozhang/gitlab/vue-template/dist/webpack:/webpack/bootstrap">
        <metrics statements="18" coveredstatements="0" conditionals="25" coveredconditionals="0" methods="10" coveredmethods="0"/>
        <line num="2" count="0" type="stmt"/>
        <line num="8" count="0" type="cond" truecount="0" falsecount="2"/>
        <line num="9" count="0" type="stmt"/>
        <line num="12" count="0" type="stmt"/>
        <line num="25" count="0" type="stmt"/>
        <line num="30" count="0" type="stmt"/>
        <line num="37" count="0" type="cond" truecount="0" falsecount="2"/>
        <line num="44" count="0" type="cond" truecount="0" falsecount="3"/>
        <line num="57" count="0" type="cond" truecount="0" falsecount="2"/>
        <line num="58" count="0" type="cond" truecount="0" falsecount="6"/>
        <line num="59" count="0" type="stmt"/>
        <line num="62" count="0" type="cond" truecount="0" falsecount="4"/>
        <line num="63" count="0" type="stmt"/>
        <line num="68" count="0" type="cond" truecount="0" falsecount="2"/>
        <line num="69" count="0" type="cond" truecount="0" falsecount="2"/>
        <line num="70" count="0" type="stmt"/>
        <line num="72" count="0" type="stmt"/>
        <line num="76" count="0" type="stmt"/>
      </file>
    </package>
    <package name="vue-template.src.component">
      <metrics statements="1" coveredstatements="0" conditionals="0" coveredconditionals="0" methods="1" coveredmethods="0"/>
      <file name="myButton.vue" path="/Users/debaozhang/gitlab/vue-template/src/component/myButton.vue">
        <metrics statements="1" coveredstatements="0" conditionals="0" coveredconditionals="0" methods="1" coveredmethods="0"/>
        <line num="12" count="0" type="stmt"/>
      </file>
    </package>
    <package name="vue-template.src.preset">
      <metrics statements="21" coveredstatements="0" conditionals="19" coveredconditionals="0" methods="7" coveredmethods="0"/>
      <file name="request.js" path="/Users/debaozhang/gitlab/vue-template/src/preset/request.js">
        <metrics statements="18" coveredstatements="0" conditionals="19" coveredconditionals="0" methods="5" coveredmethods="0"/>
        <line num="1" count="0" type="stmt"/>
        <line num="2" count="0" type="stmt"/>
        <line num="3" count="0" type="stmt"/>
        <line num="4" count="0" type="stmt"/>
        <line num="10" count="0" type="stmt"/>
        <line num="19" count="0" type="cond" truecount="0" falsecount="4"/>
        <line num="20" count="0" type="stmt"/>
        <line num="21" count="0" type="stmt"/>
        <line num="32" count="0" type="cond" truecount="0" falsecount="5"/>
        <line num="33" count="0" type="stmt"/>
        <line num="35" count="0" type="stmt"/>
        <line num="44" count="0" type="stmt"/>
        <line num="55" count="0" type="cond" truecount="0" falsecount="5"/>
        <line num="56" count="0" type="stmt"/>
        <line num="57" count="0" type="stmt"/>
        <line num="68" count="0" type="cond" truecount="0" falsecount="5"/>
        <line num="69" count="0" type="stmt"/>
        <line num="70" count="0" type="stmt"/>
      </file>
      <file name="store.js" path="/Users/debaozhang/gitlab/vue-template/src/preset/store.js">
        <metrics statements="3" coveredstatements="0" conditionals="0" coveredconditionals="0" methods="2" coveredmethods="0"/>
        <line num="4" count="0" type="stmt"/>
        <line num="5" count="0" type="stmt"/>
        <line num="17" count="0" type="stmt"/>
      </file>
    </package>
    <package name="vue-template.src.stories">
      <metrics statements="2" coveredstatements="0" conditionals="0" coveredconditionals="0" methods="2" coveredmethods="0"/>
      <file name="myButton.stories.js" path="/Users/debaozhang/gitlab/vue-template/src/stories/myButton.stories.js">
        <metrics statements="2" coveredstatements="0" conditionals="0" coveredconditionals="0" methods="2" coveredmethods="0"/>
        <line num="7" count="0" type="stmt"/>
        <line num="13" count="0" type="stmt"/>
      </file>
    </package>
    <package name="vue-template.src.views">
      <metrics statements="6" coveredstatements="1" conditionals="0" coveredconditionals="0" methods="1" coveredmethods="0"/>
      <file name="App.vue" path="/Users/debaozhang/gitlab/vue-template/src/views/App.vue">
        <metrics statements="4" coveredstatements="0" conditionals="0" coveredconditionals="0" methods="1" coveredmethods="0"/>
        <line num="8" count="0" type="stmt"/>
        <line num="9" count="0" type="stmt"/>
        <line num="11" count="0" type="stmt"/>
        <line num="12" count="0" type="stmt"/>
      </file>
      <file name="home.vue" path="/Users/debaozhang/gitlab/vue-template/src/views/home.vue">
        <metrics statements="1" coveredstatements="0" conditionals="0" coveredconditionals="0" methods="0" coveredmethods="0"/>
        <line num="9" count="0" type="stmt"/>
      </file>
      <file name="test.vue" path="/Users/debaozhang/gitlab/vue-template/src/views/test.vue">
        <metrics statements="1" coveredstatements="1" conditionals="0" coveredconditionals="0" methods="0" coveredmethods="0"/>
        <line num="8" count="1" type="stmt"/>
      </file>
    </package>
  </project>
</coverage>
