TN:
SF:babel.config.js
FNF:0
FNH:0
DA:1,0
LF:1
LH:0
BRF:0
BRH:0
end_of_record
TN:
SF:commitlint.config.js
FNF:0
FNH:0
DA:1,0
LF:1
LH:0
BRF:0
BRH:0
end_of_record
TN:
SF:postcss.config.js
FNF:0
FNH:0
DA:1,0
LF:1
LH:0
BRF:0
BRH:0
end_of_record
TN:
SF:webpack.common.js
FNF:0
FNH:0
DA:2,0
DA:3,0
DA:4,0
DA:5,0
DA:6,0
DA:7,0
LF:6
LH:0
BRDA:79,0,0,0
BRDA:79,0,1,0
BRDA:80,1,0,0
BRDA:80,1,1,0
BRF:4
BRH:0
end_of_record
TN:
SF:webpack.dev.js
FNF:0
FNH:0
DA:2,0
DA:3,0
DA:4,0
DA:5,0
DA:6,0
LF:5
LH:0
BRF:0
BRH:0
end_of_record
TN:
SF:webpack.prod.js
FNF:0
FNH:0
DA:2,0
DA:3,0
DA:4,0
DA:5,0
DA:6,0
DA:7,0
DA:8,0
DA:9,0
DA:10,0
LF:9
LH:0
BRF:0
BRH:0
end_of_record
TN:
SF:config/common.js
FN:7,(anonymous_0)
FNF:1
FNH:0
FNDA:0,(anonymous_0)
DA:2,0
DA:8,0
DA:9,0
DA:10,0
DA:12,0
DA:13,0
DA:15,0
DA:17,0
LF:8
LH:0
BRDA:10,0,0,0
BRDA:10,0,1,0
BRF:2
BRH:0
end_of_record
TN:
SF:config/dev.js
FNF:0
FNH:0
DA:5,0
LF:1
LH:0
BRDA:12,0,0,0
BRDA:12,0,1,0
BRF:2
BRH:0
end_of_record
TN:
SF:config/prod.js
FNF:0
FNH:0
DA:5,0
LF:1
LH:0
BRDA:12,0,0,0
BRDA:12,0,1,0
BRF:2
BRH:0
end_of_record
TN:
SF:coverage/lcov-report/block-navigation.js
FN:2,init
FN:24,toggleClass
FN:31,makeCurrent
FN:41,goToPrevious
FN:52,goToNext
FN:65,jump
FNF:6
FNH:0
FNDA:0,init
FNDA:0,toggleClass
FNDA:0,makeCurrent
FNDA:0,goToPrevious
FNDA:0,goToNext
FNDA:0,jump
DA:2,0
DA:4,0
DA:7,0
DA:10,0
DA:14,0
DA:20,0
DA:25,0
DA:28,0
DA:32,0
DA:33,0
DA:34,0
DA:42,0
DA:43,0
DA:44,0
DA:45,0
DA:46,0
DA:49,0
DA:53,0
DA:55,0
DA:59,0
DA:62,0
DA:65,0
DA:66,0
DA:69,0
DA:70,0
DA:74,0
DA:75,0
DA:79,0
LF:28
LH:0
BRDA:43,0,0,0
BRDA:43,0,1,0
BRDA:43,1,0,0
BRDA:43,1,1,0
BRDA:45,2,0,0
BRDA:45,2,1,0
BRDA:55,3,0,0
BRDA:55,3,1,0
BRDA:56,4,0,0
BRDA:56,4,1,0
BRDA:66,5,0,0
BRDA:66,5,1,0
BRDA:66,5,2,0
BRDA:66,5,3,0
BRDA:66,5,4,0
BRF:15
BRH:0
end_of_record
TN:
SF:coverage/lcov-report/prettify.js
FN:2,(anonymous_0)
FN:2,k
FN:2,ab
FN:2,T
FN:2,X
FN:2,(anonymous_5)
FN:2,W
FN:2,(anonymous_7)
FN:2,a
FN:2,aa
FN:2,B
FN:2,o
FN:2,g
FN:2,(anonymous_13)
FN:2,(anonymous_14)
FN:2,i
FN:2,Q
FN:2,ae
FN:2,ad
FN:2,ai
FN:2,D
FN:2,c
FN:2,q
FN:2,d
FN:2,y
FN:2,b
FN:2,Y
FN:2,(anonymous_27)
FN:2,U
FNF:29
FNH:0
FNDA:0,(anonymous_0)
FNDA:0,k
FNDA:0,ab
FNDA:0,T
FNDA:0,X
FNDA:0,(anonymous_5)
FNDA:0,W
FNDA:0,(anonymous_7)
FNDA:0,a
FNDA:0,aa
FNDA:0,B
FNDA:0,o
FNDA:0,g
FNDA:0,(anonymous_13)
FNDA:0,(anonymous_14)
FNDA:0,i
FNDA:0,Q
FNDA:0,ae
FNDA:0,ad
FNDA:0,ai
FNDA:0,D
FNDA:0,c
FNDA:0,q
FNDA:0,d
FNDA:0,y
FNDA:0,b
FNDA:0,Y
FNDA:0,(anonymous_27)
FNDA:0,U
DA:2,0
LF:1
LH:0
BRDA:2,0,0,0
BRDA:2,0,1,0
BRDA:2,1,0,0
BRDA:2,1,1,0
BRDA:2,2,0,0
BRDA:2,2,1,0
BRDA:2,3,0,0
BRDA:2,3,1,0
BRDA:2,4,0,0
BRDA:2,4,1,0
BRDA:2,5,0,0
BRDA:2,5,1,0
BRDA:2,6,0,0
BRDA:2,6,1,0
BRDA:2,7,0,0
BRDA:2,7,1,0
BRDA:2,8,0,0
BRDA:2,8,1,0
BRDA:2,9,0,0
BRDA:2,9,1,0
BRDA:2,10,0,0
BRDA:2,10,1,0
BRDA:2,11,0,0
BRDA:2,11,1,0
BRDA:2,11,2,0
BRDA:2,11,3,0
BRDA:2,12,0,0
BRDA:2,12,1,0
BRDA:2,13,0,0
BRDA:2,13,1,0
BRDA:2,14,0,0
BRDA:2,14,1,0
BRDA:2,15,0,0
BRDA:2,15,1,0
BRDA:2,16,0,0
BRDA:2,16,1,0
BRDA:2,17,0,0
BRDA:2,17,1,0
BRDA:2,18,0,0
BRDA:2,18,1,0
BRDA:2,19,0,0
BRDA:2,19,1,0
BRDA:2,20,0,0
BRDA:2,20,1,0
BRDA:2,21,0,0
BRDA:2,21,1,0
BRDA:2,22,0,0
BRDA:2,22,1,0
BRDA:2,23,0,0
BRDA:2,23,1,0
BRDA:2,24,0,0
BRDA:2,24,1,0
BRDA:2,25,0,0
BRDA:2,25,1,0
BRDA:2,26,0,0
BRDA:2,26,1,0
BRDA:2,27,0,0
BRDA:2,27,1,0
BRDA:2,28,0,0
BRDA:2,28,1,0
BRDA:2,29,0,0
BRDA:2,29,1,0
BRDA:2,30,0,0
BRDA:2,30,1,0
BRDA:2,31,0,0
BRDA:2,31,1,0
BRDA:2,32,0,0
BRDA:2,32,1,0
BRDA:2,33,0,0
BRDA:2,33,1,0
BRDA:2,34,0,0
BRDA:2,34,1,0
BRDA:2,35,0,0
BRDA:2,35,1,0
BRDA:2,36,0,0
BRDA:2,36,1,0
BRDA:2,37,0,0
BRDA:2,37,1,0
BRDA:2,38,0,0
BRDA:2,38,1,0
BRDA:2,39,0,0
BRDA:2,39,1,0
BRDA:2,40,0,0
BRDA:2,40,1,0
BRDA:2,41,0,0
BRDA:2,41,1,0
BRDA:2,42,0,0
BRDA:2,42,1,0
BRDA:2,43,0,0
BRDA:2,43,1,0
BRDA:2,44,0,0
BRDA:2,44,1,0
BRDA:2,45,0,0
BRDA:2,45,1,0
BRDA:2,46,0,0
BRDA:2,46,1,0
BRDA:2,47,0,0
BRDA:2,47,1,0
BRDA:2,48,0,0
BRDA:2,48,1,0
BRDA:2,49,0,0
BRDA:2,49,1,0
BRDA:2,50,0,0
BRDA:2,50,1,0
BRDA:2,50,2,0
BRDA:2,51,0,0
BRDA:2,51,1,0
BRDA:2,52,0,0
BRDA:2,52,1,0
BRDA:2,53,0,0
BRDA:2,53,1,0
BRDA:2,54,0,0
BRDA:2,54,1,0
BRDA:2,55,0,0
BRDA:2,55,1,0
BRDA:2,56,0,0
BRDA:2,56,1,0
BRDA:2,57,0,0
BRDA:2,57,1,0
BRDA:2,58,0,0
BRDA:2,58,1,0
BRDA:2,59,0,0
BRDA:2,59,1,0
BRDA:2,60,0,0
BRDA:2,60,1,0
BRDA:2,61,0,0
BRDA:2,61,1,0
BRDA:2,62,0,0
BRDA:2,62,1,0
BRDA:2,63,0,0
BRDA:2,63,1,0
BRDA:2,64,0,0
BRDA:2,64,1,0
BRDA:2,65,0,0
BRDA:2,65,1,0
BRDA:2,66,0,0
BRDA:2,66,1,0
BRDA:2,67,0,0
BRDA:2,67,1,0
BRDA:2,68,0,0
BRDA:2,68,1,0
BRDA:2,69,0,0
BRDA:2,69,1,0
BRDA:2,70,0,0
BRDA:2,70,1,0
BRDA:2,71,0,0
BRDA:2,71,1,0
BRDA:2,72,0,0
BRDA:2,72,1,0
BRDA:2,73,0,0
BRDA:2,73,1,0
BRDA:2,74,0,0
BRDA:2,74,1,0
BRDA:2,75,0,0
BRDA:2,75,1,0
BRDA:2,76,0,0
BRDA:2,76,1,0
BRDA:2,77,0,0
BRDA:2,77,1,0
BRDA:2,78,0,0
BRDA:2,78,1,0
BRDA:2,79,0,0
BRDA:2,79,1,0
BRDA:2,80,0,0
BRDA:2,80,1,0
BRDA:2,81,0,0
BRDA:2,81,1,0
BRDA:2,82,0,0
BRDA:2,82,1,0
BRDA:2,83,0,0
BRDA:2,83,1,0
BRDA:2,84,0,0
BRDA:2,84,1,0
BRDA:2,85,0,0
BRDA:2,85,1,0
BRDA:2,86,0,0
BRDA:2,86,1,0
BRDA:2,87,0,0
BRDA:2,87,1,0
BRDA:2,88,0,0
BRDA:2,88,1,0
BRDA:2,89,0,0
BRDA:2,89,1,0
BRDA:2,89,2,0
BRDA:2,90,0,0
BRDA:2,90,1,0
BRDA:2,91,0,0
BRDA:2,91,1,0
BRDA:2,92,0,0
BRDA:2,92,1,0
BRDA:2,93,0,0
BRDA:2,93,1,0
BRDA:2,94,0,0
BRDA:2,94,1,0
BRDA:2,95,0,0
BRDA:2,95,1,0
BRDA:2,96,0,0
BRDA:2,96,1,0
BRDA:2,97,0,0
BRDA:2,97,1,0
BRDA:2,98,0,0
BRDA:2,98,1,0
BRDA:2,99,0,0
BRDA:2,99,1,0
BRDA:2,100,0,0
BRDA:2,100,1,0
BRDA:2,101,0,0
BRDA:2,101,1,0
BRDA:2,102,0,0
BRDA:2,102,1,0
BRDA:2,103,0,0
BRDA:2,103,1,0
BRDA:2,104,0,0
BRDA:2,104,1,0
BRDA:2,105,0,0
BRDA:2,105,1,0
BRDA:2,106,0,0
BRDA:2,106,1,0
BRDA:2,107,0,0
BRDA:2,107,1,0
BRDA:2,108,0,0
BRDA:2,108,1,0
BRDA:2,109,0,0
BRDA:2,109,1,0
BRDA:2,110,0,0
BRDA:2,110,1,0
BRDA:2,111,0,0
BRDA:2,111,1,0
BRDA:2,112,0,0
BRDA:2,112,1,0
BRDA:2,113,0,0
BRDA:2,113,1,0
BRDA:2,114,0,0
BRDA:2,114,1,0
BRDA:2,115,0,0
BRDA:2,115,1,0
BRDA:2,116,0,0
BRDA:2,116,1,0
BRDA:2,117,0,0
BRDA:2,117,1,0
BRDA:2,118,0,0
BRDA:2,118,1,0
BRDA:2,119,0,0
BRDA:2,119,1,0
BRDA:2,120,0,0
BRDA:2,120,1,0
BRDA:2,121,0,0
BRDA:2,121,1,0
BRDA:2,122,0,0
BRDA:2,122,1,0
BRDA:2,123,0,0
BRDA:2,123,1,0
BRDA:2,124,0,0
BRDA:2,124,1,0
BRDA:2,125,0,0
BRDA:2,125,1,0
BRDA:2,126,0,0
BRDA:2,126,1,0
BRDA:2,127,0,0
BRDA:2,127,1,0
BRDA:2,128,0,0
BRDA:2,128,1,0
BRDA:2,128,2,0
BRDA:2,129,0,0
BRDA:2,129,1,0
BRDA:2,130,0,0
BRDA:2,130,1,0
BRDA:2,131,0,0
BRDA:2,131,1,0
BRDA:2,131,2,0
BRDA:2,131,3,0
BRDA:2,131,4,0
BRDA:2,132,0,0
BRDA:2,132,1,0
BRDA:2,133,0,0
BRDA:2,133,1,0
BRDA:2,134,0,0
BRDA:2,134,1,0
BRDA:2,135,0,0
BRDA:2,135,1,0
BRDA:2,136,0,0
BRDA:2,136,1,0
BRDA:2,137,0,0
BRDA:2,137,1,0
BRDA:2,138,0,0
BRDA:2,138,1,0
BRF:286
BRH:0
end_of_record
TN:
SF:coverage/lcov-report/sorter.js
FN:2,(anonymous_0)
FN:11,getTable
FN:15,getTableHeader
FN:19,getTableBody
FN:23,getNthColumn
FN:28,loadColumns
FN:53,loadRowData
FN:72,loadData
FN:81,sortByIndex
FN:83,(anonymous_9)
FN:95,(anonymous_10)
FN:112,removeSortIndicators
FN:120,addSortIndicators
FN:126,enableUI
FN:129,ithSorter
FN:132,(anonymous_15)
FN:159,(anonymous_16)
FNF:17
FNH:0
FNDA:0,(anonymous_0)
FNDA:0,getTable
FNDA:0,getTableHeader
FNDA:0,getTableBody
FNDA:0,getNthColumn
FNDA:0,loadColumns
FNDA:0,loadRowData
FNDA:0,loadData
FNDA:0,sortByIndex
FNDA:0,(anonymous_9)
FNDA:0,(anonymous_10)
FNDA:0,removeSortIndicators
FNDA:0,addSortIndicators
FNDA:0,enableUI
FNDA:0,ithSorter
FNDA:0,(anonymous_15)
FNDA:0,(anonymous_16)
DA:2,0
DA:5,0
DA:12,0
DA:16,0
DA:20,0
DA:24,0
DA:29,0
DA:31,0
DA:35,0
DA:36,0
DA:37,0
DA:42,0
DA:43,0
DA:44,0
DA:45,0
DA:49,0
DA:54,0
DA:57,0
DA:60,0
DA:61,0
DA:62,0
DA:63,0
DA:64,0
DA:65,0
DA:67,0
DA:69,0
DA:73,0
DA:76,0
DA:77,0
DA:82,0
DA:83,0
DA:84,0
DA:85,0
DA:86,0
DA:88,0
DA:89,0
DA:90,0
DA:91,0
DA:94,0
DA:95,0
DA:96,0
DA:100,0
DA:101,0
DA:102,0
DA:105,0
DA:107,0
DA:108,0
DA:113,0
DA:114,0
DA:116,0
DA:117,0
DA:121,0
DA:129,0
DA:130,0
DA:132,0
DA:133,0
DA:135,0
DA:136,0
DA:138,0
DA:139,0
DA:140,0
DA:141,0
DA:142,0
DA:145,0
DA:146,0
DA:149,0
DA:150,0
DA:151,0
DA:153,0
DA:159,0
DA:160,0
DA:161,0
DA:163,0
DA:164,0
DA:165,0
DA:166,0
DA:170,0
LF:77
LH:0
BRDA:40,0,0,0
BRDA:40,0,1,0
BRDA:43,1,0,0
BRDA:43,1,1,0
BRDA:64,2,0,0
BRDA:64,2,1,0
BRDA:86,3,0,0
BRDA:86,3,1,0
BRDA:86,4,0,0
BRDA:86,4,1,0
BRDA:94,5,0,0
BRDA:94,5,1,0
BRDA:121,6,0,0
BRDA:121,6,1,0
BRDA:135,7,0,0
BRDA:135,7,1,0
BRDA:146,8,0,0
BRDA:146,8,1,0
BRDA:150,9,0,0
BRDA:150,9,1,0
BRDA:160,10,0,0
BRDA:160,10,1,0
BRF:22
BRH:0
end_of_record
TN:
SF:dist/webpack:/(webpack)/buildin/global.js
FN:1,(anonymous_472)
FN:4,(anonymous_475)
FNF:2
FNH:0
FNDA:0,(anonymous_472)
FNDA:0,(anonymous_475)
DA:4,0
DA:5,0
DA:8,0
DA:10,0
DA:13,0
DA:20,0
LF:6
LH:0
BRDA:10,0,0,0
BRDA:10,0,1,0
BRDA:13,1,0,0
BRDA:13,1,1,0
BRF:4
BRH:0
end_of_record
TN:
SF:dist/webpack:/node_modules/process/browser.js
FN:2,(anonymous_508)
FN:12,i
FN:15,a
FN:38,s
FN:18,(anonymous_512)
FN:95,p
FN:110,d
FN:63,(anonymous_515)
FN:148,h
FN:162,v
FN:134,(anonymous_518)
FN:152,(anonymous_519)
FN:174,(anonymous_520)
FN:176,(anonymous_521)
FN:180,(anonymous_522)
FN:181,(anonymous_523)
FN:184,(anonymous_524)
FNF:17
FNH:0
FNDA:0,(anonymous_508)
FNDA:0,i
FNDA:0,a
FNDA:0,s
FNDA:0,(anonymous_512)
FNDA:0,p
FNDA:0,d
FNDA:0,(anonymous_515)
FNDA:0,h
FNDA:0,v
FNDA:0,(anonymous_518)
FNDA:0,(anonymous_519)
FNDA:0,(anonymous_520)
FNDA:0,(anonymous_521)
FNDA:0,(anonymous_522)
FNDA:0,(anonymous_523)
FNDA:0,(anonymous_524)
DA:2,0
DA:13,0
DA:16,0
DA:19,0
DA:21,0
DA:26,0
DA:28,0
DA:30,0
DA:35,0
DA:39,0
DA:41,0
DA:44,0
DA:46,0
DA:48,0
DA:50,0
DA:52,0
DA:54,0
DA:57,0
DA:64,0
DA:66,0
DA:69,0
DA:71,0
DA:73,0
DA:75,0
DA:77,0
DA:79,0
DA:83,0
DA:90,0
DA:91,0
DA:93,0
DA:96,0
DA:111,0
DA:114,0
DA:115,0
DA:117,0
DA:118,0
DA:121,0
DA:122,0
DA:126,0
DA:129,0
DA:134,0
DA:135,0
DA:136,0
DA:137,0
DA:138,0
DA:141,0
DA:149,0
DA:153,0
DA:174,0
DA:177,0
DA:180,0
DA:182,0
DA:184,0
LF:53
LH:0
BRDA:39,0,0,0
BRDA:39,0,1,0
BRDA:44,1,0,0
BRDA:44,1,1,0
BRDA:44,2,0,0
BRDA:44,2,1,0
BRDA:44,2,2,0
BRDA:21,3,0,0
BRDA:21,3,1,0
BRDA:30,4,0,0
BRDA:30,4,1,0
BRDA:96,5,0,0
BRDA:96,5,1,0
BRDA:96,5,2,0
BRDA:101,6,0,0
BRDA:101,6,1,0
BRDA:105,7,0,0
BRDA:105,7,1,0
BRDA:111,8,0,0
BRDA:111,8,1,0
BRDA:122,9,0,0
BRDA:122,9,1,0
BRDA:64,10,0,0
BRDA:64,10,1,0
BRDA:69,11,0,0
BRDA:69,11,1,0
BRDA:69,12,0,0
BRDA:69,12,1,0
BRDA:69,12,2,0
BRDA:136,13,0,0
BRDA:136,13,1,0
BRDA:142,14,0,0
BRDA:142,14,1,0
BRDA:142,14,2,0
BRF:34
BRH:0
end_of_record
TN:
SF:dist/webpack:/node_modules/setimmediate/setImmediate.js
FN:1,(anonymous_491)
FN:79,(anonymous_493)
FN:80,(anonymous_494)
FN:84,(anonymous_495)
FN:90,(anonymous_496)
FN:126,(anonymous_497)
FN:131,(anonymous_498)
FN:138,(anonymous_499)
FN:142,(anonymous_500)
FN:153,(anonymous_501)
FN:105,(anonymous_502)
FN:119,(anonymous_503)
FN:14,(anonymous_504)
FN:31,d
FN:57,h
FN:35,(anonymous_507)
FNF:16
FNH:0
FNDA:0,(anonymous_491)
FNDA:0,(anonymous_493)
FNDA:0,(anonymous_494)
FNDA:0,(anonymous_495)
FNDA:0,(anonymous_496)
FNDA:0,(anonymous_497)
FNDA:0,(anonymous_498)
FNDA:0,(anonymous_499)
FNDA:0,(anonymous_500)
FNDA:0,(anonymous_501)
FNDA:0,(anonymous_502)
FNDA:0,(anonymous_503)
FNDA:0,(anonymous_504)
FNDA:0,d
FNDA:0,h
FNDA:0,(anonymous_507)
DA:1,0
DA:4,0
DA:8,0
DA:9,0
DA:10,0
DA:11,0
DA:16,0
DA:20,0
DA:21,0
DA:22,0
DA:25,0
DA:28,0
DA:31,0
DA:36,0
DA:37,0
DA:38,0
DA:40,0
DA:41,0
DA:43,0
DA:44,0
DA:46,0
DA:47,0
DA:49,0
DA:50,0
DA:52,0
DA:60,0
DA:63,0
DA:65,0
DA:66,0
DA:67,0
DA:68,0
DA:71,0
DA:80,0
DA:87,0
DA:88,0
DA:89,0
DA:91,0
DA:95,0
DA:106,0
DA:120,0
DA:128,0
DA:132,0
DA:141,0
DA:142,0
DA:143,0
DA:154,0
DA:159,0
DA:160,0
LF:48
LH:0
BRDA:4,0,0,0
BRDA:4,0,1,0
BRDA:159,1,0,0
BRDA:159,1,1,0
BRDA:160,2,0,0
BRDA:160,2,1,0
BRDA:160,3,0,0
BRDA:160,3,1,0
BRDA:79,4,0,0
BRDA:79,4,1,0
BRDA:171,5,0,0
BRDA:171,5,1,0
BRDA:87,6,0,0
BRDA:87,6,1,0
BRDA:87,7,0,0
BRDA:87,7,1,0
BRDA:171,8,0,0
BRDA:171,8,1,0
BRDA:137,9,0,0
BRDA:137,9,1,0
BRDA:175,10,0,0
BRDA:175,10,1,0
BRDA:106,11,0,0
BRDA:106,11,1,0
BRDA:106,11,2,0
BRDA:106,11,3,0
BRDA:114,12,0,0
BRDA:114,12,1,0
BRDA:16,13,0,0
BRDA:16,13,1,0
BRDA:60,14,0,0
BRDA:60,14,1,0
BRDA:66,15,0,0
BRDA:66,15,1,0
BRDA:39,16,0,0
BRDA:39,16,1,0
BRDA:39,16,2,0
BRDA:39,16,3,0
BRDA:39,16,4,0
BRDA:186,17,0,0
BRDA:186,17,1,0
BRDA:186,18,0,0
BRDA:186,18,1,0
BRF:43
BRH:0
end_of_record
TN:
SF:dist/webpack:/node_modules/timers-browserify/main.js
FN:1,(anonymous_479)
FN:21,i
FN:8,(anonymous_481)
FN:11,(anonymous_482)
FN:15,(anonymous_483)
FN:25,(anonymous_484)
FN:26,(anonymous_485)
FN:31,(anonymous_486)
FN:36,(anonymous_487)
FN:41,(anonymous_488)
FN:46,(anonymous_489)
FNF:11
FNH:0
FNDA:0,(anonymous_479)
FNDA:0,i
FNDA:0,(anonymous_481)
FNDA:0,(anonymous_482)
FNDA:0,(anonymous_483)
FNDA:0,(anonymous_484)
FNDA:0,(anonymous_485)
FNDA:0,(anonymous_486)
FNDA:0,(anonymous_487)
FNDA:0,(anonymous_488)
FNDA:0,(anonymous_489)
DA:1,0
DA:4,0
DA:8,0
DA:9,0
DA:12,0
DA:16,0
DA:22,0
DA:27,0
DA:32,0
DA:37,0
DA:42,0
DA:44,0
DA:45,0
DA:47,0
LF:14
LH:0
BRDA:1,0,0,0
BRDA:1,0,1,0
BRDA:1,0,2,0
BRDA:1,0,3,0
BRDA:1,0,4,0
BRDA:16,1,0,0
BRDA:16,1,1,0
BRDA:45,2,0,0
BRDA:45,2,1,0
BRDA:47,3,0,0
BRDA:47,3,1,0
BRDA:58,4,0,0
BRDA:58,4,1,0
BRDA:58,4,2,0
BRDA:58,4,3,0
BRDA:58,4,4,0
BRDA:58,4,5,0
BRDA:61,5,0,0
BRDA:61,5,1,0
BRDA:61,5,2,0
BRDA:61,5,3,0
BRDA:61,5,4,0
BRDA:61,5,5,0
BRF:23
BRH:0
end_of_record
TN:
SF:dist/webpack:/node_modules/tslib/tslib.es6.js
FN:17,(anonymous_766)
FN:19,(anonymous_767)
FN:20,(anonymous_768)
FN:24,(anonymous_801)
FN:26,n
FN:53,(anonymous_803)
FNF:6
FNH:0
FNDA:0,(anonymous_766)
FNDA:0,(anonymous_767)
FNDA:0,(anonymous_768)
FNDA:0,(anonymous_801)
FNDA:0,n
FNDA:0,(anonymous_803)
DA:17,0
DA:19,0
DA:20,0
DA:21,0
DA:25,0
DA:26,0
DA:54,0
DA:55,0
DA:56,0
DA:57,0
LF:10
LH:0
BRDA:18,0,0,0
BRDA:18,0,1,0
BRDA:18,0,2,0
BRDA:18,0,3,0
BRDA:20,1,0,0
BRDA:20,1,1,0
BRDA:27,2,0,0
BRDA:27,2,1,0
BRDA:54,3,0,0
BRDA:54,3,1,0
BRDA:54,4,0,0
BRDA:54,4,1,0
BRDA:55,5,0,0
BRDA:55,5,1,0
BRDA:55,6,0,0
BRDA:55,6,1,0
BRDA:56,7,0,0
BRDA:56,7,1,0
BRDA:56,8,0,0
BRDA:56,8,1,0
BRDA:56,9,0,0
BRDA:56,9,1,0
BRDA:56,10,0,0
BRDA:56,10,1,0
BRDA:57,11,0,0
BRDA:57,11,1,0
BRDA:57,11,2,0
BRF:27
BRH:0
end_of_record
TN:
SF:dist/webpack:/node_modules/vue-class-component/dist/vue-class-component.esm.js
FN:8,ie
FN:10,(anonymous_770)
FN:14,(anonymous_771)
FN:22,ae
FN:37,se
FN:41,(anonymous_774)
FN:49,(anonymous_775)
FN:53,(anonymous_776)
FN:60,ce
FN:63,ue
FN:65,(anonymous_779)
FN:68,(anonymous_780)
FN:73,fe
FN:75,(anonymous_782)
FN:127,pe
FN:131,(anonymous_784)
FN:145,(anonymous_785)
FN:148,(anonymous_786)
FN:151,(anonymous_787)
FN:166,(anonymous_788)
FN:183,he
FN:188,(anonymous_790)
FN:208,(anonymous_791)
FN:222,(anonymous_792)
FN:230,(anonymous_793)
FN:260,ye
FN:262,(anonymous_795)
FN:307,me
FN:312,(anonymous_797)
FN:317,(anonymous_798)
FNF:30
FNH:0
FNDA:0,ie
FNDA:0,(anonymous_770)
FNDA:0,(anonymous_771)
FNDA:0,ae
FNDA:0,se
FNDA:0,(anonymous_774)
FNDA:0,(anonymous_775)
FNDA:0,(anonymous_776)
FNDA:0,ce
FNDA:0,ue
FNDA:0,(anonymous_779)
FNDA:0,(anonymous_780)
FNDA:0,fe
FNDA:0,(anonymous_782)
FNDA:0,pe
FNDA:0,(anonymous_784)
FNDA:0,(anonymous_785)
FNDA:0,(anonymous_786)
FNDA:0,(anonymous_787)
FNDA:0,(anonymous_788)
FNDA:0,he
FNDA:0,(anonymous_790)
FNDA:0,(anonymous_791)
FNDA:0,(anonymous_792)
FNDA:0,(anonymous_793)
FNDA:0,ye
FNDA:0,(anonymous_795)
FNDA:0,me
FNDA:0,(anonymous_797)
FNDA:0,(anonymous_798)
DA:11,0
DA:15,0
DA:19,0
DA:34,0
DA:38,0
DA:42,0
DA:43,0
DA:45,0
DA:50,0
DA:54,0
DA:61,0
DA:64,0
DA:66,0
DA:69,0
DA:73,0
DA:76,0
DA:78,0
DA:86,0
DA:129,0
DA:131,0
DA:132,0
DA:135,0
DA:137,0
DA:138,0
DA:139,0
DA:145,0
DA:146,0
DA:149,0
DA:152,0
DA:161,0
DA:163,0
DA:165,0
DA:166,0
DA:178,0
DA:181,0
DA:184,0
DA:185,0
DA:187,0
DA:188,0
DA:189,0
DA:194,0
DA:195,0
DA:199,0
DA:209,0
DA:223,0
DA:227,0
DA:229,0
DA:231,0
DA:237,0
DA:238,0
DA:239,0
DA:246,0
DA:253,0
DA:262,0
DA:264,0
DA:269,0
DA:271,0
DA:275,0
DA:283,0
DA:287,0
DA:288,0
DA:291,0
DA:293,0
DA:294,0
DA:299,0
DA:308,0
DA:313,0
DA:317,0
DA:318,0
DA:321,0
LF:70
LH:0
BRDA:10,0,0,0
BRDA:10,0,1,0
BRDA:9,1,0,0
BRDA:9,1,1,0
BRDA:15,2,0,0
BRDA:15,2,1,0
BRDA:15,3,0,0
BRDA:15,3,1,0
BRDA:15,3,2,0
BRDA:15,3,3,0
BRDA:24,4,0,0
BRDA:24,4,1,0
BRDA:41,5,0,0
BRDA:41,5,1,0
BRDA:41,5,2,0
BRDA:42,6,0,0
BRDA:42,6,1,0
BRDA:50,7,0,0
BRDA:50,7,1,0
BRDA:50,8,0,0
BRDA:50,8,1,0
BRDA:61,9,0,0
BRDA:61,9,1,0
BRDA:61,9,2,0
BRDA:74,10,0,0
BRDA:74,10,1,0
BRDA:76,11,0,0
BRDA:76,11,1,0
BRDA:79,12,0,0
BRDA:79,12,1,0
BRDA:137,13,0,0
BRDA:137,13,1,0
BRDA:139,14,0,0
BRDA:139,14,1,0
BRDA:146,15,0,0
BRDA:146,15,1,0
BRDA:166,16,0,0
BRDA:166,16,1,0
BRDA:184,17,0,0
BRDA:184,17,1,0
BRDA:184,18,0,0
BRDA:184,18,1,0
BRDA:185,19,0,0
BRDA:185,19,1,0
BRDA:185,19,2,0
BRDA:189,20,0,0
BRDA:189,20,1,0
BRDA:194,21,0,0
BRDA:194,21,1,0
BRDA:203,22,0,0
BRDA:203,22,1,0
BRDA:203,23,0,0
BRDA:203,23,1,0
BRDA:204,24,0,0
BRDA:204,24,1,0
BRDA:207,25,0,0
BRDA:207,25,1,0
BRDA:213,26,0,0
BRDA:213,26,1,0
BRDA:213,26,2,0
BRDA:215,27,0,0
BRDA:215,27,1,0
BRDA:221,28,0,0
BRDA:221,28,1,0
BRDA:229,29,0,0
BRDA:229,29,1,0
BRDA:238,30,0,0
BRDA:238,30,1,0
BRDA:242,31,0,0
BRDA:242,31,1,0
BRDA:264,32,0,0
BRDA:264,32,1,0
BRDA:271,33,0,0
BRDA:271,33,1,0
BRDA:271,34,0,0
BRDA:271,34,1,0
BRDA:283,35,0,0
BRDA:283,35,1,0
BRDA:287,36,0,0
BRDA:287,36,1,0
BRDA:293,37,0,0
BRDA:293,37,1,0
BRDA:119,38,0,0
BRDA:119,38,1,0
BRDA:119,38,2,0
BRDA:119,38,3,0
BRDA:119,38,4,0
BRDA:309,39,0,0
BRDA:309,39,1,0
BRF:89
BRH:0
end_of_record
TN:
SF:dist/webpack:/node_modules/vue-loader/lib/runtime/componentNormalizer.js
FN:7,Yt
FN:41,(anonymous_762)
FN:65,(anonymous_763)
FN:81,(anonymous_764)
FNF:4
FNH:0
FNDA:0,Yt
FNDA:0,(anonymous_762)
FNDA:0,(anonymous_763)
FNDA:0,(anonymous_764)
DA:18,0
DA:41,0
DA:66,0
DA:74,0
DA:75,0
DA:78,0
DA:80,0
DA:81,0
DA:83,0
DA:87,0
DA:88,0
DA:94,0
LF:12
LH:0
BRDA:19,0,0,0
BRDA:19,0,1,0
BRDA:74,1,0,0
BRDA:74,1,1,0
BRDA:23,2,0,0
BRDA:23,2,1,0
BRDA:30,3,0,0
BRDA:30,3,1,0
BRDA:35,4,0,0
BRDA:35,4,1,0
BRDA:41,5,0,0
BRDA:41,5,1,0
BRDA:43,6,0,0
BRDA:43,6,1,0
BRDA:43,6,2,0
BRDA:44,7,0,0
BRDA:44,7,1,0
BRDA:44,7,2,0
BRDA:44,7,3,0
BRDA:44,7,4,0
BRDA:44,7,5,0
BRDA:52,8,0,0
BRDA:52,8,1,0
BRDA:56,9,0,0
BRDA:56,9,1,0
BRDA:56,9,2,0
BRDA:63,10,0,0
BRDA:63,10,1,0
BRDA:65,11,0,0
BRDA:65,11,1,0
BRDA:68,12,0,0
BRDA:68,12,1,0
BRDA:75,13,0,0
BRDA:75,13,1,0
BRDA:89,14,0,0
BRDA:89,14,1,0
BRF:36
BRH:0
end_of_record
TN:
SF:dist/webpack:/node_modules/vue-property-decorator/lib/vue-property-decorator.js
FNF:0
FNH:0
DA:115,0
LF:1
LH:0
BRDA:115,0,0,0
BRDA:115,0,1,0
BRF:2
BRH:0
end_of_record
TN:
SF:dist/webpack:/node_modules/vue-router/dist/vue-router.esm.js
FN:20,o
FN:24,i
FN:28,a
FN:44,(anonymous_529)
FN:107,(anonymous_530)
FN:120,(anonymous_531)
FN:126,(anonymous_532)
FN:149,c
FN:166,(anonymous_534)
FN:190,(anonymous_535)
FN:196,(anonymous_536)
FN:223,h
FN:232,(anonymous_538)
FN:251,v
FN:252,(anonymous_540)
FN:265,(anonymous_541)
FN:279,(anonymous_542)
FN:287,m
FN:316,g
FN:335,b
FN:344,w
FN:356,x
FN:379,O
FN:390,(anonymous_549)
FN:422,C
FN:487,A
FN:491,(anonymous_552)
FN:602,(anonymous_553)
FN:529,I
FN:612,R
FN:613,(anonymous_556)
FN:633,L
FN:644,(anonymous_558)
FN:625,(anonymous_559)
FN:720,M
FN:730,D
FN:741,N
FN:752,F
FN:825,U
FN:901,V
FN:763,(anonymous_566)
FN:793,(anonymous_567)
FN:813,(anonymous_568)
FN:929,B
FN:959,q
FN:464,(anonymous_571)
FN:202,(anonymous_572)
FN:1026,(anonymous_573)
FN:1053,(anonymous_574)
FN:401,(anonymous_575)
FN:411,(anonymous_576)
FN:1095,(anonymous_577)
FN:1107,(anonymous_578)
FN:1201,t
FN:1182,X
FN:1272,G
FN:1285,(anonymous_582)
FN:1317,t
FN:1456,(anonymous_584)
FN:1384,(anonymous_585)
FN:1438,Q
FN:1471,Y
FN:1484,a
FN:1499,(anonymous_589)
FN:1500,(anonymous_590)
FN:1530,s
FN:1659,(anonymous_592)
FN:1614,c
FN:1595,(anonymous_594)
FN:1480,(anonymous_595)
FN:1634,Z
FN:1671,et
FN:1677,rt
FN:1681,ot
FN:1689,at
FN:1706,(anonymous_601)
FN:1711,st
FN:1731,(anonymous_603)
FN:1777,(anonymous_604)
FN:1746,(anonymous_605)
FN:1749,(anonymous_606)
FN:1760,ct
FN:1770,ut
FN:1794,ft
FN:1798,lt
FN:1812,pt
FN:1818,ht
FN:1784,(anonymous_613)
FN:1865,mt
FN:1884,gt
FN:1890,_t
FN:1891,(anonymous_617)
FN:1896,(anonymous_618)
FN:1909,bt
FN:1910,(anonymous_620)
FN:1915,(anonymous_621)
FN:1925,(anonymous_622)
FN:1940,(anonymous_623)
FN:1975,wt
FN:1979,(anonymous_625)
FN:1980,(anonymous_626)
FN:1988,xt
FN:2004,Ct
FN:2006,(anonymous_629)
FN:2023,Et
FN:2073,(anonymous_631)
FN:2077,(anonymous_632)
FN:2043,Tt
FN:2061,jt
FN:2085,(anonymous_635)
FN:2295,(anonymous_636)
FN:2333,Rt
FN:2339,(anonymous_638)
FN:2350,(anonymous_639)
FN:2343,(anonymous_640)
FN:2369,Lt
FN:2371,(anonymous_642)
FN:2098,(anonymous_643)
FN:2102,(anonymous_644)
FN:2113,(anonymous_645)
FN:2117,(anonymous_646)
FN:2127,(anonymous_647)
FN:2132,(anonymous_648)
FN:2139,(anonymous_649)
FN:2144,(anonymous_650)
FN:2157,(anonymous_651)
FN:2153,(anonymous_652)
FN:2166,(anonymous_653)
FN:2170,(anonymous_654)
FN:2176,(anonymous_655)
FN:2315,(anonymous_656)
FN:2361,(anonymous_657)
FN:2365,(anonymous_658)
FN:2214,(anonymous_659)
FN:2220,(anonymous_660)
FN:2225,(anonymous_661)
FN:2052,(anonymous_662)
FN:2255,(anonymous_663)
FN:2377,(anonymous_664)
FN:2385,(anonymous_665)
FN:2391,(anonymous_666)
FN:2398,(anonymous_667)
FN:2399,(anonymous_668)
FN:2401,(anonymous_669)
FN:2415,t
FN:2427,(anonymous_671)
FN:2257,(anonymous_672)
FN:2262,(anonymous_673)
FN:2269,(anonymous_674)
FN:2270,(anonymous_675)
FN:2279,(anonymous_676)
FN:2284,(anonymous_677)
FN:2288,(anonymous_678)
FN:2289,(anonymous_679)
FN:2435,(anonymous_680)
FN:2436,e
FN:2446,(anonymous_682)
FN:2461,(anonymous_683)
FN:2471,(anonymous_684)
FN:2478,(anonymous_685)
FN:2483,(anonymous_686)
FN:2487,(anonymous_687)
FN:2492,(anonymous_688)
FN:2499,(anonymous_689)
FN:2504,(anonymous_690)
FN:2511,(anonymous_691)
FN:2518,(anonymous_692)
FN:2525,Dt
FN:2535,(anonymous_694)
FN:2536,e
FN:2640,(anonymous_696)
FN:2551,(anonymous_697)
FN:2566,(anonymous_698)
FN:2571,(anonymous_699)
FN:2585,(anonymous_700)
FN:2590,(anonymous_701)
FN:2597,(anonymous_702)
FN:2606,(anonymous_703)
FN:2613,(anonymous_704)
FN:2622,(anonymous_705)
FN:2626,(anonymous_706)
FN:2633,(anonymous_707)
FN:2648,Ft
FN:2657,Ut
FN:2682,Vt
FN:2689,Ht
FN:2697,Bt
FN:2707,(anonymous_713)
FN:2708,e
FN:2718,(anonymous_715)
FN:2723,(anonymous_716)
FN:2732,(anonymous_717)
FN:2737,(anonymous_718)
FN:2745,(anonymous_719)
FN:2755,(anonymous_720)
FN:2759,(anonymous_721)
FN:2767,(anonymous_722)
FN:2772,(anonymous_723)
FN:2783,(anonymous_724)
FN:2996,Wt
FN:2998,(anonymous_726)
FN:2823,(anonymous_727)
FN:2831,(anonymous_728)
FN:2835,(anonymous_729)
FN:2848,(anonymous_730)
FN:2874,(anonymous_731)
FN:2880,(anonymous_732)
FN:2881,(anonymous_733)
FN:2887,(anonymous_734)
FN:2891,(anonymous_735)
FN:2895,(anonymous_736)
FN:2899,(anonymous_737)
FN:2903,(anonymous_738)
FN:2907,(anonymous_739)
FN:2912,(anonymous_740)
FN:2920,(anonymous_741)
FN:2925,(anonymous_742)
FN:2933,(anonymous_743)
FN:2937,(anonymous_744)
FN:2941,(anonymous_745)
FN:2945,(anonymous_746)
FN:2954,(anonymous_747)
FN:2955,(anonymous_748)
FN:2961,(anonymous_749)
FN:3004,(anonymous_750)
FN:2987,(anonymous_751)
FN:1218,t
FN:1224,(anonymous_753)
FN:1226,(anonymous_754)
FN:1234,(anonymous_755)
FN:1245,(anonymous_756)
FN:1251,(anonymous_757)
FN:1255,(anonymous_758)
FNF:233
FNH:0
FNDA:0,o
FNDA:0,i
FNDA:0,a
FNDA:0,(anonymous_529)
FNDA:0,(anonymous_530)
FNDA:0,(anonymous_531)
FNDA:0,(anonymous_532)
FNDA:0,c
FNDA:0,(anonymous_534)
FNDA:0,(anonymous_535)
FNDA:0,(anonymous_536)
FNDA:0,h
FNDA:0,(anonymous_538)
FNDA:0,v
FNDA:0,(anonymous_540)
FNDA:0,(anonymous_541)
FNDA:0,(anonymous_542)
FNDA:0,m
FNDA:0,g
FNDA:0,b
FNDA:0,w
FNDA:0,x
FNDA:0,O
FNDA:0,(anonymous_549)
FNDA:0,C
FNDA:0,A
FNDA:0,(anonymous_552)
FNDA:0,(anonymous_553)
FNDA:0,I
FNDA:0,R
FNDA:0,(anonymous_556)
FNDA:0,L
FNDA:0,(anonymous_558)
FNDA:0,(anonymous_559)
FNDA:0,M
FNDA:0,D
FNDA:0,N
FNDA:0,F
FNDA:0,U
FNDA:0,V
FNDA:0,(anonymous_566)
FNDA:0,(anonymous_567)
FNDA:0,(anonymous_568)
FNDA:0,B
FNDA:0,q
FNDA:0,(anonymous_571)
FNDA:0,(anonymous_572)
FNDA:0,(anonymous_573)
FNDA:0,(anonymous_574)
FNDA:0,(anonymous_575)
FNDA:0,(anonymous_576)
FNDA:0,(anonymous_577)
FNDA:0,(anonymous_578)
FNDA:0,t
FNDA:0,X
FNDA:0,G
FNDA:0,(anonymous_582)
FNDA:0,t
FNDA:0,(anonymous_584)
FNDA:0,(anonymous_585)
FNDA:0,Q
FNDA:0,Y
FNDA:0,a
FNDA:0,(anonymous_589)
FNDA:0,(anonymous_590)
FNDA:0,s
FNDA:0,(anonymous_592)
FNDA:0,c
FNDA:0,(anonymous_594)
FNDA:0,(anonymous_595)
FNDA:0,Z
FNDA:0,et
FNDA:0,rt
FNDA:0,ot
FNDA:0,at
FNDA:0,(anonymous_601)
FNDA:0,st
FNDA:0,(anonymous_603)
FNDA:0,(anonymous_604)
FNDA:0,(anonymous_605)
FNDA:0,(anonymous_606)
FNDA:0,ct
FNDA:0,ut
FNDA:0,ft
FNDA:0,lt
FNDA:0,pt
FNDA:0,ht
FNDA:0,(anonymous_613)
FNDA:0,mt
FNDA:0,gt
FNDA:0,_t
FNDA:0,(anonymous_617)
FNDA:0,(anonymous_618)
FNDA:0,bt
FNDA:0,(anonymous_620)
FNDA:0,(anonymous_621)
FNDA:0,(anonymous_622)
FNDA:0,(anonymous_623)
FNDA:0,wt
FNDA:0,(anonymous_625)
FNDA:0,(anonymous_626)
FNDA:0,xt
FNDA:0,Ct
FNDA:0,(anonymous_629)
FNDA:0,Et
FNDA:0,(anonymous_631)
FNDA:0,(anonymous_632)
FNDA:0,Tt
FNDA:0,jt
FNDA:0,(anonymous_635)
FNDA:0,(anonymous_636)
FNDA:0,Rt
FNDA:0,(anonymous_638)
FNDA:0,(anonymous_639)
FNDA:0,(anonymous_640)
FNDA:0,Lt
FNDA:0,(anonymous_642)
FNDA:0,(anonymous_643)
FNDA:0,(anonymous_644)
FNDA:0,(anonymous_645)
FNDA:0,(anonymous_646)
FNDA:0,(anonymous_647)
FNDA:0,(anonymous_648)
FNDA:0,(anonymous_649)
FNDA:0,(anonymous_650)
FNDA:0,(anonymous_651)
FNDA:0,(anonymous_652)
FNDA:0,(anonymous_653)
FNDA:0,(anonymous_654)
FNDA:0,(anonymous_655)
FNDA:0,(anonymous_656)
FNDA:0,(anonymous_657)
FNDA:0,(anonymous_658)
FNDA:0,(anonymous_659)
FNDA:0,(anonymous_660)
FNDA:0,(anonymous_661)
FNDA:0,(anonymous_662)
FNDA:0,(anonymous_663)
FNDA:0,(anonymous_664)
FNDA:0,(anonymous_665)
FNDA:0,(anonymous_666)
FNDA:0,(anonymous_667)
FNDA:0,(anonymous_668)
FNDA:0,(anonymous_669)
FNDA:0,t
FNDA:0,(anonymous_671)
FNDA:0,(anonymous_672)
FNDA:0,(anonymous_673)
FNDA:0,(anonymous_674)
FNDA:0,(anonymous_675)
FNDA:0,(anonymous_676)
FNDA:0,(anonymous_677)
FNDA:0,(anonymous_678)
FNDA:0,(anonymous_679)
FNDA:0,(anonymous_680)
FNDA:0,e
FNDA:0,(anonymous_682)
FNDA:0,(anonymous_683)
FNDA:0,(anonymous_684)
FNDA:0,(anonymous_685)
FNDA:0,(anonymous_686)
FNDA:0,(anonymous_687)
FNDA:0,(anonymous_688)
FNDA:0,(anonymous_689)
FNDA:0,(anonymous_690)
FNDA:0,(anonymous_691)
FNDA:0,(anonymous_692)
FNDA:0,Dt
FNDA:0,(anonymous_694)
FNDA:0,e
FNDA:0,(anonymous_696)
FNDA:0,(anonymous_697)
FNDA:0,(anonymous_698)
FNDA:0,(anonymous_699)
FNDA:0,(anonymous_700)
FNDA:0,(anonymous_701)
FNDA:0,(anonymous_702)
FNDA:0,(anonymous_703)
FNDA:0,(anonymous_704)
FNDA:0,(anonymous_705)
FNDA:0,(anonymous_706)
FNDA:0,(anonymous_707)
FNDA:0,Ft
FNDA:0,Ut
FNDA:0,Vt
FNDA:0,Ht
FNDA:0,Bt
FNDA:0,(anonymous_713)
FNDA:0,e
FNDA:0,(anonymous_715)
FNDA:0,(anonymous_716)
FNDA:0,(anonymous_717)
FNDA:0,(anonymous_718)
FNDA:0,(anonymous_719)
FNDA:0,(anonymous_720)
FNDA:0,(anonymous_721)
FNDA:0,(anonymous_722)
FNDA:0,(anonymous_723)
FNDA:0,(anonymous_724)
FNDA:0,Wt
FNDA:0,(anonymous_726)
FNDA:0,(anonymous_727)
FNDA:0,(anonymous_728)
FNDA:0,(anonymous_729)
FNDA:0,(anonymous_730)
FNDA:0,(anonymous_731)
FNDA:0,(anonymous_732)
FNDA:0,(anonymous_733)
FNDA:0,(anonymous_734)
FNDA:0,(anonymous_735)
FNDA:0,(anonymous_736)
FNDA:0,(anonymous_737)
FNDA:0,(anonymous_738)
FNDA:0,(anonymous_739)
FNDA:0,(anonymous_740)
FNDA:0,(anonymous_741)
FNDA:0,(anonymous_742)
FNDA:0,(anonymous_743)
FNDA:0,(anonymous_744)
FNDA:0,(anonymous_745)
FNDA:0,(anonymous_746)
FNDA:0,(anonymous_747)
FNDA:0,(anonymous_748)
FNDA:0,(anonymous_749)
FNDA:0,(anonymous_750)
FNDA:0,(anonymous_751)
FNDA:0,t
FNDA:0,(anonymous_753)
FNDA:0,(anonymous_754)
FNDA:0,(anonymous_755)
FNDA:0,(anonymous_756)
FNDA:0,(anonymous_757)
FNDA:0,(anonymous_758)
DA:20,0
DA:21,0
DA:25,0
DA:29,0
DA:30,0
DA:32,0
DA:35,0
DA:45,0
DA:46,0
DA:47,0
DA:48,0
DA:51,0
DA:55,0
DA:56,0
DA:57,0
DA:58,0
DA:62,0
DA:63,0
DA:64,0
DA:65,0
DA:66,0
DA:77,0
DA:78,0
DA:79,0
DA:80,0
DA:93,0
DA:94,0
DA:97,0
DA:99,0
DA:103,0
DA:109,0
DA:121,0
DA:127,0
DA:135,0
DA:145,0
DA:151,0
DA:152,0
DA:154,0
DA:156,0
DA:157,0
DA:158,0
DA:167,0
DA:169,0
DA:171,0
DA:173,0
DA:175,0
DA:177,0
DA:189,0
DA:190,0
DA:191,0
DA:196,0
DA:200,0
DA:202,0
DA:205,0
DA:209,0
DA:211,0
DA:212,0
DA:215,0
DA:217,0
DA:218,0
DA:220,0
DA:224,0
DA:228,0
DA:233,0
DA:234,0
DA:235,0
DA:237,0
DA:252,0
DA:253,0
DA:255,0
DA:256,0
DA:259,0
DA:260,0
DA:263,0
DA:264,0
DA:265,0
DA:275,0
DA:278,0
DA:279,0
DA:280,0
DA:285,0
DA:293,0
DA:295,0
DA:296,0
DA:297,0
DA:300,0
DA:313,0
DA:317,0
DA:318,0
DA:319,0
DA:320,0
DA:321,0
DA:322,0
DA:324,0
DA:326,0
DA:331,0
DA:336,0
DA:337,0
DA:338,0
DA:341,0
DA:348,0
DA:349,0
DA:350,0
DA:353,0
DA:357,0
DA:384,0
DA:385,0
DA:386,0
DA:387,0
DA:391,0
DA:392,0
DA:394,0
DA:402,0
DA:412,0
DA:413,0
DA:414,0
DA:417,0
DA:427,0
DA:428,0
DA:429,0
DA:432,0
DA:433,0
DA:436,0
DA:441,0
DA:446,0
DA:447,0
DA:448,0
DA:449,0
DA:461,0
DA:464,0
DA:465,0
DA:466,0
DA:468,0
DA:469,0
DA:474,0
DA:480,0
DA:488,0
DA:491,0
DA:492,0
DA:498,0
DA:499,0
DA:501,0
DA:502,0
DA:509,0
DA:530,0
DA:531,0
DA:532,0
DA:533,0
DA:534,0
DA:537,0
DA:538,0
DA:539,0
DA:540,0
DA:545,0
DA:546,0
DA:550,0
DA:551,0
DA:552,0
DA:553,0
DA:554,0
DA:555,0
DA:556,0
DA:559,0
DA:564,0
DA:565,0
DA:566,0
DA:567,0
DA:568,0
DA:570,0
DA:592,0
DA:602,0
DA:603,0
DA:613,0
DA:614,0
DA:626,0
DA:635,0
DA:638,0
DA:639,0
DA:644,0
DA:645,0
DA:646,0
DA:648,0
DA:650,0
DA:651,0
DA:653,0
DA:654,0
DA:659,0
DA:662,0
DA:663,0
DA:665,0
DA:669,0
DA:671,0
DA:675,0
DA:676,0
DA:677,0
DA:680,0
DA:681,0
DA:682,0
DA:684,0
DA:688,0
DA:691,0
DA:692,0
DA:695,0
DA:703,0
DA:704,0
DA:707,0
DA:710,0
DA:721,0
DA:731,0
DA:743,0
DA:753,0
DA:765,0
DA:767,0
DA:768,0
DA:769,0
DA:782,0
DA:794,0
DA:796,0
DA:797,0
DA:802,0
DA:814,0
DA:826,0
DA:833,0
DA:834,0
DA:835,0
DA:838,0
DA:839,0
DA:841,0
DA:842,0
DA:844,0
DA:845,0
DA:847,0
DA:867,0
DA:868,0
DA:886,0
DA:909,0
DA:919,0
DA:927,0
DA:934,0
DA:935,0
DA:937,0
DA:944,0
DA:950,0
DA:951,0
DA:965,0
DA:967,0
DA:968,0
DA:969,0
DA:971,0
DA:975,0
DA:979,0
DA:982,0
DA:983,0
DA:984,0
DA:986,0
DA:987,0
DA:988,0
DA:989,0
DA:992,0
DA:996,0
DA:997,0
DA:1007,0
DA:1012,0
DA:1026,0
DA:1028,0
DA:1054,0
DA:1056,0
DA:1057,0
DA:1058,0
DA:1063,0
DA:1064,0
DA:1065,0
DA:1067,0
DA:1068,0
DA:1069,0
DA:1072,0
DA:1074,0
DA:1078,0
DA:1080,0
DA:1084,0
DA:1088,0
DA:1093,0
DA:1095,0
DA:1096,0
DA:1105,0
DA:1106,0
DA:1108,0
DA:1114,0
DA:1116,0
DA:1127,0
DA:1128,0
DA:1129,0
DA:1130,0
DA:1137,0
DA:1141,0
DA:1142,0
DA:1147,0
DA:1149,0
DA:1150,0
DA:1153,0
DA:1154,0
DA:1155,0
DA:1160,0
DA:1161,0
DA:1169,0
DA:1170,0
DA:1174,0
DA:1178,0
DA:1184,0
DA:1190,0
DA:1191,0
DA:1192,0
DA:1198,0
DA:1201,0
DA:1202,0
DA:1204,0
DA:1206,0
DA:1207,0
DA:1209,0
DA:1210,0
DA:1219,0
DA:1220,0
DA:1224,0
DA:1226,0
DA:1227,0
DA:1228,0
DA:1233,0
DA:1235,0
DA:1246,0
DA:1251,0
DA:1255,0
DA:1261,0
DA:1263,0
DA:1268,0
DA:1279,0
DA:1281,0
DA:1283,0
DA:1285,0
DA:1290,0
DA:1291,0
DA:1310,0
DA:1325,0
DA:1326,0
DA:1327,0
DA:1338,0
DA:1341,0
DA:1345,0
DA:1364,0
DA:1385,0
DA:1388,0
DA:1392,0
DA:1397,0
DA:1398,0
DA:1399,0
DA:1401,0
DA:1410,0
DA:1414,0
DA:1425,0
DA:1453,0
DA:1456,0
DA:1461,0
DA:1462,0
DA:1463,0
DA:1464,0
DA:1475,0
DA:1476,0
DA:1477,0
DA:1478,0
DA:1481,0
DA:1489,0
DA:1490,0
DA:1492,0
DA:1493,0
DA:1497,0
DA:1498,0
DA:1499,0
DA:1500,0
DA:1506,0
DA:1507,0
DA:1515,0
DA:1516,0
DA:1517,0
DA:1518,0
DA:1519,0
DA:1520,0
DA:1521,0
DA:1522,0
DA:1527,0
DA:1534,0
DA:1535,0
DA:1543,0
DA:1549,0
DA:1552,0
DA:1553,0
DA:1554,0
DA:1555,0
DA:1556,0
DA:1557,0
DA:1562,0
DA:1564,0
DA:1568,0
DA:1575,0
DA:1581,0
DA:1591,0
DA:1601,0
DA:1605,0
DA:1606,0
DA:1607,0
DA:1609,0
DA:1611,0
DA:1619,0
DA:1628,0
DA:1639,0
DA:1641,0
DA:1642,0
DA:1643,0
DA:1644,0
DA:1647,0
DA:1648,0
DA:1649,0
DA:1650,0
DA:1656,0
DA:1659,0
DA:1660,0
DA:1667,0
DA:1672,0
DA:1675,0
DA:1678,0
DA:1682,0
DA:1687,0
DA:1691,0
DA:1699,0
DA:1700,0
DA:1702,0
DA:1706,0
DA:1707,0
DA:1717,0
DA:1721,0
DA:1722,0
DA:1733,0
DA:1740,0
DA:1747,0
DA:1750,0
DA:1761,0
DA:1762,0
DA:1771,0
DA:1777,0
DA:1778,0
DA:1779,0
DA:1780,0
DA:1785,0
DA:1787,0
DA:1788,0
DA:1795,0
DA:1799,0
DA:1813,0
DA:1816,0
DA:1819,0
DA:1820,0
DA:1823,0
DA:1827,0
DA:1829,0
DA:1833,0
DA:1834,0
DA:1837,0
DA:1841,0
DA:1849,0
DA:1866,0
DA:1869,0
DA:1870,0
DA:1871,0
DA:1873,0
DA:1874,0
DA:1877,0
DA:1880,0
DA:1885,0
DA:1891,0
DA:1892,0
DA:1897,0
DA:1904,0
DA:1910,0
DA:1911,0
DA:1912,0
DA:1913,0
DA:1915,0
DA:1921,0
DA:1922,0
DA:1925,0
DA:1940,0
DA:1941,0
DA:1943,0
DA:1952,0
DA:1953,0
DA:1955,0
DA:1957,0
DA:1958,0
DA:1959,0
DA:1962,0
DA:1963,0
DA:1979,0
DA:1980,0
DA:1989,0
DA:1993,0
DA:1996,0
DA:2005,0
DA:2006,0
DA:2007,0
DA:2008,0
DA:2010,0
DA:2012,0
DA:2017,0
DA:2018,0
DA:2019,0
DA:2020,0
DA:2024,0
DA:2044,0
DA:2053,0
DA:2062,0
DA:2068,0
DA:2071,0
DA:2074,0
DA:2075,0
DA:2076,0
DA:2078,0
DA:2080,0
DA:2085,0
DA:2086,0
DA:2098,0
DA:2099,0
DA:2103,0
DA:2114,0
DA:2122,0
DA:2124,0
DA:2125,0
DA:2128,0
DA:2129,0
DA:2133,0
DA:2140,0
DA:2145,0
DA:2154,0
DA:2158,0
DA:2167,0
DA:2169,0
DA:2170,0
DA:2177,0
DA:2186,0
DA:2187,0
DA:2188,0
DA:2195,0
DA:2202,0
DA:2203,0
DA:2204,0
DA:2206,0
DA:2214,0
DA:2219,0
DA:2220,0
DA:2221,0
DA:2222,0
DA:2224,0
DA:2225,0
DA:2251,0
DA:2255,0
DA:2256,0
DA:2257,0
DA:2262,0
DA:2263,0
DA:2264,0
DA:2266,0
DA:2270,0
DA:2271,0
DA:2280,0
DA:2289,0
DA:2290,0
DA:2296,0
DA:2297,0
DA:2299,0
DA:2302,0
DA:2304,0
DA:2308,0
DA:2312,0
DA:2315,0
DA:2320,0
DA:2321,0
DA:2326,0
DA:2339,0
DA:2341,0
DA:2342,0
DA:2343,0
DA:2347,0
DA:2350,0
DA:2354,0
DA:2358,0
DA:2362,0
DA:2366,0
DA:2370,0
DA:2371,0
DA:2372,0
DA:2382,0
DA:2386,0
DA:2398,0
DA:2399,0
DA:2400,0
DA:2401,0
DA:2422,0
DA:2428,0
DA:2435,0
DA:2437,0
DA:2447,0
DA:2449,0
DA:2453,0
DA:2454,0
DA:2455,0
DA:2457,0
DA:2461,0
DA:2462,0
DA:2466,0
DA:2467,0
DA:2472,0
DA:2477,0
DA:2479,0
DA:2484,0
DA:2488,0
DA:2490,0
DA:2492,0
DA:2493,0
DA:2500,0
DA:2502,0
DA:2504,0
DA:2505,0
DA:2512,0
DA:2513,0
DA:2514,0
DA:2519,0
DA:2522,0
DA:2526,0
DA:2530,0
DA:2535,0
DA:2537,0
DA:2552,0
DA:2554,0
DA:2558,0
DA:2560,0
DA:2562,0
DA:2566,0
DA:2567,0
DA:2568,0
DA:2572,0
DA:2580,0
DA:2581,0
DA:2586,0
DA:2591,0
DA:2593,0
DA:2595,0
DA:2598,0
DA:2607,0
DA:2609,0
DA:2611,0
DA:2614,0
DA:2623,0
DA:2627,0
DA:2628,0
DA:2634,0
DA:2637,0
DA:2641,0
DA:2642,0
DA:2644,0
DA:2649,0
DA:2650,0
DA:2660,0
DA:2661,0
DA:2663,0
DA:2669,0
DA:2670,0
DA:2671,0
DA:2673,0
DA:2676,0
DA:2679,0
DA:2683,0
DA:2684,0
DA:2686,0
DA:2690,0
DA:2698,0
DA:2707,0
DA:2709,0
DA:2719,0
DA:2721,0
DA:2724,0
DA:2733,0
DA:2735,0
DA:2738,0
DA:2746,0
DA:2748,0
DA:2749,0
DA:2752,0
DA:2753,0
DA:2756,0
DA:2760,0
DA:2768,0
DA:2769,0
DA:2776,0
DA:2783,0
DA:2794,0
DA:2804,0
DA:2806,0
DA:2807,0
DA:2809,0
DA:2810,0
DA:2812,0
DA:2813,0
DA:2815,0
DA:2821,0
DA:2823,0
DA:2828,0
DA:2832,0
DA:2836,0
DA:2850,0
DA:2851,0
DA:2865,0
DA:2869,0
DA:2871,0
DA:2873,0
DA:2874,0
DA:2875,0
DA:2877,0
DA:2880,0
DA:2881,0
DA:2882,0
DA:2888,0
DA:2892,0
DA:2896,0
DA:2900,0
DA:2904,0
DA:2908,0
DA:2911,0
DA:2912,0
DA:2913,0
DA:2916,0
DA:2921,0
DA:2924,0
DA:2925,0
DA:2926,0
DA:2929,0
DA:2934,0
DA:2938,0
DA:2942,0
DA:2946,0
DA:2951,0
DA:2955,0
DA:2956,0
DA:2967,0
DA:2973,0
DA:2974,0
DA:2977,0
DA:2988,0
DA:2998,0
DA:2999,0
DA:3000,0
DA:3005,0
DA:3006,0
DA:3016,0
LF:760
LH:0
BRDA:25,0,0,0
BRDA:25,0,1,0
BRDA:25,0,2,0
BRDA:25,0,3,0
BRDA:58,1,0,0
BRDA:58,1,1,0
BRDA:64,2,0,0
BRDA:64,2,1,0
BRDA:65,3,0,0
BRDA:65,3,1,0
BRDA:66,4,0,0
BRDA:66,4,1,0
BRDA:69,5,0,0
BRDA:69,5,1,0
BRDA:69,5,2,0
BRDA:69,5,3,0
BRDA:77,6,0,0
BRDA:77,6,1,0
BRDA:79,7,0,0
BRDA:79,7,1,0
BRDA:83,8,0,0
BRDA:83,8,1,0
BRDA:83,9,0,0
BRDA:83,9,1,0
BRDA:94,10,0,0
BRDA:94,10,1,0
BRDA:97,11,0,0
BRDA:97,11,1,0
BRDA:97,12,0,0
BRDA:97,12,1,0
BRDA:111,13,0,0
BRDA:111,13,1,0
BRDA:111,13,2,0
BRDA:111,13,3,0
BRDA:111,13,4,0
BRDA:120,14,0,0
BRDA:120,14,1,0
BRDA:127,15,0,0
BRDA:127,15,1,0
BRDA:127,15,2,0
BRDA:127,15,3,0
BRDA:135,16,0,0
BRDA:135,16,1,0
BRDA:137,17,0,0
BRDA:137,17,1,0
BRDA:168,18,0,0
BRDA:168,18,1,0
BRDA:168,18,2,0
BRDA:168,18,3,0
BRDA:168,18,4,0
BRDA:175,19,0,0
BRDA:175,19,1,0
BRDA:152,20,0,0
BRDA:152,20,1,0
BRDA:156,21,0,0
BRDA:156,21,1,0
BRDA:158,22,0,0
BRDA:158,22,1,0
BRDA:158,22,2,0
BRDA:232,23,0,0
BRDA:232,23,1,0
BRDA:236,24,0,0
BRDA:236,24,1,0
BRDA:240,25,0,0
BRDA:240,25,1,0
BRDA:242,26,0,0
BRDA:242,26,1,0
BRDA:252,27,0,0
BRDA:252,27,1,0
BRDA:255,28,0,0
BRDA:255,28,1,0
BRDA:259,29,0,0
BRDA:259,29,1,0
BRDA:263,30,0,0
BRDA:263,30,1,0
BRDA:265,31,0,0
BRDA:265,31,1,0
BRDA:270,32,0,0
BRDA:270,32,1,0
BRDA:280,33,0,0
BRDA:280,33,1,0
BRDA:293,34,0,0
BRDA:293,34,1,0
BRDA:295,35,0,0
BRDA:295,35,1,0
BRDA:301,36,0,0
BRDA:301,36,1,0
BRDA:301,36,2,0
BRDA:302,37,0,0
BRDA:302,37,1,0
BRDA:302,37,2,0
BRDA:303,38,0,0
BRDA:303,38,1,0
BRDA:304,39,0,0
BRDA:304,39,1,0
BRDA:306,40,0,0
BRDA:306,40,1,0
BRDA:308,41,0,0
BRDA:308,41,1,0
BRDA:310,42,0,0
BRDA:310,42,1,0
BRDA:317,43,0,0
BRDA:317,43,1,0
BRDA:319,44,0,0
BRDA:319,44,1,0
BRDA:319,45,0,0
BRDA:319,45,1,0
BRDA:349,46,0,0
BRDA:349,46,1,0
BRDA:353,47,0,0
BRDA:353,47,1,0
BRDA:353,48,0,0
BRDA:353,48,1,0
BRDA:352,49,0,0
BRDA:352,49,1,0
BRDA:358,50,0,0
BRDA:358,50,1,0
BRDA:358,51,0,0
BRDA:358,51,1,0
BRDA:363,52,0,0
BRDA:363,52,1,0
BRDA:361,53,0,0
BRDA:361,53,1,0
BRDA:363,54,0,0
BRDA:363,54,1,0
BRDA:363,54,2,0
BRDA:365,55,0,0
BRDA:365,55,1,0
BRDA:365,55,2,0
BRDA:365,55,3,0
BRDA:365,55,4,0
BRDA:365,56,0,0
BRDA:365,56,1,0
BRDA:384,57,0,0
BRDA:384,57,1,0
BRDA:384,58,0,0
BRDA:384,58,1,0
BRDA:380,59,0,0
BRDA:380,59,1,0
BRDA:381,60,0,0
BRDA:381,60,1,0
BRDA:387,61,0,0
BRDA:387,61,1,0
BRDA:395,62,0,0
BRDA:395,62,1,0
BRDA:394,63,0,0
BRDA:394,63,1,0
BRDA:428,64,0,0
BRDA:428,64,1,0
BRDA:432,65,0,0
BRDA:432,65,1,0
BRDA:432,66,0,0
BRDA:432,66,1,0
BRDA:441,67,0,0
BRDA:441,67,1,0
BRDA:441,67,2,0
BRDA:450,68,0,0
BRDA:450,68,1,0
BRDA:451,69,0,0
BRDA:451,69,1,0
BRDA:457,70,0,0
BRDA:457,70,1,0
BRDA:491,71,0,0
BRDA:491,71,1,0
BRDA:534,72,0,0
BRDA:534,72,1,0
BRDA:534,72,2,0
BRDA:545,73,0,0
BRDA:545,73,1,0
BRDA:559,74,0,0
BRDA:559,74,1,0
BRDA:564,75,0,0
BRDA:564,75,1,0
BRDA:564,75,2,0
BRDA:565,76,0,0
BRDA:565,76,1,0
BRDA:566,77,0,0
BRDA:566,77,1,0
BRDA:567,78,0,0
BRDA:567,78,1,0
BRDA:568,79,0,0
BRDA:568,79,1,0
BRDA:571,80,0,0
BRDA:571,80,1,0
BRDA:572,81,0,0
BRDA:572,81,1,0
BRDA:578,82,0,0
BRDA:578,82,1,0
BRDA:578,83,0,0
BRDA:578,83,1,0
BRDA:583,84,0,0
BRDA:583,84,1,0
BRDA:588,85,0,0
BRDA:588,85,1,0
BRDA:639,86,0,0
BRDA:639,86,1,0
BRDA:646,87,0,0
BRDA:646,87,1,0
BRDA:648,88,0,0
BRDA:648,88,1,0
BRDA:647,89,0,0
BRDA:647,89,1,0
BRDA:653,90,0,0
BRDA:653,90,1,0
BRDA:662,91,0,0
BRDA:662,91,1,0
BRDA:663,92,0,0
BRDA:663,92,1,0
BRDA:665,93,0,0
BRDA:665,93,1,0
BRDA:675,94,0,0
BRDA:675,94,1,0
BRDA:676,95,0,0
BRDA:676,95,1,0
BRDA:680,96,0,0
BRDA:680,96,1,0
BRDA:681,97,0,0
BRDA:681,97,1,0
BRDA:691,98,0,0
BRDA:691,98,1,0
BRDA:695,99,0,0
BRDA:695,99,1,0
BRDA:703,100,0,0
BRDA:703,100,1,0
BRDA:625,101,0,0
BRDA:625,101,1,0
BRDA:753,102,0,0
BRDA:753,102,1,0
BRDA:753,103,0,0
BRDA:753,103,1,0
BRDA:826,104,0,0
BRDA:826,104,1,0
BRDA:827,105,0,0
BRDA:827,105,1,0
BRDA:831,106,0,0
BRDA:831,106,1,0
BRDA:841,107,0,0
BRDA:841,107,1,0
BRDA:849,108,0,0
BRDA:849,108,1,0
BRDA:854,109,0,0
BRDA:854,109,1,0
BRDA:857,110,0,0
BRDA:857,110,1,0
BRDA:867,111,0,0
BRDA:867,111,1,0
BRDA:874,112,0,0
BRDA:874,112,1,0
BRDA:875,113,0,0
BRDA:875,113,1,0
BRDA:879,114,0,0
BRDA:879,114,1,0
BRDA:883,115,0,0
BRDA:883,115,1,0
BRDA:883,116,0,0
BRDA:883,116,1,0
BRDA:902,117,0,0
BRDA:902,117,1,0
BRDA:903,118,0,0
BRDA:903,118,1,0
BRDA:907,119,0,0
BRDA:907,119,1,0
BRDA:763,120,0,0
BRDA:763,120,1,0
BRDA:767,121,0,0
BRDA:767,121,1,0
BRDA:793,122,0,0
BRDA:793,122,1,0
BRDA:934,123,0,0
BRDA:934,123,1,0
BRDA:937,124,0,0
BRDA:937,124,1,0
BRDA:942,125,0,0
BRDA:942,125,1,0
BRDA:965,126,0,0
BRDA:965,126,1,0
BRDA:967,127,0,0
BRDA:967,127,1,0
BRDA:969,128,0,0
BRDA:969,128,1,0
BRDA:972,129,0,0
BRDA:972,129,1,0
BRDA:972,129,2,0
BRDA:979,130,0,0
BRDA:979,130,1,0
BRDA:979,131,0,0
BRDA:979,131,1,0
BRDA:979,131,2,0
BRDA:983,132,0,0
BRDA:983,132,1,0
BRDA:986,133,0,0
BRDA:986,133,1,0
BRDA:469,134,0,0
BRDA:469,134,1,0
BRDA:475,135,0,0
BRDA:475,135,1,0
BRDA:995,136,0,0
BRDA:995,136,1,0
BRDA:996,137,0,0
BRDA:996,137,1,0
BRDA:996,137,2,0
BRDA:998,138,0,0
BRDA:998,138,1,0
BRDA:998,139,0,0
BRDA:998,139,1,0
BRDA:205,140,0,0
BRDA:205,140,1,0
BRDA:209,141,0,0
BRDA:209,141,1,0
BRDA:212,142,0,0
BRDA:212,142,1,0
BRDA:1004,143,0,0
BRDA:1004,143,1,0
BRDA:1007,144,0,0
BRDA:1007,144,1,0
BRDA:1008,145,0,0
BRDA:1008,145,1,0
BRDA:1008,145,2,0
BRDA:1072,146,0,0
BRDA:1072,146,1,0
BRDA:1075,147,0,0
BRDA:1075,147,1,0
BRDA:1078,148,0,0
BRDA:1078,148,1,0
BRDA:1081,149,0,0
BRDA:1081,149,1,0
BRDA:1085,150,0,0
BRDA:1085,150,1,0
BRDA:1090,151,0,0
BRDA:1090,151,1,0
BRDA:405,152,0,0
BRDA:405,152,1,0
BRDA:405,152,2,0
BRDA:405,152,3,0
BRDA:413,153,0,0
BRDA:413,153,1,0
BRDA:1093,154,0,0
BRDA:1093,154,1,0
BRDA:1096,155,0,0
BRDA:1096,155,1,0
BRDA:1098,156,0,0
BRDA:1098,156,1,0
BRDA:1107,157,0,0
BRDA:1107,157,1,0
BRDA:1116,158,0,0
BRDA:1116,158,1,0
BRDA:1116,158,2,0
BRDA:1127,159,0,0
BRDA:1127,159,1,0
BRDA:1128,160,0,0
BRDA:1128,160,1,0
BRDA:1130,161,0,0
BRDA:1130,161,1,0
BRDA:1130,162,0,0
BRDA:1130,162,1,0
BRDA:1137,163,0,0
BRDA:1137,163,1,0
BRDA:1141,164,0,0
BRDA:1141,164,1,0
BRDA:1202,165,0,0
BRDA:1202,165,1,0
BRDA:1206,166,0,0
BRDA:1206,166,1,0
BRDA:1209,167,0,0
BRDA:1209,167,1,0
BRDA:1209,168,0,0
BRDA:1209,168,1,0
BRDA:1147,169,0,0
BRDA:1147,169,1,0
BRDA:1151,170,0,0
BRDA:1151,170,1,0
BRDA:1155,171,0,0
BRDA:1155,171,1,0
BRDA:1156,172,0,0
BRDA:1156,172,1,0
BRDA:1163,173,0,0
BRDA:1163,173,1,0
BRDA:1184,174,0,0
BRDA:1184,174,1,0
BRDA:1184,175,0,0
BRDA:1184,175,1,0
BRDA:1184,175,2,0
BRDA:1184,175,3,0
BRDA:1184,175,4,0
BRDA:1184,175,5,0
BRDA:1184,175,6,0
BRDA:1190,176,0,0
BRDA:1190,176,1,0
BRDA:1190,177,0,0
BRDA:1190,177,1,0
BRDA:1192,178,0,0
BRDA:1192,178,1,0
BRDA:1195,179,0,0
BRDA:1195,179,1,0
BRDA:1279,180,0,0
BRDA:1279,180,1,0
BRDA:1281,181,0,0
BRDA:1281,181,1,0
BRDA:1283,182,0,0
BRDA:1283,182,1,0
BRDA:1338,183,0,0
BRDA:1338,183,1,0
BRDA:1461,184,0,0
BRDA:1461,184,1,0
BRDA:1462,185,0,0
BRDA:1462,185,1,0
BRDA:1463,186,0,0
BRDA:1463,186,1,0
BRDA:1341,187,0,0
BRDA:1341,187,1,0
BRDA:1348,188,0,0
BRDA:1348,188,1,0
BRDA:1355,189,0,0
BRDA:1355,189,1,0
BRDA:1358,190,0,0
BRDA:1358,190,1,0
BRDA:1360,191,0,0
BRDA:1360,191,1,0
BRDA:1364,192,0,0
BRDA:1364,192,1,0
BRDA:1386,193,0,0
BRDA:1386,193,1,0
BRDA:1392,194,0,0
BRDA:1392,194,1,0
BRDA:1397,195,0,0
BRDA:1397,195,1,0
BRDA:1398,196,0,0
BRDA:1398,196,1,0
BRDA:1420,197,0,0
BRDA:1420,197,1,0
BRDA:1425,198,0,0
BRDA:1425,198,1,0
BRDA:1425,198,2,0
BRDA:1291,199,0,0
BRDA:1291,199,1,0
BRDA:1492,200,0,0
BRDA:1492,200,1,0
BRDA:1497,201,0,0
BRDA:1497,201,1,0
BRDA:1506,202,0,0
BRDA:1506,202,1,0
BRDA:1502,203,0,0
BRDA:1502,203,1,0
BRDA:1506,204,0,0
BRDA:1506,204,1,0
BRDA:1507,205,0,0
BRDA:1507,205,1,0
BRDA:1507,205,2,0
BRDA:1516,206,0,0
BRDA:1516,206,1,0
BRDA:1521,207,0,0
BRDA:1521,207,1,0
BRDA:1536,208,0,0
BRDA:1536,208,1,0
BRDA:1543,209,0,0
BRDA:1543,209,1,0
BRDA:1539,210,0,0
BRDA:1539,210,1,0
BRDA:1540,211,0,0
BRDA:1540,211,1,0
BRDA:1562,212,0,0
BRDA:1562,212,1,0
BRDA:1558,213,0,0
BRDA:1558,213,1,0
BRDA:1559,214,0,0
BRDA:1559,214,1,0
BRDA:1560,215,0,0
BRDA:1560,215,1,0
BRDA:1575,216,0,0
BRDA:1575,216,1,0
BRDA:1660,217,0,0
BRDA:1660,217,1,0
BRDA:1620,218,0,0
BRDA:1620,218,1,0
BRDA:1619,219,0,0
BRDA:1619,219,1,0
BRDA:1620,220,0,0
BRDA:1620,220,1,0
BRDA:1595,221,0,0
BRDA:1595,221,1,0
BRDA:1622,222,0,0
BRDA:1622,222,1,0
BRDA:1605,223,0,0
BRDA:1605,223,1,0
BRDA:1641,224,0,0
BRDA:1641,224,1,0
BRDA:1643,225,0,0
BRDA:1643,225,1,0
BRDA:1649,226,0,0
BRDA:1649,226,1,0
BRDA:1650,227,0,0
BRDA:1650,227,1,0
BRDA:1652,228,0,0
BRDA:1652,228,1,0
BRDA:1668,229,0,0
BRDA:1668,229,1,0
BRDA:1667,230,0,0
BRDA:1667,230,1,0
BRDA:1667,230,2,0
BRDA:1691,231,0,0
BRDA:1691,231,1,0
BRDA:1717,232,0,0
BRDA:1717,232,1,0
BRDA:1722,233,0,0
BRDA:1722,233,1,0
BRDA:1779,234,0,0
BRDA:1779,234,1,0
BRDA:1737,235,0,0
BRDA:1737,235,1,0
BRDA:1740,236,0,0
BRDA:1740,236,1,0
BRDA:1745,237,0,0
BRDA:1745,237,1,0
BRDA:1762,238,0,0
BRDA:1762,238,1,0
BRDA:1772,239,0,0
BRDA:1772,239,1,0
BRDA:1772,239,2,0
BRDA:1795,240,0,0
BRDA:1795,240,1,0
BRDA:1800,241,0,0
BRDA:1800,241,1,0
BRDA:1801,242,0,0
BRDA:1801,242,1,0
BRDA:1820,243,0,0
BRDA:1820,243,1,0
BRDA:1820,244,0,0
BRDA:1820,244,1,0
BRDA:1824,245,0,0
BRDA:1824,245,1,0
BRDA:1827,246,0,0
BRDA:1827,246,1,0
BRDA:1830,247,0,0
BRDA:1830,247,1,0
BRDA:1829,248,0,0
BRDA:1829,248,1,0
BRDA:1807,249,0,0
BRDA:1807,249,1,0
BRDA:1808,250,0,0
BRDA:1808,250,1,0
BRDA:1834,251,0,0
BRDA:1834,251,1,0
BRDA:1837,252,0,0
BRDA:1837,252,1,0
BRDA:1837,252,2,0
BRDA:1841,253,0,0
BRDA:1841,253,1,0
BRDA:1849,254,0,0
BRDA:1849,254,1,0
BRDA:1849,254,2,0
BRDA:1849,254,3,0
BRDA:1849,254,4,0
BRDA:1849,254,5,0
BRDA:1849,254,6,0
BRDA:1849,254,7,0
BRDA:1871,255,0,0
BRDA:1871,255,1,0
BRDA:1880,256,0,0
BRDA:1880,256,1,0
BRDA:1893,257,0,0
BRDA:1893,257,1,0
BRDA:1896,258,0,0
BRDA:1896,258,1,0
BRDA:1921,259,0,0
BRDA:1921,259,1,0
BRDA:1921,260,0,0
BRDA:1921,260,1,0
BRDA:1996,261,0,0
BRDA:1996,261,1,0
BRDA:1996,261,2,0
BRDA:1996,261,3,0
BRDA:1931,262,0,0
BRDA:1931,262,1,0
BRDA:1933,263,0,0
BRDA:1933,263,1,0
BRDA:1943,264,0,0
BRDA:1943,264,1,0
BRDA:1945,265,0,0
BRDA:1945,265,1,0
BRDA:1957,266,0,0
BRDA:1957,266,1,0
BRDA:1958,267,0,0
BRDA:1958,267,1,0
BRDA:1963,268,0,0
BRDA:1963,268,1,0
BRDA:1963,268,2,0
BRDA:1971,269,0,0
BRDA:1971,269,1,0
BRDA:1993,270,0,0
BRDA:1993,270,1,0
BRDA:2010,271,0,0
BRDA:2010,271,1,0
BRDA:2074,272,0,0
BRDA:2074,272,1,0
BRDA:2075,273,0,0
BRDA:2075,273,1,0
BRDA:2078,274,0,0
BRDA:2078,274,1,0
BRDA:2296,275,0,0
BRDA:2296,275,1,0
BRDA:2297,276,0,0
BRDA:2297,276,1,0
BRDA:2300,277,0,0
BRDA:2300,277,1,0
BRDA:2300,277,2,0
BRDA:2308,278,0,0
BRDA:2308,278,1,0
BRDA:2354,279,0,0
BRDA:2354,279,1,0
BRDA:2341,280,0,0
BRDA:2341,280,1,0
BRDA:2343,281,0,0
BRDA:2343,281,1,0
BRDA:2347,282,0,0
BRDA:2347,282,1,0
BRDA:2370,283,0,0
BRDA:2370,283,1,0
BRDA:2104,284,0,0
BRDA:2104,284,1,0
BRDA:2107,285,0,0
BRDA:2107,285,1,0
BRDA:2130,286,0,0
BRDA:2130,286,1,0
BRDA:2133,287,0,0
BRDA:2133,287,1,0
BRDA:2137,288,0,0
BRDA:2137,288,1,0
BRDA:2145,289,0,0
BRDA:2145,289,1,0
BRDA:2148,290,0,0
BRDA:2148,290,1,0
BRDA:2148,290,2,0
BRDA:2157,291,0,0
BRDA:2157,291,1,0
BRDA:2170,292,0,0
BRDA:2170,292,1,0
BRDA:2170,292,2,0
BRDA:2176,293,0,0
BRDA:2176,293,1,0
BRDA:2184,294,0,0
BRDA:2184,294,1,0
BRDA:2188,295,0,0
BRDA:2188,295,1,0
BRDA:2189,296,0,0
BRDA:2189,296,1,0
BRDA:2189,296,2,0
BRDA:2321,297,0,0
BRDA:2321,297,1,0
BRDA:2221,298,0,0
BRDA:2221,298,1,0
BRDA:2228,299,0,0
BRDA:2228,299,1,0
BRDA:2231,300,0,0
BRDA:2231,300,1,0
BRDA:2239,301,0,0
BRDA:2239,301,1,0
BRDA:2234,302,0,0
BRDA:2234,302,1,0
BRDA:2234,302,2,0
BRDA:2234,302,3,0
BRDA:2241,303,0,0
BRDA:2241,303,1,0
BRDA:2240,304,0,0
BRDA:2240,304,1,0
BRDA:2400,305,0,0
BRDA:2400,305,1,0
BRDA:2425,306,0,0
BRDA:2425,306,1,0
BRDA:2422,307,0,0
BRDA:2422,307,1,0
BRDA:2426,308,0,0
BRDA:2426,308,1,0
BRDA:2263,309,0,0
BRDA:2263,309,1,0
BRDA:2268,310,0,0
BRDA:2268,310,1,0
BRDA:2281,311,0,0
BRDA:2281,311,1,0
BRDA:2442,312,0,0
BRDA:2442,312,1,0
BRDA:2443,313,0,0
BRDA:2443,313,1,0
BRDA:2449,314,0,0
BRDA:2449,314,1,0
BRDA:2455,315,0,0
BRDA:2455,315,1,0
BRDA:2457,316,0,0
BRDA:2457,316,1,0
BRDA:2467,317,0,0
BRDA:2467,317,1,0
BRDA:2467,317,2,0
BRDA:2472,318,0,0
BRDA:2472,318,1,0
BRDA:2495,319,0,0
BRDA:2495,319,1,0
BRDA:2507,320,0,0
BRDA:2507,320,1,0
BRDA:2512,321,0,0
BRDA:2512,321,1,0
BRDA:2514,322,0,0
BRDA:2514,322,1,0
BRDA:2527,323,0,0
BRDA:2527,323,1,0
BRDA:2527,323,2,0
BRDA:2530,324,0,0
BRDA:2530,324,1,0
BRDA:2539,325,0,0
BRDA:2539,325,1,0
BRDA:2539,325,2,0
BRDA:2642,326,0,0
BRDA:2642,326,1,0
BRDA:2545,327,0,0
BRDA:2545,327,1,0
BRDA:2546,328,0,0
BRDA:2546,328,1,0
BRDA:2554,329,0,0
BRDA:2554,329,1,0
BRDA:2560,330,0,0
BRDA:2560,330,1,0
BRDA:2562,331,0,0
BRDA:2562,331,1,0
BRDA:2568,332,0,0
BRDA:2568,332,1,0
BRDA:2572,333,0,0
BRDA:2572,333,1,0
BRDA:2575,334,0,0
BRDA:2575,334,1,0
BRDA:2580,335,0,0
BRDA:2580,335,1,0
BRDA:2600,336,0,0
BRDA:2600,336,1,0
BRDA:2616,337,0,0
BRDA:2616,337,1,0
BRDA:2628,338,0,0
BRDA:2628,338,1,0
BRDA:2629,339,0,0
BRDA:2629,339,1,0
BRDA:2650,340,0,0
BRDA:2650,340,1,0
BRDA:2663,341,0,0
BRDA:2663,341,1,0
BRDA:2670,342,0,0
BRDA:2670,342,1,0
BRDA:2673,343,0,0
BRDA:2673,343,1,0
BRDA:2685,344,0,0
BRDA:2685,344,1,0
BRDA:2691,345,0,0
BRDA:2691,345,1,0
BRDA:2699,346,0,0
BRDA:2699,346,1,0
BRDA:2714,347,0,0
BRDA:2714,347,1,0
BRDA:2715,348,0,0
BRDA:2715,348,1,0
BRDA:2726,349,0,0
BRDA:2726,349,1,0
BRDA:2739,350,0,0
BRDA:2739,350,1,0
BRDA:2749,351,0,0
BRDA:2749,351,1,0
BRDA:2749,352,0,0
BRDA:2749,352,1,0
BRDA:2760,353,0,0
BRDA:2760,353,1,0
BRDA:2769,354,0,0
BRDA:2769,354,1,0
BRDA:2783,355,0,0
BRDA:2783,355,1,0
BRDA:2792,356,0,0
BRDA:2792,356,1,0
BRDA:2794,357,0,0
BRDA:2794,357,1,0
BRDA:2805,358,0,0
BRDA:2805,358,1,0
BRDA:2805,358,2,0
BRDA:2805,358,3,0
BRDA:2795,359,0,0
BRDA:2795,359,1,0
BRDA:2795,359,2,0
BRDA:2796,360,0,0
BRDA:2796,360,1,0
BRDA:2799,361,0,0
BRDA:2799,361,1,0
BRDA:3000,362,0,0
BRDA:3000,362,1,0
BRDA:2832,363,0,0
BRDA:2832,363,1,0
BRDA:2865,364,0,0
BRDA:2865,364,1,0
BRDA:2851,365,0,0
BRDA:2851,365,1,0
BRDA:2854,366,0,0
BRDA:2854,366,1,0
BRDA:2854,367,0,0
BRDA:2854,367,1,0
BRDA:2856,368,0,0
BRDA:2856,368,1,0
BRDA:2873,369,0,0
BRDA:2873,369,1,0
BRDA:2873,370,0,0
BRDA:2873,370,1,0
BRDA:2911,371,0,0
BRDA:2911,371,1,0
BRDA:2911,372,0,0
BRDA:2911,372,1,0
BRDA:2911,372,2,0
BRDA:2924,373,0,0
BRDA:2924,373,1,0
BRDA:2924,374,0,0
BRDA:2924,374,1,0
BRDA:2924,374,2,0
BRDA:2947,375,0,0
BRDA:2947,375,1,0
BRDA:2948,376,0,0
BRDA:2948,376,1,0
BRDA:2954,377,0,0
BRDA:2954,377,1,0
BRDA:2966,378,0,0
BRDA:2966,378,1,0
BRDA:2974,379,0,0
BRDA:2974,379,1,0
BRDA:3005,380,0,0
BRDA:3005,380,1,0
BRDA:3006,381,0,0
BRDA:3006,381,1,0
BRDA:2989,382,0,0
BRDA:2989,382,1,0
BRDA:1219,383,0,0
BRDA:1219,383,1,0
BRDA:1219,384,0,0
BRDA:1219,384,1,0
BRDA:1228,385,0,0
BRDA:1228,385,1,0
BRDA:1228,385,2,0
BRDA:1228,385,3,0
BRDA:1236,386,0,0
BRDA:1236,386,1,0
BRDA:1241,387,0,0
BRDA:1241,387,1,0
BRDA:1241,387,2,0
BRDA:3012,388,0,0
BRDA:3012,388,1,0
BRDA:3012,388,2,0
BRF:844
BRH:0
end_of_record
TN:
SF:dist/webpack:/node_modules/vue/dist/vue.runtime.esm.js
FN:1,(anonymous_11)
FN:12,o
FN:16,i
FN:20,a
FN:31,s
FN:46,c
FN:63,f
FN:67,l
FN:74,p
FN:79,d
FN:90,h
FN:102,v
FN:111,y
FN:121,(anonymous_24)
FN:122,(anonymous_25)
FN:138,g
FN:151,b
FN:158,w
FN:160,(anonymous_29)
FN:170,(anonymous_30)
FN:171,(anonymous_31)
FN:177,(anonymous_32)
FN:185,(anonymous_33)
FN:212,(anonymous_34)
FN:198,(anonymous_35)
FN:199,n
FN:223,S
FN:236,E
FN:246,T
FN:263,j
FN:268,(anonymous_41)
FN:275,(anonymous_42)
FN:281,R
FN:290,(anonymous_44)
FN:298,(anonymous_45)
FN:321,L
FN:331,M
FN:333,(anonymous_48)
FN:482,V
FN:536,(anonymous_50)
FN:548,(anonymous_51)
FN:566,it
FN:581,(anonymous_53)
FN:582,t
FN:585,(anonymous_55)
FN:588,(anonymous_56)
FN:591,(anonymous_57)
FN:701,(anonymous_58)
FN:706,(anonymous_59)
FN:710,(anonymous_60)
FN:714,(anonymous_61)
FN:720,(anonymous_62)
FN:740,pt
FN:745,dt
FN:752,(anonymous_65)
FN:791,(anonymous_66)
FN:797,(anonymous_67)
FN:806,mt
FN:814,gt
FN:861,(anonymous_70)
FN:864,(anonymous_71)
FN:897,Ot
FN:907,(anonymous_73)
FN:951,(anonymous_74)
FN:962,(anonymous_75)
FN:974,At
FN:999,$t
FN:1024,(anonymous_78)
FN:1037,(anonymous_79)
FN:1065,kt
FN:1100,St
FN:1132,Et
FN:929,(anonymous_83)
FN:939,(anonymous_84)
FN:1169,jt
FN:1199,Pt
FN:1224,(anonymous_87)
FN:1217,(anonymous_88)
FN:1266,It
FN:1282,(anonymous_90)
FN:1303,Rt
FN:1241,(anonymous_92)
FN:1292,(anonymous_93)
FN:1318,(anonymous_94)
FN:1328,(anonymous_95)
FN:1364,(anonymous_96)
FN:1384,(anonymous_97)
FN:1508,Mt
FN:1418,(anonymous_99)
FN:1455,(anonymous_100)
FN:1482,(anonymous_101)
FN:1550,s
FN:1562,Dt
FN:1594,Nt
FN:1640,(anonymous_105)
FN:1752,Ft
FN:1757,Ut
FN:1761,Vt
FN:1818,Ht
FN:1845,Bt
FN:1856,(anonymous_111)
FN:1867,qt
FN:1882,zt
FN:1901,Gt
FN:1932,(anonymous_115)
FN:1965,(anonymous_116)
FN:1970,(anonymous_117)
FN:1956,(anonymous_118)
FN:1975,ee
FN:1977,(anonymous_120)
FN:1994,(anonymous_121)
FN:2099,re
FN:2104,t
FN:2152,(anonymous_124)
FN:2167,ie
FN:2168,n
FN:2186,ae
FN:2227,se
FN:2234,c
FN:2303,ce
FN:2355,ue
FN:2367,t
FN:2363,fe
FN:2449,le
FN:2492,pe
FN:2532,de
FN:2538,he
FN:2588,ve
FN:2589,(anonymous_139)
FN:2613,ye
FN:2614,(anonymous_141)
FN:2622,me
FN:2667,ge
FN:2704,_e
FN:2710,be
FN:2723,we
FN:2745,xe
FN:2763,(anonymous_148)
FN:2783,(anonymous_149)
FN:2801,Oe
FN:2826,Ce
FN:2835,Ae
FN:2851,$e
FN:2859,ke
FN:2880,Se
FN:2908,Ee
FN:2927,Te
FN:2933,je
FN:2955,Pe
FN:2989,(anonymous_160)
FN:3001,(anonymous_161)
FN:3016,(anonymous_162)
FN:3025,(anonymous_163)
FN:3072,Ie
FN:3088,Re
FN:3104,(anonymous_166)
FN:3268,(anonymous_167)
FN:3122,(anonymous_168)
FN:4091,(anonymous_169)
FN:3134,(anonymous_170)
FN:3155,(anonymous_171)
FN:4196,t
FN:3169,De
FN:3615,(anonymous_174)
FN:3643,(anonymous_175)
FN:3645,(anonymous_176)
FN:3663,(anonymous_177)
FN:3675,(anonymous_178)
FN:3706,(anonymous_179)
FN:3717,(anonymous_180)
FN:3602,(anonymous_181)
FN:3310,(anonymous_182)
FN:2262,(anonymous_183)
FN:3031,(anonymous_184)
FN:3286,(anonymous_185)
FN:3298,Ne
FN:3299,(anonymous_187)
FN:3337,Fe
FN:3356,(anonymous_189)
FN:2342,(anonymous_190)
FN:3447,t
FN:3468,(anonymous_192)
FN:3590,He
FN:3741,Be
FN:3747,qe
FN:3774,ze
FN:3778,Ke
FN:3782,We
FN:3784,r
FN:3792,Xe
FN:3900,Ge
FN:3903,(anonymous_202)
FN:4171,Qe
FN:4178,Ye
FN:4212,Ze
FN:4279,(anonymous_206)
FN:4286,fn
FN:4299,(anonymous_208)
FN:4367,(anonymous_209)
FN:4345,(anonymous_210)
FN:4418,(anonymous_211)
FN:495,(anonymous_212)
FN:500,(anonymous_213)
FN:4474,(anonymous_214)
FN:4501,(anonymous_215)
FN:4515,(anonymous_216)
FN:4537,(anonymous_217)
FN:4379,(anonymous_218)
FN:4552,(anonymous_219)
FN:4583,(anonymous_220)
FN:4591,(anonymous_221)
FN:4601,(anonymous_222)
FN:4626,hn
FN:4627,(anonymous_224)
FN:4630,(anonymous_225)
FN:4636,vn
FN:4652,(anonymous_227)
FN:4663,(anonymous_228)
FN:4852,(anonymous_229)
FN:4702,(anonymous_230)
FN:4744,(anonymous_231)
FN:4759,(anonymous_232)
FN:4880,(anonymous_233)
FN:4800,mn
FN:4831,gn
FN:4832,(anonymous_236)
FN:4846,_n
FN:4847,(anonymous_238)
FN:4893,bn
FN:5042,xn
FN:5066,(anonymous_241)
FN:5079,On
FN:5127,Cn
FN:5139,(anonymous_244)
FN:5153,(anonymous_245)
FN:5203,(anonymous_246)
FN:5210,(anonymous_247)
FN:5182,(anonymous_248)
FN:5253,An
FN:5257,$n
FN:5269,kn
FN:5284,Sn
FN:4964,(anonymous_253)
FN:4965,(anonymous_254)
FN:5023,(anonymous_255)
FN:3908,(anonymous_256)
FN:3762,(anonymous_257)
FN:3479,(anonymous_258)
FN:3491,(anonymous_259)
FN:3494,(anonymous_260)
FN:2426,(anonymous_261)
FN:2430,(anonymous_262)
FN:2417,(anonymous_263)
FN:4909,(anonymous_264)
FN:4914,(anonymous_265)
FN:4916,(anonymous_266)
FN:4935,(anonymous_267)
FN:4954,(anonymous_268)
FN:3802,(anonymous_269)
FN:3804,(anonymous_270)
FN:3821,(anonymous_271)
FN:3823,r
FN:3832,(anonymous_273)
FN:3868,(anonymous_274)
FN:3934,(anonymous_275)
FN:3935,(anonymous_276)
FN:3966,(anonymous_277)
FN:3973,(anonymous_278)
FN:3516,(anonymous_279)
FN:3520,(anonymous_280)
FN:3524,(anonymous_281)
FN:5310,(anonymous_282)
FN:5315,(anonymous_283)
FN:5321,(anonymous_284)
FN:5324,(anonymous_285)
FN:5325,(anonymous_286)
FN:5327,(anonymous_287)
FN:5328,(anonymous_288)
FN:5332,(anonymous_289)
FN:5385,(anonymous_290)
FN:5388,(anonymous_291)
FN:5413,(anonymous_292)
FN:5419,(anonymous_293)
FN:5096,(anonymous_294)
FN:5097,(anonymous_295)
FN:5118,(anonymous_296)
FN:5119,(anonymous_297)
FN:5219,(anonymous_298)
FN:5223,(anonymous_299)
FN:5224,(anonymous_300)
FN:5442,(anonymous_301)
FN:5496,(anonymous_302)
FN:5500,(anonymous_303)
FN:5504,(anonymous_304)
FN:5510,Un
FN:5537,(anonymous_306)
FN:5528,Vn
FN:5548,Hn
FN:5552,Bn
FN:5566,(anonymous_310)
FN:5578,(anonymous_311)
FN:5619,(anonymous_312)
FN:5684,(anonymous_313)
FN:5696,(anonymous_314)
FN:5700,(anonymous_315)
FN:5704,(anonymous_316)
FN:5708,(anonymous_317)
FN:5712,(anonymous_318)
FN:5716,(anonymous_319)
FN:5720,(anonymous_320)
FN:5724,(anonymous_321)
FN:5728,(anonymous_322)
FN:5732,(anonymous_323)
FN:5736,(anonymous_324)
FN:5758,(anonymous_325)
FN:5761,(anonymous_326)
FN:5767,(anonymous_327)
FN:5772,Yn
FN:5815,er
FN:5832,(anonymous_330)
FN:5840,nr
FN:6575,(anonymous_332)
FN:6580,or
FN:6586,(anonymous_334)
FN:6617,(anonymous_335)
FN:6630,(anonymous_336)
FN:6649,ar
FN:6672,sr
FN:6676,cr
FN:6694,fr
FN:6735,lr
FN:5476,(anonymous_342)
FN:6764,pr
FN:6777,(anonymous_344)
FN:6796,hr
FN:6870,mr
FN:6872,o
FN:6885,_r
FN:6900,(anonymous_349)
FN:6930,br
FN:6943,wr
FN:6851,(anonymous_352)
FN:6964,Cr
FN:7037,Ar
FN:7045,(anonymous_355)
FN:7055,(anonymous_356)
FN:7076,(anonymous_357)
FN:7080,(anonymous_358)
FN:7090,Sr
FN:7100,Er
FN:7148,(anonymous_361)
FN:7172,(anonymous_362)
FN:7187,Mr
FN:7114,(anonymous_364)
FN:7243,Fr
FN:7252,(anonymous_366)
FN:7268,Ur
FN:7277,(anonymous_368)
FN:7301,Vr
FN:7318,(anonymous_370)
FN:7359,(anonymous_371)
FN:7361,Jr
FN:7362,(anonymous_373)
FN:7367,Gr
FN:7375,Qr
FN:7382,Yr
FN:7394,(anonymous_377)
FN:7398,(anonymous_378)
FN:7405,(anonymous_379)
FN:7415,to
FN:7465,eo
FN:7471,(anonymous_382)
FN:7480,no
FN:7486,ro
FN:7576,(anonymous_385)
FN:7594,(anonymous_386)
FN:7612,(anonymous_387)
FN:7637,oo
FN:7681,(anonymous_389)
FN:7707,O
FN:7720,(anonymous_391)
FN:7758,io
FN:7768,ao
FN:7785,so
FN:5850,(anonymous_395)
FN:5880,f
FN:5906,l
FN:5973,(anonymous_398)
FN:6013,(anonymous_399)
FN:5995,p
FN:6035,d
FN:6047,h
FN:6060,v
FN:6067,m
FN:6081,g
FN:6104,_
FN:6110,b
FN:6124,w
FN:6138,x
FN:5870,(anonymous_410)
FN:5871,n
FN:6257,O
FN:6264,C
FN:6167,(anonymous_414)
FN:6339,A
FN:6359,k
FN:6465,(anonymous_417)
FN:7794,(anonymous_418)
FN:7829,(anonymous_419)
FN:7838,(anonymous_420)
FN:7842,(anonymous_421)
FN:7867,(anonymous_422)
FN:7876,(anonymous_423)
FN:7880,(anonymous_424)
FN:7890,fo
FN:7894,(anonymous_426)
FN:7900,lo
FN:7933,po
FN:7934,(anonymous_429)
FN:7937,ho
FN:7943,vo
FN:7947,yo
FN:7954,mo
FN:7963,go
FN:7970,(anonymous_435)
FN:7979,(anonymous_436)
FN:7987,(anonymous_437)
FN:7998,(anonymous_438)
FN:8002,(anonymous_439)
FN:8011,(anonymous_440)
FN:8051,wo
FN:8060,xo
FN:8076,Oo
FN:8096,(anonymous_444)
FN:8098,(anonymous_445)
FN:8105,(anonymous_446)
FN:8084,(anonymous_447)
FN:8092,(anonymous_448)
FN:8198,(anonymous_449)
FN:8208,(anonymous_450)
FN:8211,(anonymous_451)
FN:8360,So
FN:8371,Eo
FN:8375,To
FN:8231,(anonymous_455)
FN:8235,(anonymous_456)
FN:8250,(anonymous_457)
FN:8293,(anonymous_458)
FN:8311,(anonymous_459)
FN:8317,t
FN:8332,(anonymous_461)
FN:8348,(anonymous_462)
FN:5463,(anonymous_463)
FN:5623,(anonymous_464)
FN:5635,(anonymous_465)
FN:8410,(anonymous_466)
FN:4017,(anonymous_467)
FN:4065,(anonymous_468)
FN:4074,(anonymous_469)
FN:5667,(anonymous_470)
FN:8421,(anonymous_471)
FNF:461
FNH:0
FNDA:0,(anonymous_11)
FNDA:0,o
FNDA:0,i
FNDA:0,a
FNDA:0,s
FNDA:0,c
FNDA:0,f
FNDA:0,l
FNDA:0,p
FNDA:0,d
FNDA:0,h
FNDA:0,v
FNDA:0,y
FNDA:0,(anonymous_24)
FNDA:0,(anonymous_25)
FNDA:0,g
FNDA:0,b
FNDA:0,w
FNDA:0,(anonymous_29)
FNDA:0,(anonymous_30)
FNDA:0,(anonymous_31)
FNDA:0,(anonymous_32)
FNDA:0,(anonymous_33)
FNDA:0,(anonymous_34)
FNDA:0,(anonymous_35)
FNDA:0,n
FNDA:0,S
FNDA:0,E
FNDA:0,T
FNDA:0,j
FNDA:0,(anonymous_41)
FNDA:0,(anonymous_42)
FNDA:0,R
FNDA:0,(anonymous_44)
FNDA:0,(anonymous_45)
FNDA:0,L
FNDA:0,M
FNDA:0,(anonymous_48)
FNDA:0,V
FNDA:0,(anonymous_50)
FNDA:0,(anonymous_51)
FNDA:0,it
FNDA:0,(anonymous_53)
FNDA:0,t
FNDA:0,(anonymous_55)
FNDA:0,(anonymous_56)
FNDA:0,(anonymous_57)
FNDA:0,(anonymous_58)
FNDA:0,(anonymous_59)
FNDA:0,(anonymous_60)
FNDA:0,(anonymous_61)
FNDA:0,(anonymous_62)
FNDA:0,pt
FNDA:0,dt
FNDA:0,(anonymous_65)
FNDA:0,(anonymous_66)
FNDA:0,(anonymous_67)
FNDA:0,mt
FNDA:0,gt
FNDA:0,(anonymous_70)
FNDA:0,(anonymous_71)
FNDA:0,Ot
FNDA:0,(anonymous_73)
FNDA:0,(anonymous_74)
FNDA:0,(anonymous_75)
FNDA:0,At
FNDA:0,$t
FNDA:0,(anonymous_78)
FNDA:0,(anonymous_79)
FNDA:0,kt
FNDA:0,St
FNDA:0,Et
FNDA:0,(anonymous_83)
FNDA:0,(anonymous_84)
FNDA:0,jt
FNDA:0,Pt
FNDA:0,(anonymous_87)
FNDA:0,(anonymous_88)
FNDA:0,It
FNDA:0,(anonymous_90)
FNDA:0,Rt
FNDA:0,(anonymous_92)
FNDA:0,(anonymous_93)
FNDA:0,(anonymous_94)
FNDA:0,(anonymous_95)
FNDA:0,(anonymous_96)
FNDA:0,(anonymous_97)
FNDA:0,Mt
FNDA:0,(anonymous_99)
FNDA:0,(anonymous_100)
FNDA:0,(anonymous_101)
FNDA:0,s
FNDA:0,Dt
FNDA:0,Nt
FNDA:0,(anonymous_105)
FNDA:0,Ft
FNDA:0,Ut
FNDA:0,Vt
FNDA:0,Ht
FNDA:0,Bt
FNDA:0,(anonymous_111)
FNDA:0,qt
FNDA:0,zt
FNDA:0,Gt
FNDA:0,(anonymous_115)
FNDA:0,(anonymous_116)
FNDA:0,(anonymous_117)
FNDA:0,(anonymous_118)
FNDA:0,ee
FNDA:0,(anonymous_120)
FNDA:0,(anonymous_121)
FNDA:0,re
FNDA:0,t
FNDA:0,(anonymous_124)
FNDA:0,ie
FNDA:0,n
FNDA:0,ae
FNDA:0,se
FNDA:0,c
FNDA:0,ce
FNDA:0,ue
FNDA:0,t
FNDA:0,fe
FNDA:0,le
FNDA:0,pe
FNDA:0,de
FNDA:0,he
FNDA:0,ve
FNDA:0,(anonymous_139)
FNDA:0,ye
FNDA:0,(anonymous_141)
FNDA:0,me
FNDA:0,ge
FNDA:0,_e
FNDA:0,be
FNDA:0,we
FNDA:0,xe
FNDA:0,(anonymous_148)
FNDA:0,(anonymous_149)
FNDA:0,Oe
FNDA:0,Ce
FNDA:0,Ae
FNDA:0,$e
FNDA:0,ke
FNDA:0,Se
FNDA:0,Ee
FNDA:0,Te
FNDA:0,je
FNDA:0,Pe
FNDA:0,(anonymous_160)
FNDA:0,(anonymous_161)
FNDA:0,(anonymous_162)
FNDA:0,(anonymous_163)
FNDA:0,Ie
FNDA:0,Re
FNDA:0,(anonymous_166)
FNDA:0,(anonymous_167)
FNDA:0,(anonymous_168)
FNDA:0,(anonymous_169)
FNDA:0,(anonymous_170)
FNDA:0,(anonymous_171)
FNDA:0,t
FNDA:0,De
FNDA:0,(anonymous_174)
FNDA:0,(anonymous_175)
FNDA:0,(anonymous_176)
FNDA:0,(anonymous_177)
FNDA:0,(anonymous_178)
FNDA:0,(anonymous_179)
FNDA:0,(anonymous_180)
FNDA:0,(anonymous_181)
FNDA:0,(anonymous_182)
FNDA:0,(anonymous_183)
FNDA:0,(anonymous_184)
FNDA:0,(anonymous_185)
FNDA:0,Ne
FNDA:0,(anonymous_187)
FNDA:0,Fe
FNDA:0,(anonymous_189)
FNDA:0,(anonymous_190)
FNDA:0,t
FNDA:0,(anonymous_192)
FNDA:0,He
FNDA:0,Be
FNDA:0,qe
FNDA:0,ze
FNDA:0,Ke
FNDA:0,We
FNDA:0,r
FNDA:0,Xe
FNDA:0,Ge
FNDA:0,(anonymous_202)
FNDA:0,Qe
FNDA:0,Ye
FNDA:0,Ze
FNDA:0,(anonymous_206)
FNDA:0,fn
FNDA:0,(anonymous_208)
FNDA:0,(anonymous_209)
FNDA:0,(anonymous_210)
FNDA:0,(anonymous_211)
FNDA:0,(anonymous_212)
FNDA:0,(anonymous_213)
FNDA:0,(anonymous_214)
FNDA:0,(anonymous_215)
FNDA:0,(anonymous_216)
FNDA:0,(anonymous_217)
FNDA:0,(anonymous_218)
FNDA:0,(anonymous_219)
FNDA:0,(anonymous_220)
FNDA:0,(anonymous_221)
FNDA:0,(anonymous_222)
FNDA:0,hn
FNDA:0,(anonymous_224)
FNDA:0,(anonymous_225)
FNDA:0,vn
FNDA:0,(anonymous_227)
FNDA:0,(anonymous_228)
FNDA:0,(anonymous_229)
FNDA:0,(anonymous_230)
FNDA:0,(anonymous_231)
FNDA:0,(anonymous_232)
FNDA:0,(anonymous_233)
FNDA:0,mn
FNDA:0,gn
FNDA:0,(anonymous_236)
FNDA:0,_n
FNDA:0,(anonymous_238)
FNDA:0,bn
FNDA:0,xn
FNDA:0,(anonymous_241)
FNDA:0,On
FNDA:0,Cn
FNDA:0,(anonymous_244)
FNDA:0,(anonymous_245)
FNDA:0,(anonymous_246)
FNDA:0,(anonymous_247)
FNDA:0,(anonymous_248)
FNDA:0,An
FNDA:0,$n
FNDA:0,kn
FNDA:0,Sn
FNDA:0,(anonymous_253)
FNDA:0,(anonymous_254)
FNDA:0,(anonymous_255)
FNDA:0,(anonymous_256)
FNDA:0,(anonymous_257)
FNDA:0,(anonymous_258)
FNDA:0,(anonymous_259)
FNDA:0,(anonymous_260)
FNDA:0,(anonymous_261)
FNDA:0,(anonymous_262)
FNDA:0,(anonymous_263)
FNDA:0,(anonymous_264)
FNDA:0,(anonymous_265)
FNDA:0,(anonymous_266)
FNDA:0,(anonymous_267)
FNDA:0,(anonymous_268)
FNDA:0,(anonymous_269)
FNDA:0,(anonymous_270)
FNDA:0,(anonymous_271)
FNDA:0,r
FNDA:0,(anonymous_273)
FNDA:0,(anonymous_274)
FNDA:0,(anonymous_275)
FNDA:0,(anonymous_276)
FNDA:0,(anonymous_277)
FNDA:0,(anonymous_278)
FNDA:0,(anonymous_279)
FNDA:0,(anonymous_280)
FNDA:0,(anonymous_281)
FNDA:0,(anonymous_282)
FNDA:0,(anonymous_283)
FNDA:0,(anonymous_284)
FNDA:0,(anonymous_285)
FNDA:0,(anonymous_286)
FNDA:0,(anonymous_287)
FNDA:0,(anonymous_288)
FNDA:0,(anonymous_289)
FNDA:0,(anonymous_290)
FNDA:0,(anonymous_291)
FNDA:0,(anonymous_292)
FNDA:0,(anonymous_293)
FNDA:0,(anonymous_294)
FNDA:0,(anonymous_295)
FNDA:0,(anonymous_296)
FNDA:0,(anonymous_297)
FNDA:0,(anonymous_298)
FNDA:0,(anonymous_299)
FNDA:0,(anonymous_300)
FNDA:0,(anonymous_301)
FNDA:0,(anonymous_302)
FNDA:0,(anonymous_303)
FNDA:0,(anonymous_304)
FNDA:0,Un
FNDA:0,(anonymous_306)
FNDA:0,Vn
FNDA:0,Hn
FNDA:0,Bn
FNDA:0,(anonymous_310)
FNDA:0,(anonymous_311)
FNDA:0,(anonymous_312)
FNDA:0,(anonymous_313)
FNDA:0,(anonymous_314)
FNDA:0,(anonymous_315)
FNDA:0,(anonymous_316)
FNDA:0,(anonymous_317)
FNDA:0,(anonymous_318)
FNDA:0,(anonymous_319)
FNDA:0,(anonymous_320)
FNDA:0,(anonymous_321)
FNDA:0,(anonymous_322)
FNDA:0,(anonymous_323)
FNDA:0,(anonymous_324)
FNDA:0,(anonymous_325)
FNDA:0,(anonymous_326)
FNDA:0,(anonymous_327)
FNDA:0,Yn
FNDA:0,er
FNDA:0,(anonymous_330)
FNDA:0,nr
FNDA:0,(anonymous_332)
FNDA:0,or
FNDA:0,(anonymous_334)
FNDA:0,(anonymous_335)
FNDA:0,(anonymous_336)
FNDA:0,ar
FNDA:0,sr
FNDA:0,cr
FNDA:0,fr
FNDA:0,lr
FNDA:0,(anonymous_342)
FNDA:0,pr
FNDA:0,(anonymous_344)
FNDA:0,hr
FNDA:0,mr
FNDA:0,o
FNDA:0,_r
FNDA:0,(anonymous_349)
FNDA:0,br
FNDA:0,wr
FNDA:0,(anonymous_352)
FNDA:0,Cr
FNDA:0,Ar
FNDA:0,(anonymous_355)
FNDA:0,(anonymous_356)
FNDA:0,(anonymous_357)
FNDA:0,(anonymous_358)
FNDA:0,Sr
FNDA:0,Er
FNDA:0,(anonymous_361)
FNDA:0,(anonymous_362)
FNDA:0,Mr
FNDA:0,(anonymous_364)
FNDA:0,Fr
FNDA:0,(anonymous_366)
FNDA:0,Ur
FNDA:0,(anonymous_368)
FNDA:0,Vr
FNDA:0,(anonymous_370)
FNDA:0,(anonymous_371)
FNDA:0,Jr
FNDA:0,(anonymous_373)
FNDA:0,Gr
FNDA:0,Qr
FNDA:0,Yr
FNDA:0,(anonymous_377)
FNDA:0,(anonymous_378)
FNDA:0,(anonymous_379)
FNDA:0,to
FNDA:0,eo
FNDA:0,(anonymous_382)
FNDA:0,no
FNDA:0,ro
FNDA:0,(anonymous_385)
FNDA:0,(anonymous_386)
FNDA:0,(anonymous_387)
FNDA:0,oo
FNDA:0,(anonymous_389)
FNDA:0,O
FNDA:0,(anonymous_391)
FNDA:0,io
FNDA:0,ao
FNDA:0,so
FNDA:0,(anonymous_395)
FNDA:0,f
FNDA:0,l
FNDA:0,(anonymous_398)
FNDA:0,(anonymous_399)
FNDA:0,p
FNDA:0,d
FNDA:0,h
FNDA:0,v
FNDA:0,m
FNDA:0,g
FNDA:0,_
FNDA:0,b
FNDA:0,w
FNDA:0,x
FNDA:0,(anonymous_410)
FNDA:0,n
FNDA:0,O
FNDA:0,C
FNDA:0,(anonymous_414)
FNDA:0,A
FNDA:0,k
FNDA:0,(anonymous_417)
FNDA:0,(anonymous_418)
FNDA:0,(anonymous_419)
FNDA:0,(anonymous_420)
FNDA:0,(anonymous_421)
FNDA:0,(anonymous_422)
FNDA:0,(anonymous_423)
FNDA:0,(anonymous_424)
FNDA:0,fo
FNDA:0,(anonymous_426)
FNDA:0,lo
FNDA:0,po
FNDA:0,(anonymous_429)
FNDA:0,ho
FNDA:0,vo
FNDA:0,yo
FNDA:0,mo
FNDA:0,go
FNDA:0,(anonymous_435)
FNDA:0,(anonymous_436)
FNDA:0,(anonymous_437)
FNDA:0,(anonymous_438)
FNDA:0,(anonymous_439)
FNDA:0,(anonymous_440)
FNDA:0,wo
FNDA:0,xo
FNDA:0,Oo
FNDA:0,(anonymous_444)
FNDA:0,(anonymous_445)
FNDA:0,(anonymous_446)
FNDA:0,(anonymous_447)
FNDA:0,(anonymous_448)
FNDA:0,(anonymous_449)
FNDA:0,(anonymous_450)
FNDA:0,(anonymous_451)
FNDA:0,So
FNDA:0,Eo
FNDA:0,To
FNDA:0,(anonymous_455)
FNDA:0,(anonymous_456)
FNDA:0,(anonymous_457)
FNDA:0,(anonymous_458)
FNDA:0,(anonymous_459)
FNDA:0,t
FNDA:0,(anonymous_461)
FNDA:0,(anonymous_462)
FNDA:0,(anonymous_463)
FNDA:0,(anonymous_464)
FNDA:0,(anonymous_465)
FNDA:0,(anonymous_466)
FNDA:0,(anonymous_467)
FNDA:0,(anonymous_468)
FNDA:0,(anonymous_469)
FNDA:0,(anonymous_470)
FNDA:0,(anonymous_471)
DA:8,0
DA:13,0
DA:17,0
DA:21,0
DA:32,0
DA:47,0
DA:53,0
DA:64,0
DA:68,0
DA:75,0
DA:76,0
DA:80,0
DA:91,0
DA:103,0
DA:104,0
DA:115,0
DA:116,0
DA:117,0
DA:118,0
DA:120,0
DA:121,0
DA:122,0
DA:128,0
DA:133,0
DA:139,0
DA:140,0
DA:141,0
DA:142,0
DA:150,0
DA:152,0
DA:159,0
DA:160,0
DA:162,0
DA:169,0
DA:170,0
DA:171,0
DA:177,0
DA:178,0
DA:184,0
DA:185,0
DA:186,0
DA:200,0
DA:201,0
DA:209,0
DA:213,0
DA:216,0
DA:224,0
DA:225,0
DA:226,0
DA:227,0
DA:228,0
DA:230,0
DA:237,0
DA:238,0
DA:240,0
DA:247,0
DA:248,0
DA:249,0
DA:253,0
DA:268,0
DA:275,0
DA:282,0
DA:283,0
DA:284,0
DA:285,0
DA:286,0
DA:287,0
DA:288,0
DA:289,0
DA:290,0
DA:291,0
DA:293,0
DA:294,0
DA:295,0
DA:296,0
DA:297,0
DA:298,0
DA:299,0
DA:303,0
DA:307,0
DA:309,0
DA:322,0
DA:323,0
DA:325,0
DA:332,0
DA:333,0
DA:334,0
DA:343,0
DA:349,0
DA:368,0
DA:469,0
DA:483,0
DA:494,0
DA:496,0
DA:499,0
DA:500,0
DA:501,0
DA:502,0
DA:503,0
DA:505,0
DA:512,0
DA:515,0
DA:516,0
DA:517,0
DA:518,0
DA:519,0
DA:520,0
DA:521,0
DA:522,0
DA:524,0
DA:529,0
DA:531,0
DA:532,0
DA:533,0
DA:534,0
DA:535,0
DA:538,0
DA:548,0
DA:559,0
DA:563,0
DA:567,0
DA:571,0
DA:578,0
DA:583,0
DA:586,0
DA:589,0
DA:592,0
DA:595,0
DA:601,0
DA:695,0
DA:701,0
DA:702,0
DA:706,0
DA:707,0
DA:711,0
DA:715,0
DA:722,0
DA:729,0
DA:730,0
DA:738,0
DA:741,0
DA:746,0
DA:752,0
DA:762,0
DA:787,0
DA:791,0
DA:792,0
DA:797,0
DA:800,0
DA:803,0
DA:807,0
DA:815,0
DA:837,0
DA:845,0
DA:846,0
DA:848,0
DA:863,0
DA:864,0
DA:865,0
DA:866,0
DA:868,0
DA:869,0
DA:871,0
DA:874,0
DA:875,0
DA:877,0
DA:883,0
DA:889,0
DA:895,0
DA:898,0
DA:907,0
DA:908,0
DA:929,0
DA:930,0
DA:931,0
DA:932,0
DA:940,0
DA:941,0
DA:953,0
DA:963,0
DA:964,0
DA:965,0
DA:975,0
DA:993,0
DA:1006,0
DA:1008,0
DA:1009,0
DA:1014,0
DA:1015,0
DA:1016,0
DA:1020,0
DA:1021,0
DA:1025,0
DA:1035,0
DA:1038,0
DA:1040,0
DA:1071,0
DA:1074,0
DA:1076,0
DA:1078,0
DA:1080,0
DA:1081,0
DA:1106,0
DA:1107,0
DA:1110,0
DA:1111,0
DA:1133,0
DA:1149,0
DA:1170,0
DA:1173,0
DA:1177,0
DA:1180,0
DA:1193,0
DA:1204,0
DA:1218,0
DA:1226,0
DA:1229,0
DA:1232,0
DA:1241,0
DA:1246,0
DA:1270,0
DA:1277,0
DA:1283,0
DA:1284,0
DA:1289,0
DA:1293,0
DA:1309,0
DA:1310,0
DA:1319,0
DA:1338,0
DA:1342,0
DA:1343,0
DA:1345,0
DA:1346,0
DA:1347,0
DA:1348,0
DA:1355,0
DA:1373,0
DA:1374,0
DA:1377,0
DA:1384,0
DA:1385,0
DA:1419,0
DA:1420,0
DA:1421,0
DA:1423,0
DA:1425,0
DA:1427,0
DA:1434,0
DA:1435,0
DA:1436,0
DA:1442,0
DA:1449,0
DA:1456,0
DA:1457,0
DA:1458,0
DA:1459,0
DA:1460,0
DA:1461,0
DA:1463,0
DA:1464,0
DA:1465,0
DA:1466,0
DA:1470,0
DA:1483,0
DA:1484,0
DA:1485,0
DA:1486,0
DA:1487,0
DA:1529,0
DA:1534,0
DA:1535,0
DA:1540,0
DA:1542,0
DA:1543,0
DA:1545,0
DA:1546,0
DA:1551,0
DA:1552,0
DA:1554,0
DA:1569,0
DA:1572,0
DA:1574,0
DA:1575,0
DA:1576,0
DA:1577,0
DA:1578,0
DA:1600,0
DA:1601,0
DA:1602,0
DA:1604,0
DA:1605,0
DA:1606,0
DA:1607,0
DA:1608,0
DA:1611,0
DA:1618,0
DA:1619,0
DA:1622,0
DA:1623,0
DA:1634,0
DA:1642,0
DA:1643,0
DA:1645,0
DA:1647,0
DA:1657,0
DA:1661,0
DA:1665,0
DA:1753,0
DA:1754,0
DA:1758,0
DA:1762,0
DA:1763,0
DA:1765,0
DA:1766,0
DA:1767,0
DA:1770,0
DA:1821,0
DA:1822,0
DA:1823,0
DA:1824,0
DA:1825,0
DA:1826,0
DA:1827,0
DA:1828,0
DA:1829,0
DA:1831,0
DA:1833,0
DA:1839,0
DA:1841,0
DA:1853,0
DA:1856,0
DA:1862,0
DA:1864,0
DA:1868,0
DA:1869,0
DA:1870,0
DA:1874,0
DA:1879,0
DA:1887,0
DA:1888,0
DA:1890,0
DA:1896,0
DA:1898,0
DA:1899,0
DA:1902,0
DA:1903,0
DA:1904,0
DA:1905,0
DA:1906,0
DA:1930,0
DA:1931,0
DA:1932,0
DA:1933,0
DA:1942,0
DA:1950,0
DA:1951,0
DA:1952,0
DA:1953,0
DA:1957,0
DA:1965,0
DA:1966,0
DA:1971,0
DA:1978,0
DA:1979,0
DA:1980,0
DA:1982,0
DA:1984,0
DA:1993,0
DA:1994,0
DA:1995,0
DA:2092,0
DA:2099,0
DA:2106,0
DA:2107,0
DA:2108,0
DA:2110,0
DA:2111,0
DA:2112,0
DA:2113,0
DA:2115,0
DA:2117,0
DA:2119,0
DA:2123,0
DA:2152,0
DA:2153,0
DA:2155,0
DA:2157,0
DA:2159,0
DA:2169,0
DA:2171,0
DA:2172,0
DA:2173,0
DA:2174,0
DA:2175,0
DA:2179,0
DA:2183,0
DA:2195,0
DA:2196,0
DA:2217,0
DA:2218,0
DA:2228,0
DA:2232,0
DA:2235,0
DA:2241,0
DA:2262,0
DA:2270,0
DA:2271,0
DA:2274,0
DA:2275,0
DA:2276,0
DA:2277,0
DA:2278,0
DA:2279,0
DA:2296,0
DA:2300,0
DA:2310,0
DA:2311,0
DA:2316,0
DA:2317,0
DA:2322,0
DA:2325,0
DA:2343,0
DA:2344,0
DA:2345,0
DA:2348,0
DA:2356,0
DA:2364,0
DA:2368,0
DA:2370,0
DA:2372,0
DA:2412,0
DA:2418,0
DA:2419,0
DA:2427,0
DA:2428,0
DA:2442,0
DA:2450,0
DA:2452,0
DA:2453,0
DA:2457,0
DA:2458,0
DA:2460,0
DA:2461,0
DA:2462,0
DA:2463,0
DA:2464,0
DA:2465,0
DA:2466,0
DA:2468,0
DA:2470,0
DA:2471,0
DA:2472,0
DA:2473,0
DA:2476,0
DA:2481,0
DA:2496,0
DA:2497,0
DA:2499,0
DA:2500,0
DA:2501,0
DA:2502,0
DA:2509,0
DA:2510,0
DA:2512,0
DA:2513,0
DA:2514,0
DA:2524,0
DA:2525,0
DA:2529,0
DA:2533,0
DA:2544,0
DA:2545,0
DA:2546,0
DA:2547,0
DA:2548,0
DA:2549,0
DA:2551,0
DA:2552,0
DA:2562,0
DA:2565,0
DA:2566,0
DA:2572,0
DA:2573,0
DA:2585,0
DA:2589,0
DA:2590,0
DA:2594,0
DA:2610,0
DA:2614,0
DA:2627,0
DA:2629,0
DA:2630,0
DA:2632,0
DA:2634,0
DA:2635,0
DA:2637,0
DA:2638,0
DA:2639,0
DA:2640,0
DA:2641,0
DA:2642,0
DA:2643,0
DA:2649,0
DA:2650,0
DA:2659,0
DA:2673,0
DA:2675,0
DA:2691,0
DA:2692,0
DA:2705,0
DA:2711,0
DA:2730,0
DA:2731,0
DA:2752,0
DA:2753,0
DA:2759,0
DA:2763,0
DA:2764,0
DA:2769,0
DA:2771,0
DA:2772,0
DA:2776,0
DA:2777,0
DA:2778,0
DA:2784,0
DA:2790,0
DA:2793,0
DA:2805,0
DA:2806,0
DA:2809,0
DA:2832,0
DA:2840,0
DA:2841,0
DA:2842,0
DA:2847,0
DA:2852,0
DA:2860,0
DA:2861,0
DA:2867,0
DA:2868,0
DA:2869,0
DA:2870,0
DA:2871,0
DA:2875,0
DA:2887,0
DA:2888,0
DA:2889,0
DA:2890,0
DA:2903,0
DA:2909,0
DA:2910,0
DA:2911,0
DA:2921,0
DA:2928,0
DA:2934,0
DA:2962,0
DA:2964,0
DA:2968,0
DA:2980,0
DA:2981,0
DA:2983,0
DA:2996,0
DA:3002,0
DA:3017,0
DA:3022,0
DA:3025,0
DA:3029,0
DA:3038,0
DA:3039,0
DA:3040,0
DA:3041,0
DA:3042,0
DA:3043,0
DA:3046,0
DA:3050,0
DA:3058,0
DA:3060,0
DA:3061,0
DA:3062,0
DA:3063,0
DA:3064,0
DA:3065,0
DA:3066,0
DA:3068,0
DA:3076,0
DA:3085,0
DA:3089,0
DA:3090,0
DA:3103,0
DA:3105,0
DA:3111,0
DA:3112,0
DA:3113,0
DA:3123,0
DA:3135,0
DA:3136,0
DA:3137,0
DA:3156,0
DA:3157,0
DA:3167,0
DA:3176,0
DA:3180,0
DA:3189,0
DA:3198,0
DA:3205,0
DA:3215,0
DA:3230,0
DA:3231,0
DA:3236,0
DA:3241,0
DA:3246,0
DA:3247,0
DA:3249,0
DA:3257,0
DA:3265,0
DA:3272,0
DA:3278,0
DA:3279,0
DA:3283,0
DA:3287,0
DA:3288,0
DA:3289,0
DA:3290,0
DA:3291,0
DA:3292,0
DA:3299,0
DA:3301,0
DA:3305,0
DA:3311,0
DA:3312,0
DA:3314,0
DA:3315,0
DA:3316,0
DA:3317,0
DA:3333,0
DA:3353,0
DA:3363,0
DA:3369,0
DA:3372,0
DA:3375,0
DA:3377,0
DA:3380,0
DA:3392,0
DA:3405,0
DA:3407,0
DA:3434,0
DA:3436,0
DA:3448,0
DA:3454,0
DA:3455,0
DA:3456,0
DA:3457,0
DA:3469,0
DA:3472,0
DA:3480,0
DA:3482,0
DA:3483,0
DA:3484,0
DA:3485,0
DA:3491,0
DA:3494,0
DA:3498,0
DA:3509,0
DA:3514,0
DA:3518,0
DA:3521,0
DA:3525,0
DA:3526,0
DA:3527,0
DA:3528,0
DA:3530,0
DA:3543,0
DA:3547,0
DA:3550,0
DA:3565,0
DA:3584,0
DA:3597,0
DA:3609,0
DA:3612,0
DA:3619,0
DA:3620,0
DA:3623,0
DA:3624,0
DA:3627,0
DA:3628,0
DA:3633,0
DA:3634,0
DA:3637,0
DA:3638,0
DA:3639,0
DA:3640,0
DA:3641,0
DA:3643,0
DA:3645,0
DA:3646,0
DA:3647,0
DA:3650,0
DA:3663,0
DA:3665,0
DA:3675,0
DA:3680,0
DA:3686,0
DA:3707,0
DA:3718,0
DA:3733,0
DA:3742,0
DA:3748,0
DA:3749,0
DA:3750,0
DA:3751,0
DA:3752,0
DA:3763,0
DA:3766,0
DA:3767,0
DA:3775,0
DA:3779,0
DA:3783,0
DA:3784,0
DA:3785,0
DA:3786,0
DA:3797,0
DA:3803,0
DA:3804,0
DA:3805,0
DA:3806,0
DA:3807,0
DA:3808,0
DA:3818,0
DA:3822,0
DA:3824,0
DA:3829,0
DA:3833,0
DA:3835,0
DA:3837,0
DA:3840,0
DA:3841,0
DA:3842,0
DA:3844,0
DA:3847,0
DA:3848,0
DA:3849,0
DA:3851,0
DA:3853,0
DA:3857,0
DA:3858,0
DA:3860,0
DA:3861,0
DA:3862,0
DA:3865,0
DA:3869,0
DA:3882,0
DA:3883,0
DA:3884,0
DA:3885,0
DA:3886,0
DA:3887,0
DA:3888,0
DA:3891,0
DA:3897,0
DA:3901,0
DA:3903,0
DA:3904,0
DA:3909,0
DA:3912,0
DA:3913,0
DA:3914,0
DA:3915,0
DA:3917,0
DA:3920,0
DA:3935,0
DA:3936,0
DA:3937,0
DA:3938,0
DA:3939,0
DA:3940,0
DA:3967,0
DA:3974,0
DA:3975,0
DA:3978,0
DA:3981,0
DA:3989,0
DA:3990,0
DA:3991,0
DA:3995,0
DA:4066,0
DA:4075,0
DA:4088,0
DA:4098,0
DA:4108,0
DA:4109,0
DA:4110,0
DA:4119,0
DA:4125,0
DA:4140,0
DA:4141,0
DA:4142,0
DA:4143,0
DA:4144,0
DA:4145,0
DA:4146,0
DA:4147,0
DA:4149,0
DA:4155,0
DA:4156,0
DA:4157,0
DA:4166,0
DA:4172,0
DA:4173,0
DA:4175,0
DA:4179,0
DA:4181,0
DA:4182,0
DA:4184,0
DA:4185,0
DA:4187,0
DA:4188,0
DA:4189,0
DA:4190,0
DA:4192,0
DA:4197,0
DA:4200,0
DA:4203,0
DA:4204,0
DA:4205,0
DA:4206,0
DA:4208,0
DA:4214,0
DA:4215,0
DA:4216,0
DA:4217,0
DA:4218,0
DA:4219,0
DA:4222,0
DA:4232,0
DA:4233,0
DA:4234,0
DA:4236,0
DA:4237,0
DA:4238,0
DA:4244,0
DA:4257,0
DA:4260,0
DA:4268,0
DA:4269,0
DA:4271,0
DA:4279,0
DA:4299,0
DA:4303,0
DA:4329,0
DA:4330,0
DA:4346,0
DA:4347,0
DA:4348,0
DA:4349,0
DA:4350,0
DA:4368,0
DA:4369,0
DA:4380,0
DA:4381,0
DA:4383,0
DA:4384,0
DA:4388,0
DA:4389,0
DA:4390,0
DA:4392,0
DA:4395,0
DA:4411,0
DA:4418,0
DA:4425,0
DA:4474,0
DA:4475,0
DA:4477,0
DA:4478,0
DA:4479,0
DA:4481,0
DA:4482,0
DA:4484,0
DA:4489,0
DA:4495,0
DA:4502,0
DA:4503,0
DA:4516,0
DA:4517,0
DA:4518,0
DA:4519,0
DA:4523,0
DA:4524,0
DA:4539,0
DA:4553,0
DA:4554,0
DA:4555,0
DA:4564,0
DA:4566,0
DA:4567,0
DA:4568,0
DA:4570,0
DA:4573,0
DA:4584,0
DA:4592,0
DA:4593,0
DA:4594,0
DA:4602,0
DA:4606,0
DA:4609,0
DA:4610,0
DA:4611,0
DA:4613,0
DA:4619,0
DA:4627,0
DA:4628,0
DA:4631,0
DA:4637,0
DA:4638,0
DA:4639,0
DA:4653,0
DA:4654,0
DA:4657,0
DA:4658,0
DA:4663,0
DA:4664,0
DA:4665,0
DA:4688,0
DA:4698,0
DA:4699,0
DA:4703,0
DA:4707,0
DA:4716,0
DA:4717,0
DA:4718,0
DA:4720,0
DA:4721,0
DA:4722,0
DA:4741,0
DA:4746,0
DA:4747,0
DA:4748,0
DA:4751,0
DA:4753,0
DA:4757,0
DA:4761,0
DA:4763,0
DA:4765,0
DA:4766,0
DA:4767,0
DA:4768,0
DA:4805,0
DA:4806,0
DA:4832,0
DA:4833,0
DA:4834,0
DA:4841,0
DA:4847,0
DA:4848,0
DA:4853,0
DA:4854,0
DA:4876,0
DA:4881,0
DA:4882,0
DA:4883,0
DA:4884,0
DA:4885,0
DA:4888,0
DA:4906,0
DA:4913,0
DA:4914,0
DA:4915,0
DA:4916,0
DA:4929,0
DA:4941,0
DA:4942,0
DA:4946,0
DA:4947,0
DA:4948,0
DA:4949,0
DA:4951,0
DA:4954,0
DA:4955,0
DA:4962,0
DA:4965,0
DA:4966,0
DA:4968,0
DA:5024,0
DA:5026,0
DA:5027,0
DA:5030,0
DA:5031,0
DA:5043,0
DA:5044,0
DA:5045,0
DA:5047,0
DA:5050,0
DA:5054,0
DA:5063,0
DA:5066,0
DA:5068,0
DA:5069,0
DA:5070,0
DA:5071,0
DA:5076,0
DA:5085,0
DA:5097,0
DA:5098,0
DA:5099,0
DA:5100,0
DA:5104,0
DA:5112,0
DA:5119,0
DA:5121,0
DA:5133,0
DA:5134,0
DA:5139,0
DA:5140,0
DA:5141,0
DA:5142,0
DA:5143,0
DA:5144,0
DA:5145,0
DA:5148,0
DA:5153,0
DA:5154,0
DA:5183,0
DA:5199,0
DA:5204,0
DA:5205,0
DA:5206,0
DA:5211,0
DA:5212,0
DA:5213,0
DA:5223,0
DA:5224,0
DA:5228,0
DA:5254,0
DA:5258,0
DA:5270,0
DA:5271,0
DA:5272,0
DA:5273,0
DA:5274,0
DA:5275,0
DA:5276,0
DA:5277,0
DA:5290,0
DA:5295,0
DA:5298,0
DA:5311,0
DA:5316,0
DA:5317,0
DA:5322,0
DA:5324,0
DA:5325,0
DA:5328,0
DA:5333,0
DA:5334,0
DA:5335,0
DA:5336,0
DA:5338,0
DA:5339,0
DA:5342,0
DA:5348,0
DA:5351,0
DA:5354,0
DA:5359,0
DA:5375,0
DA:5379,0
DA:5387,0
DA:5388,0
DA:5396,0
DA:5415,0
DA:5420,0
DA:5444,0
DA:5459,0
DA:5462,0
DA:5464,0
DA:5472,0
DA:5474,0
DA:5477,0
DA:5485,0
DA:5494,0
DA:5496,0
DA:5497,0
DA:5500,0
DA:5501,0
DA:5504,0
DA:5505,0
DA:5511,0
DA:5512,0
DA:5513,0
DA:5514,0
DA:5520,0
DA:5521,0
DA:5525,0
DA:5529,0
DA:5541,0
DA:5542,0
DA:5545,0
DA:5549,0
DA:5553,0
DA:5567,0
DA:5569,0
DA:5570,0
DA:5575,0
DA:5579,0
DA:5580,0
DA:5581,0
DA:5586,0
DA:5591,0
DA:5596,0
DA:5612,0
DA:5619,0
DA:5620,0
DA:5624,0
DA:5634,0
DA:5637,0
DA:5638,0
DA:5640,0
DA:5641,0
DA:5645,0
DA:5646,0
DA:5648,0
DA:5649,0
DA:5660,0
DA:5668,0
DA:5669,0
DA:5670,0
DA:5678,0
DA:5685,0
DA:5686,0
DA:5697,0
DA:5701,0
DA:5705,0
DA:5709,0
DA:5713,0
DA:5717,0
DA:5721,0
DA:5725,0
DA:5729,0
DA:5733,0
DA:5737,0
DA:5740,0
DA:5757,0
DA:5759,0
DA:5762,0
DA:5768,0
DA:5773,0
DA:5774,0
DA:5776,0
DA:5777,0
DA:5778,0
DA:5779,0
DA:5811,0
DA:5813,0
DA:5816,0
DA:5833,0
DA:5835,0
DA:5836,0
DA:5837,0
DA:5842,0
DA:5843,0
DA:5845,0
DA:5847,0
DA:5850,0
DA:5852,0
DA:5854,0
DA:5855,0
DA:5857,0
DA:5859,0
DA:5860,0
DA:5866,0
DA:5872,0
DA:5877,0
DA:5881,0
DA:5883,0
DA:5925,0
DA:5929,0
DA:5930,0
DA:5931,0
DA:5932,0
DA:5974,0
DA:5975,0
DA:5976,0
DA:5984,0
DA:5990,0
DA:5996,0
DA:6019,0
DA:6020,0
DA:6022,0
DA:6023,0
DA:6024,0
DA:6026,0
DA:6027,0
DA:6032,0
DA:6036,0
DA:6048,0
DA:6049,0
DA:6052,0
DA:6053,0
DA:6055,0
DA:6061,0
DA:6062,0
DA:6064,0
DA:6068,0
DA:6069,0
DA:6072,0
DA:6083,0
DA:6084,0
DA:6086,0
DA:6087,0
DA:6088,0
DA:6095,0
DA:6105,0
DA:6106,0
DA:6112,0
DA:6113,0
DA:6115,0
DA:6117,0
DA:6118,0
DA:6119,0
DA:6125,0
DA:6126,0
DA:6127,0
DA:6139,0
DA:6141,0
DA:6154,0
DA:6155,0
DA:6157,0
DA:6163,0
DA:6168,0
DA:6169,0
DA:6170,0
DA:6171,0
DA:6172,0
DA:6173,0
DA:6174,0
DA:6175,0
DA:6181,0
DA:6187,0
DA:6188,0
DA:6231,0
DA:6258,0
DA:6259,0
DA:6260,0
DA:6272,0
DA:6276,0
DA:6281,0
DA:6283,0
DA:6284,0
DA:6296,0
DA:6301,0
DA:6306,0
DA:6307,0
DA:6311,0
DA:6312,0
DA:6313,0
DA:6314,0
DA:6315,0
DA:6317,0
DA:6342,0
DA:6343,0
DA:6345,0
DA:6346,0
DA:6356,0
DA:6361,0
DA:6362,0
DA:6363,0
DA:6367,0
DA:6369,0
DA:6377,0
DA:6382,0
DA:6385,0
DA:6386,0
DA:6388,0
DA:6389,0
DA:6392,0
DA:6393,0
DA:6404,0
DA:6408,0
DA:6409,0
DA:6410,0
DA:6411,0
DA:6412,0
DA:6413,0
DA:6415,0
DA:6419,0
DA:6429,0
DA:6434,0
DA:6435,0
DA:6436,0
DA:6437,0
DA:6438,0
DA:6440,0
DA:6448,0
DA:6451,0
DA:6465,0
DA:6466,0
DA:6467,0
DA:6471,0
DA:6472,0
DA:6474,0
DA:6476,0
DA:6479,0
DA:6480,0
DA:6482,0
DA:6484,0
DA:6492,0
DA:6495,0
DA:6512,0
DA:6513,0
DA:6527,0
DA:6528,0
DA:6529,0
DA:6530,0
DA:6531,0
DA:6532,0
DA:6535,0
DA:6536,0
DA:6537,0
DA:6542,0
DA:6543,0
DA:6545,0
DA:6546,0
DA:6550,0
DA:6552,0
DA:6557,0
DA:6566,0
DA:6572,0
DA:6576,0
DA:6580,0
DA:6587,0
DA:6588,0
DA:6589,0
DA:6590,0
DA:6592,0
DA:6593,0
DA:6596,0
DA:6597,0
DA:6616,0
DA:6617,0
DA:6618,0
DA:6619,0
DA:6622,0
DA:6629,0
DA:6631,0
DA:6632,0
DA:6637,0
DA:6638,0
DA:6639,0
DA:6647,0
DA:6653,0
DA:6654,0
DA:6656,0
DA:6659,0
DA:6669,0
DA:6673,0
DA:6677,0
DA:6678,0
DA:6679,0
DA:6680,0
DA:6682,0
DA:6687,0
DA:6695,0
DA:6696,0
DA:6703,0
DA:6704,0
DA:6705,0
DA:6711,0
DA:6712,0
DA:6724,0
DA:6725,0
DA:6736,0
DA:6765,0
DA:6766,0
DA:6772,0
DA:6777,0
DA:6778,0
DA:6781,0
DA:6785,0
DA:6789,0
DA:6797,0
DA:6798,0
DA:6799,0
DA:6800,0
DA:6812,0
DA:6815,0
DA:6816,0
DA:6827,0
DA:6853,0
DA:6855,0
DA:6856,0
DA:6862,0
DA:6871,0
DA:6872,0
DA:6873,0
DA:6874,0
DA:6883,0
DA:6897,0
DA:6898,0
DA:6899,0
DA:6900,0
DA:6901,0
DA:6917,0
DA:6921,0
DA:6934,0
DA:6944,0
DA:6947,0
DA:6948,0
DA:6949,0
DA:6955,0
DA:6965,0
DA:6969,0
DA:6970,0
DA:6971,0
DA:6977,0
DA:6978,0
DA:6983,0
DA:6988,0
DA:6990,0
DA:6993,0
DA:6998,0
DA:7001,0
DA:7003,0
DA:7004,0
DA:7007,0
DA:7011,0
DA:7012,0
DA:7013,0
DA:7015,0
DA:7016,0
DA:7018,0
DA:7027,0
DA:7028,0
DA:7038,0
DA:7048,0
DA:7051,0
DA:7052,0
DA:7056,0
DA:7057,0
DA:7058,0
DA:7059,0
DA:7060,0
DA:7062,0
DA:7063,0
DA:7066,0
DA:7069,0
DA:7076,0
DA:7077,0
DA:7079,0
DA:7081,0
DA:7082,0
DA:7083,0
DA:7086,0
DA:7091,0
DA:7094,0
DA:7101,0
DA:7114,0
DA:7115,0
DA:7118,0
DA:7119,0
DA:7120,0
[...]
BRDA:5481,651,1,0
BRDA:5480,652,0,0
BRDA:5480,652,1,0
BRDA:6754,653,0,0
BRDA:6754,653,1,0
BRDA:6755,654,0,0
BRDA:6755,654,1,0
BRDA:6765,655,0,0
BRDA:6765,655,1,0
BRDA:6772,656,0,0
BRDA:6772,656,1,0
BRDA:6773,657,0,0
BRDA:6773,657,1,0
BRDA:6773,657,2,0
BRDA:6773,657,3,0
BRDA:6773,657,4,0
BRDA:6773,657,5,0
BRDA:6800,658,0,0
BRDA:6800,658,1,0
BRDA:6801,659,0,0
BRDA:6801,659,1,0
BRDA:6801,659,2,0
BRDA:6801,659,3,0
BRDA:6801,659,4,0
BRDA:6816,660,0,0
BRDA:6816,660,1,0
BRDA:6821,661,0,0
BRDA:6821,661,1,0
BRDA:6874,662,0,0
BRDA:6874,662,1,0
BRDA:6883,663,0,0
BRDA:6883,663,1,0
BRDA:6883,664,0,0
BRDA:6883,664,1,0
BRDA:6897,665,0,0
BRDA:6897,665,1,0
BRDA:6901,666,0,0
BRDA:6901,666,1,0
BRDA:6905,667,0,0
BRDA:6905,667,1,0
BRDA:6905,667,2,0
BRDA:6905,667,3,0
BRDA:6925,668,0,0
BRDA:6925,668,1,0
BRDA:6936,669,0,0
BRDA:6936,669,1,0
BRDA:6938,670,0,0
BRDA:6938,670,1,0
BRDA:6944,671,0,0
BRDA:6944,671,1,0
BRDA:6944,672,0,0
BRDA:6944,672,1,0
BRDA:6947,673,0,0
BRDA:6947,673,1,0
BRDA:6948,674,0,0
BRDA:6948,674,1,0
BRDA:6853,675,0,0
BRDA:6853,675,1,0
BRDA:6855,676,0,0
BRDA:6855,676,1,0
BRDA:6856,677,0,0
BRDA:6856,677,1,0
BRDA:6862,678,0,0
BRDA:6862,678,1,0
BRDA:6863,679,0,0
BRDA:6863,679,1,0
BRDA:6965,680,0,0
BRDA:6965,680,1,0
BRDA:6965,681,0,0
BRDA:6965,681,1,0
BRDA:6970,682,0,0
BRDA:6970,682,1,0
BRDA:6971,683,0,0
BRDA:6971,683,1,0
BRDA:6973,684,0,0
BRDA:6973,684,1,0
BRDA:6978,685,0,0
BRDA:6978,685,1,0
BRDA:6988,686,0,0
BRDA:6988,686,1,0
BRDA:6988,687,0,0
BRDA:6988,687,1,0
BRDA:6990,688,0,0
BRDA:6990,688,1,0
BRDA:6989,689,0,0
BRDA:6989,689,1,0
BRDA:6993,690,0,0
BRDA:6993,690,1,0
BRDA:6998,691,0,0
BRDA:6998,691,1,0
BRDA:6998,692,0,0
BRDA:6998,692,1,0
BRDA:7003,693,0,0
BRDA:7003,693,1,0
BRDA:7004,694,0,0
BRDA:7004,694,1,0
BRDA:7007,695,0,0
BRDA:7007,695,1,0
BRDA:7007,696,0,0
BRDA:7007,696,1,0
BRDA:7007,696,2,0
BRDA:7009,697,0,0
BRDA:7009,697,1,0
BRDA:7018,698,0,0
BRDA:7018,698,1,0
BRDA:7038,699,0,0
BRDA:7038,699,1,0
BRDA:7038,699,2,0
BRDA:7038,699,3,0
BRDA:7052,700,0,0
BRDA:7052,700,1,0
BRDA:7058,701,0,0
BRDA:7058,701,1,0
BRDA:7059,702,0,0
BRDA:7059,702,1,0
BRDA:7062,703,0,0
BRDA:7062,703,1,0
BRDA:7081,704,0,0
BRDA:7081,704,1,0
BRDA:7083,705,0,0
BRDA:7083,705,1,0
BRDA:7095,706,0,0
BRDA:7095,706,1,0
BRDA:7102,707,0,0
BRDA:7102,707,1,0
BRDA:7105,708,0,0
BRDA:7105,708,1,0
BRDA:7150,709,0,0
BRDA:7150,709,1,0
BRDA:7152,710,0,0
BRDA:7152,710,1,0
BRDA:7156,711,0,0
BRDA:7156,711,1,0
BRDA:7175,712,0,0
BRDA:7175,712,1,0
BRDA:7173,713,0,0
BRDA:7173,713,1,0
BRDA:7175,714,0,0
BRDA:7175,714,1,0
BRDA:7181,715,0,0
BRDA:7181,715,1,0
BRDA:7191,716,0,0
BRDA:7191,716,1,0
BRDA:7191,717,0,0
BRDA:7191,717,1,0
BRDA:7191,717,2,0
BRDA:7191,717,3,0
BRDA:7200,718,0,0
BRDA:7200,718,1,0
BRDA:7200,718,2,0
BRDA:7203,719,0,0
BRDA:7203,719,1,0
BRDA:7205,720,0,0
BRDA:7205,720,1,0
BRDA:7211,721,0,0
BRDA:7211,721,1,0
BRDA:7118,722,0,0
BRDA:7118,722,1,0
BRDA:7121,723,0,0
BRDA:7121,723,1,0
BRDA:7121,723,2,0
BRDA:7121,723,3,0
BRDA:7131,724,0,0
BRDA:7131,724,1,0
BRDA:7137,725,0,0
BRDA:7137,725,1,0
BRDA:7137,725,2,0
BRDA:7217,726,0,0
BRDA:7217,726,1,0
BRDA:7221,727,0,0
BRDA:7221,727,1,0
BRDA:7225,728,0,0
BRDA:7225,728,1,0
BRDA:7245,729,0,0
BRDA:7245,729,1,0
BRDA:7245,730,0,0
BRDA:7245,730,1,0
BRDA:7250,731,0,0
BRDA:7250,731,1,0
BRDA:7252,732,0,0
BRDA:7252,732,1,0
BRDA:7257,733,0,0
BRDA:7257,733,1,0
BRDA:7258,734,0,0
BRDA:7258,734,1,0
BRDA:7270,735,0,0
BRDA:7270,735,1,0
BRDA:7270,736,0,0
BRDA:7270,736,1,0
BRDA:7275,737,0,0
BRDA:7275,737,1,0
BRDA:7277,738,0,0
BRDA:7277,738,1,0
BRDA:7281,739,0,0
BRDA:7281,739,1,0
BRDA:7285,740,0,0
BRDA:7285,740,1,0
BRDA:7292,741,0,0
BRDA:7292,741,1,0
BRDA:7302,742,0,0
BRDA:7302,742,1,0
BRDA:7306,743,0,0
BRDA:7306,743,1,0
BRDA:7312,744,0,0
BRDA:7312,744,1,0
BRDA:7309,745,0,0
BRDA:7309,745,1,0
BRDA:7314,746,0,0
BRDA:7314,746,1,0
BRDA:7329,747,0,0
BRDA:7329,747,1,0
BRDA:7338,748,0,0
BRDA:7338,748,1,0
BRDA:7338,749,0,0
BRDA:7338,749,1,0
BRDA:7338,749,2,0
BRDA:7344,750,0,0
BRDA:7344,750,1,0
BRDA:7344,750,2,0
BRDA:7356,751,0,0
BRDA:7356,751,1,0
BRDA:7357,752,0,0
BRDA:7357,752,1,0
BRDA:7368,753,0,0
BRDA:7368,753,1,0
BRDA:7369,754,0,0
BRDA:7369,754,1,0
BRDA:7376,755,0,0
BRDA:7376,755,1,0
BRDA:7391,756,0,0
BRDA:7391,756,1,0
BRDA:7392,757,0,0
BRDA:7392,757,1,0
BRDA:7399,758,0,0
BRDA:7399,758,1,0
BRDA:7399,758,2,0
BRDA:7406,759,0,0
BRDA:7406,759,1,0
BRDA:7418,760,0,0
BRDA:7418,760,1,0
BRDA:7419,761,0,0
BRDA:7419,761,1,0
BRDA:7421,762,0,0
BRDA:7421,762,1,0
BRDA:7422,763,0,0
BRDA:7422,763,1,0
BRDA:7430,764,0,0
BRDA:7430,764,1,0
BRDA:7430,765,0,0
BRDA:7430,765,1,0
BRDA:7436,766,0,0
BRDA:7436,766,1,0
BRDA:7436,767,0,0
BRDA:7436,767,1,0
BRDA:7330,768,0,0
BRDA:7330,768,1,0
BRDA:7444,769,0,0
BRDA:7444,769,1,0
BRDA:7330,770,0,0
BRDA:7330,770,1,0
BRDA:7450,771,0,0
BRDA:7450,771,1,0
BRDA:7330,772,0,0
BRDA:7330,772,1,0
BRDA:7490,773,0,0
BRDA:7490,773,1,0
BRDA:7496,774,0,0
BRDA:7496,774,1,0
BRDA:7496,775,0,0
BRDA:7496,775,1,0
BRDA:7496,775,2,0
BRDA:7529,776,0,0
BRDA:7529,776,1,0
BRDA:7534,777,0,0
BRDA:7534,777,1,0
BRDA:7536,778,0,0
BRDA:7536,778,1,0
BRDA:7536,779,0,0
BRDA:7536,779,1,0
BRDA:7536,779,2,0
BRDA:7541,780,0,0
BRDA:7541,780,1,0
BRDA:7540,781,0,0
BRDA:7540,781,1,0
BRDA:7544,782,0,0
BRDA:7544,782,1,0
BRDA:7543,783,0,0
BRDA:7543,783,1,0
BRDA:7547,784,0,0
BRDA:7547,784,1,0
BRDA:7546,785,0,0
BRDA:7546,785,1,0
BRDA:7550,786,0,0
BRDA:7550,786,1,0
BRDA:7550,786,2,0
BRDA:7554,787,0,0
BRDA:7554,787,1,0
BRDA:7553,788,0,0
BRDA:7553,788,1,0
BRDA:7556,789,0,0
BRDA:7556,789,1,0
BRDA:7556,789,2,0
BRDA:7559,790,0,0
BRDA:7559,790,1,0
BRDA:7559,790,2,0
BRDA:7565,791,0,0
BRDA:7565,791,1,0
BRDA:7573,792,0,0
BRDA:7573,792,1,0
BRDA:7577,793,0,0
BRDA:7577,793,1,0
BRDA:7582,794,0,0
BRDA:7582,794,1,0
BRDA:7582,795,0,0
BRDA:7582,795,1,0
BRDA:7585,796,0,0
BRDA:7585,796,1,0
BRDA:7587,797,0,0
BRDA:7587,797,1,0
BRDA:7592,798,0,0
BRDA:7592,798,1,0
BRDA:7596,799,0,0
BRDA:7596,799,1,0
BRDA:7596,799,2,0
BRDA:7597,800,0,0
BRDA:7597,800,1,0
BRDA:7597,800,2,0
BRDA:7597,800,3,0
BRDA:7603,801,0,0
BRDA:7603,801,1,0
BRDA:7608,802,0,0
BRDA:7608,802,1,0
BRDA:7609,803,0,0
BRDA:7609,803,1,0
BRDA:7614,804,0,0
BRDA:7614,804,1,0
BRDA:7616,805,0,0
BRDA:7616,805,1,0
BRDA:7618,806,0,0
BRDA:7618,806,1,0
BRDA:7627,807,0,0
BRDA:7627,807,1,0
BRDA:7628,808,0,0
BRDA:7628,808,1,0
BRDA:7629,809,0,0
BRDA:7629,809,1,0
BRDA:7632,810,0,0
BRDA:7632,810,1,0
BRDA:7632,810,2,0
BRDA:7641,811,0,0
BRDA:7641,811,1,0
BRDA:7647,812,0,0
BRDA:7647,812,1,0
BRDA:7647,813,0,0
BRDA:7647,813,1,0
BRDA:7652,814,0,0
BRDA:7652,814,1,0
BRDA:7668,815,0,0
BRDA:7668,815,1,0
BRDA:7673,816,0,0
BRDA:7673,816,1,0
BRDA:7682,817,0,0
BRDA:7682,817,1,0
BRDA:7682,817,2,0
BRDA:7685,818,0,0
BRDA:7685,818,1,0
BRDA:7690,819,0,0
BRDA:7690,819,1,0
BRDA:7690,820,0,0
BRDA:7690,820,1,0
BRDA:7693,821,0,0
BRDA:7693,821,1,0
BRDA:7696,822,0,0
BRDA:7696,822,1,0
BRDA:7702,823,0,0
BRDA:7702,823,1,0
BRDA:7709,824,0,0
BRDA:7709,824,1,0
BRDA:7709,825,0,0
BRDA:7709,825,1,0
BRDA:7709,825,2,0
BRDA:7714,826,0,0
BRDA:7714,826,1,0
BRDA:7716,827,0,0
BRDA:7716,827,1,0
BRDA:7717,828,0,0
BRDA:7717,828,1,0
BRDA:7722,829,0,0
BRDA:7722,829,1,0
BRDA:7724,830,0,0
BRDA:7724,830,1,0
BRDA:7726,831,0,0
BRDA:7726,831,1,0
BRDA:7734,832,0,0
BRDA:7734,832,1,0
BRDA:7735,833,0,0
BRDA:7735,833,1,0
BRDA:7735,833,2,0
BRDA:7759,834,0,0
BRDA:7759,834,1,0
BRDA:7769,835,0,0
BRDA:7769,835,1,0
BRDA:7775,836,0,0
BRDA:7775,836,1,0
BRDA:7777,837,0,0
BRDA:7777,837,1,0
BRDA:7781,838,0,0
BRDA:7781,838,1,0
BRDA:7785,839,0,0
BRDA:7785,839,1,0
BRDA:5860,840,0,0
BRDA:5860,840,1,0
BRDA:5883,841,0,0
BRDA:5883,841,1,0
BRDA:5925,842,0,0
BRDA:5925,842,1,0
BRDA:5915,843,0,0
BRDA:5915,843,1,0
BRDA:5915,843,2,0
BRDA:5975,844,0,0
BRDA:5975,844,1,0
BRDA:5976,845,0,0
BRDA:5976,845,1,0
BRDA:5984,846,0,0
BRDA:5984,846,1,0
BRDA:5977,847,0,0
BRDA:5977,847,1,0
BRDA:5977,847,2,0
BRDA:5987,848,0,0
BRDA:5987,848,1,0
BRDA:6022,849,0,0
BRDA:6022,849,1,0
BRDA:6022,850,0,0
BRDA:6022,850,1,0
BRDA:5947,851,0,0
BRDA:5947,851,1,0
BRDA:5948,852,0,0
BRDA:5948,852,1,0
BRDA:5955,853,0,0
BRDA:5955,853,1,0
BRDA:5965,854,0,0
BRDA:5965,854,1,0
BRDA:5996,855,0,0
BRDA:5996,855,1,0
BRDA:6002,856,0,0
BRDA:6002,856,1,0
BRDA:6036,857,0,0
BRDA:6036,857,1,0
BRDA:6038,858,0,0
BRDA:6038,858,1,0
BRDA:6038,859,0,0
BRDA:6038,859,1,0
BRDA:6048,860,0,0
BRDA:6048,860,1,0
BRDA:6055,861,0,0
BRDA:6055,861,1,0
BRDA:6072,862,0,0
BRDA:6072,862,1,0
BRDA:6073,863,0,0
BRDA:6073,863,1,0
BRDA:6074,864,0,0
BRDA:6074,864,1,0
BRDA:6083,865,0,0
BRDA:6083,865,1,0
BRDA:6088,866,0,0
BRDA:6088,866,1,0
BRDA:6088,866,2,0
BRDA:6095,867,0,0
BRDA:6095,867,1,0
BRDA:6095,867,2,0
BRDA:6095,867,3,0
BRDA:6095,867,4,0
BRDA:6113,868,0,0
BRDA:6113,868,1,0
BRDA:6114,869,0,0
BRDA:6114,869,1,0
BRDA:6114,869,2,0
BRDA:6117,870,0,0
BRDA:6117,870,1,0
BRDA:6127,871,0,0
BRDA:6127,871,1,0
BRDA:6129,872,0,0
BRDA:6129,872,1,0
BRDA:6139,873,0,0
BRDA:6139,873,1,0
BRDA:6139,874,0,0
BRDA:6139,874,1,0
BRDA:6145,875,0,0
BRDA:6145,875,1,0
BRDA:5872,876,0,0
BRDA:5872,876,1,0
BRDA:6151,877,0,0
BRDA:6151,877,1,0
BRDA:6151,877,2,0
BRDA:6151,877,3,0
BRDA:6158,878,0,0
BRDA:6158,878,1,0
BRDA:6157,879,0,0
BRDA:6157,879,1,0
BRDA:6260,880,0,0
BRDA:6260,880,1,0
BRDA:6260,881,0,0
BRDA:6260,881,1,0
BRDA:6272,882,0,0
BRDA:6272,882,1,0
BRDA:6276,883,0,0
BRDA:6276,883,1,0
BRDA:6276,883,2,0
BRDA:6283,884,0,0
BRDA:6283,884,1,0
BRDA:6285,885,0,0
BRDA:6285,885,1,0
BRDA:6296,886,0,0
BRDA:6296,886,1,0
BRDA:6296,887,0,0
BRDA:6296,887,1,0
BRDA:6296,887,2,0
BRDA:6296,887,3,0
BRDA:6296,887,4,0
BRDA:6307,888,0,0
BRDA:6307,888,1,0
BRDA:6307,888,2,0
BRDA:6307,888,3,0
BRDA:6313,889,0,0
BRDA:6313,889,1,0
BRDA:6313,890,0,0
BRDA:6313,890,1,0
BRDA:6315,891,0,0
BRDA:6315,891,1,0
BRDA:6315,891,2,0
BRDA:6318,892,0,0
BRDA:6318,892,1,0
BRDA:6319,893,0,0
BRDA:6319,893,1,0
BRDA:6318,894,0,0
BRDA:6318,894,1,0
BRDA:6319,895,0,0
BRDA:6319,895,1,0
BRDA:6187,896,0,0
BRDA:6187,896,1,0
BRDA:6189,897,0,0
BRDA:6189,897,1,0
BRDA:6191,898,0,0
BRDA:6191,898,1,0
BRDA:6193,899,0,0
BRDA:6193,899,1,0
BRDA:6197,900,0,0
BRDA:6197,900,1,0
BRDA:6201,901,0,0
BRDA:6201,901,1,0
BRDA:6202,902,0,0
BRDA:6202,902,1,0
BRDA:6206,903,0,0
BRDA:6206,903,1,0
BRDA:6207,904,0,0
BRDA:6207,904,1,0
BRDA:6211,905,0,0
BRDA:6211,905,1,0
BRDA:6216,906,0,0
BRDA:6216,906,1,0
BRDA:6213,907,0,0
BRDA:6213,907,1,0
BRDA:6220,908,0,0
BRDA:6220,908,1,0
BRDA:6222,909,0,0
BRDA:6222,909,1,0
BRDA:6233,910,0,0
BRDA:6233,910,1,0
BRDA:6232,911,0,0
BRDA:6232,911,1,0
BRDA:6234,912,0,0
BRDA:6234,912,1,0
BRDA:6324,913,0,0
BRDA:6324,913,1,0
BRDA:6324,914,0,0
BRDA:6324,914,1,0
BRDA:6327,915,0,0
BRDA:6327,915,1,0
BRDA:6328,916,0,0
BRDA:6328,916,1,0
BRDA:6331,917,0,0
BRDA:6331,917,1,0
BRDA:6334,918,0,0
BRDA:6334,918,1,0
BRDA:6334,918,2,0
BRDA:6334,918,3,0
BRDA:6342,919,0,0
BRDA:6342,919,1,0
BRDA:6342,920,0,0
BRDA:6342,920,1,0
BRDA:6367,921,0,0
BRDA:6367,921,1,0
BRDA:6364,922,0,0
BRDA:6364,922,1,0
BRDA:6364,922,2,0
BRDA:6367,923,0,0
BRDA:6367,923,1,0
BRDA:6377,924,0,0
BRDA:6377,924,1,0
BRDA:6377,925,0,0
BRDA:6377,925,1,0
BRDA:6378,926,0,0
BRDA:6378,926,1,0
BRDA:6378,926,2,0
BRDA:6385,927,0,0
BRDA:6385,927,1,0
BRDA:6386,928,0,0
BRDA:6386,928,1,0
BRDA:6388,929,0,0
BRDA:6388,929,1,0
BRDA:6392,930,0,0
BRDA:6392,930,1,0
BRDA:6392,931,0,0
BRDA:6392,931,1,0
BRDA:6392,931,2,0
BRDA:6393,932,0,0
BRDA:6393,932,1,0
BRDA:6411,933,0,0
BRDA:6411,933,1,0
BRDA:6411,934,0,0
BRDA:6411,934,1,0
BRDA:6419,935,0,0
BRDA:6419,935,1,0
BRDA:6419,936,0,0
BRDA:6419,936,1,0
BRDA:6434,937,0,0
BRDA:6434,937,1,0
BRDA:6437,938,0,0
BRDA:6437,938,1,0
BRDA:6440,939,0,0
BRDA:6440,939,1,0
BRDA:6440,939,2,0
BRDA:6448,940,0,0
BRDA:6448,940,1,0
BRDA:6466,941,0,0
BRDA:6466,941,1,0
BRDA:6474,942,0,0
BRDA:6474,942,1,0
BRDA:6480,943,0,0
BRDA:6480,943,1,0
BRDA:6480,944,0,0
BRDA:6480,944,1,0
BRDA:6484,945,0,0
BRDA:6484,945,1,0
BRDA:6492,946,0,0
BRDA:6492,946,1,0
BRDA:6488,947,0,0
BRDA:6488,947,1,0
BRDA:6488,947,2,0
BRDA:6492,948,0,0
BRDA:6492,948,1,0
BRDA:6527,949,0,0
BRDA:6527,949,1,0
BRDA:6522,950,0,0
BRDA:6522,950,1,0
BRDA:6535,951,0,0
BRDA:6535,951,1,0
BRDA:6543,952,0,0
BRDA:6543,952,1,0
BRDA:6558,953,0,0
BRDA:6558,953,1,0
BRDA:6559,954,0,0
BRDA:6559,954,1,0
BRDA:6467,955,0,0
BRDA:6467,955,1,0
BRDA:7791,956,0,0
BRDA:7791,956,1,0
BRDA:7797,957,0,0
BRDA:7797,957,1,0
BRDA:7827,958,0,0
BRDA:7827,958,1,0
BRDA:7831,959,0,0
BRDA:7831,959,1,0
BRDA:7831,959,2,0
BRDA:7841,960,0,0
BRDA:7841,960,1,0
BRDA:7842,961,0,0
BRDA:7842,961,1,0
BRDA:7841,962,0,0
BRDA:7841,962,1,0
BRDA:7849,963,0,0
BRDA:7849,963,1,0
BRDA:7849,963,2,0
BRDA:7851,964,0,0
BRDA:7851,964,1,0
BRDA:7860,965,0,0
BRDA:7860,965,1,0
BRDA:7868,966,0,0
BRDA:7868,966,1,0
BRDA:7876,967,0,0
BRDA:7876,967,1,0
BRDA:7879,968,0,0
BRDA:7879,968,1,0
BRDA:7880,969,0,0
BRDA:7880,969,1,0
BRDA:7881,970,0,0
BRDA:7881,970,1,0
BRDA:7893,971,0,0
BRDA:7893,971,1,0
BRDA:7893,971,2,0
BRDA:7903,972,0,0
BRDA:7903,972,1,0
BRDA:7903,973,0,0
BRDA:7903,973,1,0
BRDA:7914,974,0,0
BRDA:7914,974,1,0
BRDA:7916,975,0,0
BRDA:7916,975,1,0
BRDA:7920,976,0,0
BRDA:7920,976,1,0
BRDA:7921,977,0,0
BRDA:7921,977,1,0
BRDA:7928,978,0,0
BRDA:7928,978,1,0
BRDA:7939,979,0,0
BRDA:7939,979,1,0
BRDA:7949,980,0,0
BRDA:7949,980,1,0
BRDA:7966,981,0,0
BRDA:7966,981,1,0
BRDA:7964,982,0,0
BRDA:7964,982,1,0
BRDA:7964,982,2,0
BRDA:7974,983,0,0
BRDA:7974,983,1,0
BRDA:7976,984,0,0
BRDA:7976,984,1,0
BRDA:7978,985,0,0
BRDA:7978,985,1,0
BRDA:7977,986,0,0
BRDA:7977,986,1,0
BRDA:7983,987,0,0
BRDA:7983,987,1,0
BRDA:7988,988,0,0
BRDA:7988,988,1,0
BRDA:7996,989,0,0
BRDA:7996,989,1,0
BRDA:7989,990,0,0
BRDA:7989,990,1,0
BRDA:7998,991,0,0
BRDA:7998,991,1,0
BRDA:8007,992,0,0
BRDA:8007,992,1,0
BRDA:8018,993,0,0
BRDA:8018,993,1,0
BRDA:8052,994,0,0
BRDA:8052,994,1,0
BRDA:8054,995,0,0
BRDA:8054,995,1,0
BRDA:8053,996,0,0
BRDA:8053,996,1,0
BRDA:8077,997,0,0
BRDA:8077,997,1,0
BRDA:8096,998,0,0
BRDA:8096,998,1,0
BRDA:8109,999,0,0
BRDA:8109,999,1,0
BRDA:8109,1000,0,0
BRDA:8109,1000,1,0
BRDA:8145,1001,0,0
BRDA:8145,1001,1,0
BRDA:8086,1002,0,0
BRDA:8086,1002,1,0
BRDA:8153,1003,0,0
BRDA:8153,1003,1,0
BRDA:8157,1004,0,0
BRDA:8157,1004,1,0
BRDA:8166,1005,0,0
BRDA:8166,1005,1,0
BRDA:8167,1006,0,0
BRDA:8167,1006,1,0
BRDA:8170,1007,0,0
BRDA:8170,1007,1,0
BRDA:8170,1008,0,0
BRDA:8170,1008,1,0
BRDA:8173,1009,0,0
BRDA:8173,1009,1,0
BRDA:8183,1010,0,0
BRDA:8183,1010,1,0
BRDA:8179,1011,0,0
BRDA:8179,1011,1,0
BRDA:8179,1011,2,0
BRDA:8184,1012,0,0
BRDA:8184,1012,1,0
BRDA:8184,1012,2,0
BRDA:8184,1012,3,0
BRDA:8184,1012,4,0
BRDA:8184,1012,5,0
BRDA:8093,1013,0,0
BRDA:8093,1013,1,0
BRDA:8195,1014,0,0
BRDA:8195,1014,1,0
BRDA:8203,1015,0,0
BRDA:8203,1015,1,0
BRDA:8204,1016,0,0
BRDA:8204,1016,1,0
BRDA:8362,1017,0,0
BRDA:8362,1017,1,0
BRDA:8366,1018,0,0
BRDA:8366,1018,1,0
BRDA:8380,1019,0,0
BRDA:8380,1019,1,0
BRDA:8380,1020,0,0
BRDA:8380,1020,1,0
BRDA:8251,1021,0,0
BRDA:8251,1021,1,0
BRDA:8251,1021,2,0
BRDA:8254,1022,0,0
BRDA:8254,1022,1,0
BRDA:8260,1023,0,0
BRDA:8260,1023,1,0
BRDA:8261,1024,0,0
BRDA:8261,1024,1,0
BRDA:8261,1025,0,0
BRDA:8261,1025,1,0
BRDA:8264,1026,0,0
BRDA:8264,1026,1,0
BRDA:8273,1027,0,0
BRDA:8273,1027,1,0
BRDA:8281,1028,0,0
BRDA:8281,1028,1,0
BRDA:8295,1029,0,0
BRDA:8295,1029,1,0
BRDA:8295,1030,0,0
BRDA:8295,1030,1,0
BRDA:8296,1031,0,0
BRDA:8296,1031,1,0
BRDA:8296,1031,2,0
BRDA:8312,1032,0,0
BRDA:8312,1032,1,0
BRDA:8318,1033,0,0
BRDA:8318,1033,1,0
BRDA:8318,1033,2,0
BRDA:8318,1033,3,0
BRDA:8318,1033,4,0
BRDA:8334,1034,0,0
BRDA:8334,1034,1,0
BRDA:8338,1035,0,0
BRDA:8338,1035,1,0
BRDA:8347,1036,0,0
BRDA:8347,1036,1,0
BRDA:5465,1037,0,0
BRDA:5465,1037,1,0
BRDA:5465,1037,2,0
BRDA:5465,1037,3,0
BRDA:5465,1037,4,0
BRDA:5465,1037,5,0
BRDA:5465,1037,6,0
BRDA:5465,1037,7,0
BRDA:5465,1037,8,0
BRDA:5625,1038,0,0
BRDA:5625,1038,1,0
BRDA:5630,1039,0,0
BRDA:5630,1039,1,0
BRDA:5637,1040,0,0
BRDA:5637,1040,1,0
BRDA:5640,1041,0,0
BRDA:5640,1041,1,0
BRDA:5645,1042,0,0
BRDA:5645,1042,1,0
BRDA:5651,1043,0,0
BRDA:5651,1043,1,0
BRDA:5652,1044,0,0
BRDA:5652,1044,1,0
BRDA:8407,1045,0,0
BRDA:8407,1045,1,0
BRDA:4023,1046,0,0
BRDA:4023,1046,1,0
BRDA:4075,1047,0,0
BRDA:4075,1047,1,0
BRDA:4075,1047,2,0
BRDA:4084,1048,0,0
BRDA:4084,1048,1,0
BRDA:5667,1049,0,0
BRDA:5667,1049,1,0
BRDA:8414,1050,0,0
BRDA:8414,1050,1,0
BRDA:5668,1051,0,0
BRDA:5668,1051,1,0
BRDA:5670,1052,0,0
BRDA:5670,1052,1,0
BRDA:8420,1053,0,0
BRDA:8420,1053,1,0
BRDA:8422,1054,0,0
BRDA:8422,1054,1,0
BRDA:8422,1054,2,0
BRF:2334
BRH:0
end_of_record
TN:
SF:dist/webpack:/src/main.ts
FN:13,(anonymous_804)
FNF:1
FNH:0
FNDA:0,(anonymous_804)
DA:7,0
DA:13,0
LF:2
LH:0
BRF:0
BRH:0
end_of_record
TN:
SF:dist/webpack:/src/views/App.vue
FNF:0
FNH:0
DA:8,0
DA:38,0
LF:2
LH:0
BRF:0
BRH:0
end_of_record
TN:
SF:dist/webpack:/src/views/App.vue?3ab7
FN:1,(anonymous_765)
FNF:1
FNH:0
FNDA:0,(anonymous_765)
DA:1,0
DA:2,0
DA:5,0
DA:8,0
LF:4
LH:0
BRDA:2,0,0,0
BRDA:2,0,1,0
BRF:2
BRH:0
end_of_record
TN:
SF:dist/webpack:/src/views/App.vue?d151
FN:11,(anonymous_799)
FNF:1
FNH:0
FNDA:0,(anonymous_799)
DA:12,0
LF:1
LH:0
BRDA:12,0,0,0
BRDA:12,0,1,0
BRDA:12,0,2,0
BRF:3
BRH:0
end_of_record
TN:
SF:dist/webpack:/src/views/home.vue
FNF:0
FNH:0
DA:10,0
DA:39,0
LF:2
LH:0
BRF:0
BRH:0
end_of_record
TN:
SF:dist/webpack:/src/views/home.vue?ad12
FN:1,(anonymous_759)
FNF:1
FNH:0
FNDA:0,(anonymous_759)
DA:1,0
DA:2,0
DA:5,0
DA:8,0
LF:4
LH:0
BRDA:2,0,0,0
BRDA:2,0,1,0
BRF:2
BRH:0
end_of_record
TN:
SF:dist/webpack:/src/views/home.vue?f9a9
FNF:0
FNH:0
DA:1,0
LF:1
LH:0
BRF:0
BRH:0
end_of_record
TN:
SF:dist/webpack:/src/views/test.vue
FNF:0
FNH:0
DA:8,0
DA:9,0
DA:39,0
LF:3
LH:0
BRF:0
BRH:0
end_of_record
TN:
SF:dist/webpack:/src/views/test.vue?3447
FNF:0
FNH:0
DA:1,0
LF:1
LH:0
BRF:0
BRH:0
end_of_record
TN:
SF:dist/webpack:/src/views/test.vue?8058
FN:1,(anonymous_760)
FNF:1
FNH:0
FNDA:0,(anonymous_760)
DA:1,0
DA:2,0
DA:5,0
DA:8,0
LF:4
LH:0
BRDA:2,0,0,0
BRDA:2,0,1,0
BRF:2
BRH:0
end_of_record
TN:
SF:dist/webpack:/webpack/bootstrap
FN:2,(anonymous_0)
FN:5,n
FN:36,(anonymous_2)
FN:43,(anonymous_3)
FN:55,(anonymous_4)
FN:62,(anonymous_5)
FN:67,(anonymous_6)
FN:69,(anonymous_7)
FN:70,(anonymous_8)
FN:76,(anonymous_9)
FNF:10
FNH:0
FNDA:0,(anonymous_0)
FNDA:0,n
FNDA:0,(anonymous_2)
FNDA:0,(anonymous_3)
FNDA:0,(anonymous_4)
FNDA:0,(anonymous_5)
FNDA:0,(anonymous_6)
FNDA:0,(anonymous_7)
FNDA:0,(anonymous_8)
FNDA:0,(anonymous_9)
DA:2,0
DA:8,0
DA:9,0
DA:12,0
DA:25,0
DA:30,0
DA:37,0
DA:44,0
DA:57,0
DA:58,0
DA:59,0
DA:62,0
DA:63,0
DA:68,0
DA:69,0
DA:70,0
DA:72,0
DA:76,0
LF:18
LH:0
BRDA:8,0,0,0
BRDA:8,0,1,0
BRDA:37,1,0,0
BRDA:37,1,1,0
BRDA:44,2,0,0
BRDA:44,2,1,0
BRDA:44,2,2,0
BRDA:57,3,0,0
BRDA:57,3,1,0
BRDA:56,4,0,0
BRDA:56,4,1,0
BRDA:58,5,0,0
BRDA:58,5,1,0
BRDA:58,6,0,0
BRDA:58,6,1,0
BRDA:58,6,2,0
BRDA:58,6,3,0
BRDA:62,7,0,0
BRDA:62,7,1,0
BRDA:62,8,0,0
BRDA:62,8,1,0
BRDA:69,9,0,0
BRDA:69,9,1,0
BRDA:68,10,0,0
BRDA:68,10,1,0
BRF:25
BRH:0
end_of_record
TN:
SF:src/component/myButton.vue
FN:11,(anonymous_1)
FNF:1
FNH:0
FNDA:0,(anonymous_1)
DA:12,0
LF:1
LH:0
BRF:0
BRH:0
end_of_record
TN:
SF:src/preset/request.js
FN:19,(anonymous_0)
FN:32,(anonymous_1)
FN:34,(anonymous_2)
FN:55,(anonymous_3)
FN:68,(anonymous_4)
FNF:5
FNH:0
FNDA:0,(anonymous_0)
FNDA:0,(anonymous_1)
FNDA:0,(anonymous_2)
FNDA:0,(anonymous_3)
FNDA:0,(anonymous_4)
DA:1,0
DA:2,0
DA:3,0
DA:4,0
DA:10,0
DA:19,0
DA:20,0
DA:21,0
DA:32,0
DA:33,0
DA:35,0
DA:44,0
DA:55,0
DA:56,0
DA:57,0
DA:68,0
DA:69,0
DA:70,0
LF:18
LH:0
BRDA:19,0,0,0
BRDA:19,1,0,0
BRDA:19,2,0,0
BRDA:19,3,0,0
BRDA:32,4,0,0
BRDA:32,5,0,0
BRDA:32,6,0,0
BRDA:32,7,0,0
BRDA:32,8,0,0
BRDA:55,9,0,0
BRDA:55,10,0,0
BRDA:55,11,0,0
BRDA:55,12,0,0
BRDA:55,13,0,0
BRDA:68,14,0,0
BRDA:68,15,0,0
BRDA:68,16,0,0
BRDA:68,17,0,0
BRDA:68,18,0,0
BRF:19
BRH:0
end_of_record
TN:
SF:src/preset/store.js
FN:11,(anonymous_0)
FN:16,(anonymous_1)
FNF:2
FNH:0
FNDA:0,(anonymous_0)
FNDA:0,(anonymous_1)
DA:4,0
DA:5,0
DA:17,0
LF:3
LH:0
BRF:0
BRH:0
end_of_record
TN:
SF:src/stories/myButton.stories.js
FN:7,(anonymous_0)
FN:13,(anonymous_1)
FNF:2
FNH:0
FNDA:0,(anonymous_0)
FNDA:0,(anonymous_1)
DA:7,0
DA:13,0
LF:2
LH:0
BRF:0
BRH:0
end_of_record
TN:
SF:src/views/App.vue
FN:11,(anonymous_2)
FNF:1
FNH:0
FNDA:0,(anonymous_2)
DA:8,0
DA:9,0
DA:11,0
DA:12,0
LF:4
LH:0
BRF:0
BRH:0
end_of_record
TN:
SF:src/views/home.vue
FNF:0
FNH:0
DA:9,0
LF:1
LH:0
BRF:0
BRH:0
end_of_record
TN:
SF:src/views/test.vue
FNF:0
FNH:0
DA:8,1
LF:1
LH:1
BRF:0
BRH:0
end_of_record
