TN:
SF:src/api/user.ts
FN:3,login
FN:11,getInfo
FN:19,logout
FNF:3
FNH:0
FNDA:0,login
FNDA:0,getInfo
FNDA:0,logout
DA:1,2
DA:3,2
DA:4,0
DA:11,2
DA:12,0
DA:19,2
DA:20,0
LF:7
LH:4
BRF:0
BRH:0
end_of_record
TN:
SF:src/components/upload.vue
FN:23,(anonymous_2)
FN:37,(anonymous_4)
FN:41,(anonymous_5)
FN:47,(anonymous_6)
FN:54,(anonymous_7)
FN:60,(anonymous_8)
FNF:6
FNH:1
FNDA:2,(anonymous_2)
FNDA:0,(anonymous_4)
FNDA:0,(anonymous_5)
FNDA:0,(anonymous_6)
FNDA:0,(anonymous_7)
FNDA:0,(anonymous_8)
DA:14,1
DA:15,1
DA:16,1
DA:17,1
DA:23,1
DA:26,1
DA:30,1
DA:34,1
DA:37,1
DA:38,0
DA:39,0
DA:40,0
DA:41,0
DA:42,0
DA:47,0
DA:48,0
DA:49,0
DA:50,0
DA:51,0
DA:53,0
DA:55,0
DA:60,1
DA:61,0
DA:62,0
DA:63,0
DA:65,0
DA:67,1
LF:27
LH:11
BRDA:50,0,0,0
BRDA:50,0,1,0
BRDA:62,1,0,0
BRDA:62,1,1,0
BRF:4
BRH:0
end_of_record
TN:
SF:src/store/index.ts
FNF:0
FNH:0
DA:1,2
DA:2,2
DA:3,2
DA:4,2
DA:6,2
DA:8,2
LF:6
LH:6
BRF:0
BRH:0
end_of_record
TN:
SF:src/store/leftMenu.ts
FN:4,(anonymous_0)
FN:11,(anonymous_1)
FN:15,(anonymous_2)
FN:20,(anonymous_3)
FN:27,(anonymous_4)
FN:30,(anonymous_5)
FN:33,(anonymous_6)
FN:39,(anonymous_7)
FN:40,(anonymous_8)
FNF:9
FNH:1
FNDA:2,(anonymous_0)
FNDA:0,(anonymous_1)
FNDA:0,(anonymous_2)
FNDA:0,(anonymous_3)
FNDA:0,(anonymous_4)
FNDA:0,(anonymous_5)
FNDA:0,(anonymous_6)
FNDA:0,(anonymous_7)
FNDA:0,(anonymous_8)
DA:1,2
DA:2,2
DA:3,2
DA:4,2
DA:5,2
DA:10,2
DA:12,0
DA:13,0
DA:16,0
DA:17,0
DA:18,0
DA:21,0
DA:22,0
DA:26,2
DA:27,0
DA:28,0
DA:30,0
DA:31,0
DA:33,0
DA:34,0
DA:38,2
DA:39,0
DA:40,0
DA:43,2
LF:24
LH:9
BRF:0
BRH:0
end_of_record
TN:
SF:src/store/user.ts
FN:4,(anonymous_0)
FN:15,(anonymous_1)
FN:18,(anonymous_2)
FN:21,(anonymous_3)
FN:24,(anonymous_4)
FN:31,(anonymous_5)
FN:33,(anonymous_6)
FN:34,(anonymous_7)
FN:39,(anonymous_8)
FN:45,(anonymous_9)
FN:46,(anonymous_10)
FN:47,(anonymous_11)
FN:58,(anonymous_12)
FN:65,(anonymous_13)
FN:66,(anonymous_14)
FN:75,(anonymous_15)
FNF:16
FNH:1
FNDA:2,(anonymous_0)
FNDA:0,(anonymous_1)
FNDA:0,(anonymous_2)
FNDA:0,(anonymous_3)
FNDA:0,(anonymous_4)
FNDA:0,(anonymous_5)
FNDA:0,(anonymous_6)
FNDA:0,(anonymous_7)
FNDA:0,(anonymous_8)
FNDA:0,(anonymous_9)
FNDA:0,(anonymous_10)
FNDA:0,(anonymous_11)
FNDA:0,(anonymous_12)
FNDA:0,(anonymous_13)
FNDA:0,(anonymous_14)
FNDA:0,(anonymous_15)
DA:1,2
DA:2,2
DA:4,2
DA:5,2
DA:12,2
DA:14,2
DA:16,0
DA:19,0
DA:22,0
DA:25,0
DA:29,2
DA:31,0
DA:32,0
DA:33,0
DA:34,0
DA:35,0
DA:36,0
DA:37,0
DA:38,0
DA:40,0
DA:45,0
DA:46,0
DA:47,0
DA:48,0
DA:50,0
DA:51,0
DA:53,0
DA:55,0
DA:56,0
DA:57,0
DA:59,0
DA:65,0
DA:66,0
DA:67,0
DA:68,0
DA:69,0
DA:74,2
DA:75,0
DA:78,2
LF:39
LH:9
BRDA:50,0,0,0
BRDA:50,0,1,0
BRF:2
BRH:0
end_of_record
TN:
SF:src/utils/auth.ts
FN:4,getToken
FN:8,setToken
FN:12,removeToken
FNF:3
FNH:3
FNDA:5,getToken
FNDA:2,setToken
FNDA:1,removeToken
DA:1,3
DA:2,3
DA:4,3
DA:5,5
DA:8,3
DA:9,2
DA:12,3
DA:13,1
LF:8
LH:8
BRDA:5,0,0,5
BRDA:5,0,1,4
BRF:2
BRH:2
end_of_record
TN:
SF:src/utils/config.ts
FNF:0
FNH:0
DA:1,2
DA:2,2
DA:4,2
LF:3
LH:3
BRF:0
BRH:0
end_of_record
TN:
SF:src/utils/localStore.ts
FN:1,setLocalStore
FN:9,getLocalStore
FN:23,removeLocalStore
FN:26,clearLocalStore
FNF:4
FNH:4
FNDA:2,setLocalStore
FNDA:8,getLocalStore
FNDA:1,removeLocalStore
FNDA:1,clearLocalStore
DA:1,4
DA:2,2
DA:7,2
DA:9,3
DA:10,8
DA:11,8
DA:12,7
DA:13,0
DA:15,7
DA:17,1
DA:18,1
DA:19,1
DA:21,0
DA:23,3
DA:24,1
DA:26,3
DA:27,1
LF:17
LH:15
BRDA:1,0,0,2
BRDA:1,0,1,0
BRDA:11,1,0,7
BRDA:11,1,1,1
BRDA:12,2,0,0
BRDA:12,2,1,7
BRDA:18,3,0,1
BRDA:18,3,1,0
BRDA:18,4,0,1
BRDA:18,4,1,1
BRF:10
BRH:7
end_of_record
TN:
SF:src/utils/request.ts
FN:12,(anonymous_0)
FN:18,(anonymous_1)
FN:22,(anonymous_2)
FN:40,(anonymous_3)
FN:41,(anonymous_4)
FN:51,(anonymous_5)
FNF:6
FNH:2
FNDA:1,(anonymous_0)
FNDA:0,(anonymous_1)
FNDA:1,(anonymous_2)
FNDA:0,(anonymous_3)
FNDA:0,(anonymous_4)
FNDA:0,(anonymous_5)
DA:1,2
DA:2,2
DA:3,2
DA:4,2
DA:5,2
DA:7,2
DA:12,2
DA:13,1
DA:14,1
DA:15,0
DA:17,1
DA:19,0
DA:22,2
DA:23,2
DA:26,1
DA:27,0
DA:34,0
DA:36,0
DA:41,0
DA:42,0
DA:46,0
DA:48,1
DA:52,0
DA:57,0
DA:60,2
LF:25
LH:15
BRDA:14,0,0,0
BRDA:14,0,1,1
BRDA:26,1,0,0
BRDA:26,1,1,1
BRDA:26,2,0,1
BRDA:26,2,1,0
BRDA:28,3,0,0
BRDA:28,3,1,0
BRDA:34,4,0,0
BRDA:34,4,1,0
BRDA:34,5,0,0
BRDA:34,5,1,0
BRDA:34,5,2,0
BRDA:46,6,0,0
BRDA:46,6,1,0
BRF:15
BRH:3
end_of_record
